
*** Running vivado
    with args -log Pokemon_Top.vds -m64 -product Vivado -mode batch -messageDb vivado.pb -notrace -source Pokemon_Top.tcl



****** Vivado v2022.2 (64-bit)
  **** SW Build 3671981 on Fri Oct 14 05:00:03 MDT 2022
  **** IP Build 3669848 on Fri Oct 14 08:30:02 MDT 2022
    ** Copyright 1986-2022 Xilinx, Inc. All Rights Reserved.

source Pokemon_Top.tcl -notrace
create_project: Time (s): cpu = 00:00:09 ; elapsed = 00:00:13 . Memory (MB): peak = 372.879 ; gain = 68.117
INFO: [IP_Flow 19-234] Refreshing IP repositories
INFO: [IP_Flow 19-1700] Loaded user IP repository 'c:/Users/klok1/Documents/ECE385_Pokemon/ip_repo/hdmi_tx_1.0'.
INFO: [IP_Flow 19-1700] Loaded user IP repository 'c:/Users/klok1/Documents/ECE385_Pokemon/ip_repo/hdmi_text_controller_1_0'.
INFO: [IP_Flow 19-2313] Loaded Vivado IP repository 'C:/Xilinx/Vivado/2022.2/data/ip'.
add_files: Time (s): cpu = 00:00:04 ; elapsed = 00:00:10 . Memory (MB): peak = 413.555 ; gain = 15.793
Command: read_checkpoint -auto_incremental -incremental C:/Users/klok1/Documents/ECE385_Pokemon/ECE385_Pokemon.srcs/utils_1/imports/synth_1/Pokemon_Top.dcp
INFO: [Vivado 12-5825] Read reference checkpoint from C:/Users/klok1/Documents/ECE385_Pokemon/ECE385_Pokemon.srcs/utils_1/imports/synth_1/Pokemon_Top.dcp for incremental synthesis
INFO: [Vivado 12-7989] Please ensure there are no constraint changes
Command: synth_design -top Pokemon_Top -part xc7s50csga324-1
Starting synth_design
Attempting to get a license for feature 'Synthesis' and/or device 'xc7s50'
INFO: [Common 17-349] Got license for feature 'Synthesis' and/or device 'xc7s50'
INFO: [Device 21-403] Loading part xc7s50csga324-1
INFO: [Designutils 20-5440] No compile time benefit to using incremental synthesis; A full resynthesis will be run
INFO: [Designutils 20-4379] Flow is switching to default flow due to incremental criteria not met. If you would like to alter this behaviour and have the flow terminate instead, please set the following parameter config_implementation {autoIncr.Synth.RejectBehavior Terminate}
INFO: [Synth 8-7079] Multithreading enabled for synth_design using a maximum of 2 processes.
INFO: [Synth 8-7078] Launching helper process for spawning children vivado processes
INFO: [Synth 8-7075] Helper process launched with PID 94600
INFO: [Synth 8-11241] undeclared symbol 'REGCCE', assumed default net type 'wire' [C:/Xilinx/Vivado/2022.2/data/verilog/src/unimacro/BRAM_SINGLE_MACRO.v:2170]
---------------------------------------------------------------------------------
Starting RTL Elaboration : Time (s): cpu = 00:00:13 ; elapsed = 00:00:14 . Memory (MB): peak = 1219.863 ; gain = 410.035
---------------------------------------------------------------------------------
INFO: [Synth 8-6157] synthesizing module 'Pokemon_Top' [C:/Users/klok1/Documents/ECE385_Pokemon/ECE385_Pokemon.srcs/sources_1/new/Pokemon_Top.sv:1]
INFO: [Synth 8-6157] synthesizing module 'HexDriver' [C:/Users/klok1/Documents/ECE385_Pokemon/Provided Code/design_source/hex.sv:1]
INFO: [Synth 8-6157] synthesizing module 'nibble_to_hex' [C:/Users/klok1/Documents/ECE385_Pokemon/Provided Code/design_source/hex.sv:11]
INFO: [Synth 8-6155] done synthesizing module 'nibble_to_hex' (0#1) [C:/Users/klok1/Documents/ECE385_Pokemon/Provided Code/design_source/hex.sv:11]
INFO: [Synth 8-6157] synthesizing module 'nibble_to_hex' [C:/Users/klok1/Documents/ECE385_Pokemon/Provided Code/design_source/hex.sv:11]
INFO: [Synth 8-6155] done synthesizing module 'nibble_to_hex' (0#1) [C:/Users/klok1/Documents/ECE385_Pokemon/Provided Code/design_source/hex.sv:11]
INFO: [Synth 8-6157] synthesizing module 'nibble_to_hex' [C:/Users/klok1/Documents/ECE385_Pokemon/Provided Code/design_source/hex.sv:11]
INFO: [Synth 8-6155] done synthesizing module 'nibble_to_hex' (0#1) [C:/Users/klok1/Documents/ECE385_Pokemon/Provided Code/design_source/hex.sv:11]
INFO: [Synth 8-6157] synthesizing module 'nibble_to_hex' [C:/Users/klok1/Documents/ECE385_Pokemon/Provided Code/design_source/hex.sv:11]
INFO: [Synth 8-6155] done synthesizing module 'nibble_to_hex' (0#1) [C:/Users/klok1/Documents/ECE385_Pokemon/Provided Code/design_source/hex.sv:11]
INFO: [Synth 8-6155] done synthesizing module 'HexDriver' (0#1) [C:/Users/klok1/Documents/ECE385_Pokemon/Provided Code/design_source/hex.sv:1]
INFO: [Synth 8-6157] synthesizing module 'mb_block' [c:/Users/klok1/Documents/ECE385_Pokemon/ECE385_Pokemon.gen/sources_1/bd/mb_block/synth/mb_block.v:1346]
INFO: [Synth 8-6157] synthesizing module 'mb_block_axi_uartlite_0_0' [C:/Users/klok1/Documents/ECE385_Pokemon/ECE385_Pokemon.runs/synth_1/.Xil/Vivado-91460-LAPTOP-ULS54KHE/realtime/mb_block_axi_uartlite_0_0_stub.v:5]
INFO: [Synth 8-6155] done synthesizing module 'mb_block_axi_uartlite_0_0' (0#1) [C:/Users/klok1/Documents/ECE385_Pokemon/ECE385_Pokemon.runs/synth_1/.Xil/Vivado-91460-LAPTOP-ULS54KHE/realtime/mb_block_axi_uartlite_0_0_stub.v:5]
INFO: [Synth 8-6157] synthesizing module 'mb_block_clk_wiz_1_0' [C:/Users/klok1/Documents/ECE385_Pokemon/ECE385_Pokemon.runs/synth_1/.Xil/Vivado-91460-LAPTOP-ULS54KHE/realtime/mb_block_clk_wiz_1_0_stub.v:5]
INFO: [Synth 8-6155] done synthesizing module 'mb_block_clk_wiz_1_0' (0#1) [C:/Users/klok1/Documents/ECE385_Pokemon/ECE385_Pokemon.runs/synth_1/.Xil/Vivado-91460-LAPTOP-ULS54KHE/realtime/mb_block_clk_wiz_1_0_stub.v:5]
INFO: [Synth 8-6157] synthesizing module 'mb_block_axi_gpio_0_3' [C:/Users/klok1/Documents/ECE385_Pokemon/ECE385_Pokemon.runs/synth_1/.Xil/Vivado-91460-LAPTOP-ULS54KHE/realtime/mb_block_axi_gpio_0_3_stub.v:5]
INFO: [Synth 8-6155] done synthesizing module 'mb_block_axi_gpio_0_3' (0#1) [C:/Users/klok1/Documents/ECE385_Pokemon/ECE385_Pokemon.runs/synth_1/.Xil/Vivado-91460-LAPTOP-ULS54KHE/realtime/mb_block_axi_gpio_0_3_stub.v:5]
INFO: [Synth 8-6157] synthesizing module 'mb_block_axi_gpio_0_1' [C:/Users/klok1/Documents/ECE385_Pokemon/ECE385_Pokemon.runs/synth_1/.Xil/Vivado-91460-LAPTOP-ULS54KHE/realtime/mb_block_axi_gpio_0_1_stub.v:5]
INFO: [Synth 8-6155] done synthesizing module 'mb_block_axi_gpio_0_1' (0#1) [C:/Users/klok1/Documents/ECE385_Pokemon/ECE385_Pokemon.runs/synth_1/.Xil/Vivado-91460-LAPTOP-ULS54KHE/realtime/mb_block_axi_gpio_0_1_stub.v:5]
INFO: [Synth 8-6157] synthesizing module 'mb_block_axi_gpio_0_2' [C:/Users/klok1/Documents/ECE385_Pokemon/ECE385_Pokemon.runs/synth_1/.Xil/Vivado-91460-LAPTOP-ULS54KHE/realtime/mb_block_axi_gpio_0_2_stub.v:5]
INFO: [Synth 8-6155] done synthesizing module 'mb_block_axi_gpio_0_2' (0#1) [C:/Users/klok1/Documents/ECE385_Pokemon/ECE385_Pokemon.runs/synth_1/.Xil/Vivado-91460-LAPTOP-ULS54KHE/realtime/mb_block_axi_gpio_0_2_stub.v:5]
INFO: [Synth 8-6157] synthesizing module 'mb_block_axi_gpio_0_0' [C:/Users/klok1/Documents/ECE385_Pokemon/ECE385_Pokemon.runs/synth_1/.Xil/Vivado-91460-LAPTOP-ULS54KHE/realtime/mb_block_axi_gpio_0_0_stub.v:5]
INFO: [Synth 8-6155] done synthesizing module 'mb_block_axi_gpio_0_0' (0#1) [C:/Users/klok1/Documents/ECE385_Pokemon/ECE385_Pokemon.runs/synth_1/.Xil/Vivado-91460-LAPTOP-ULS54KHE/realtime/mb_block_axi_gpio_0_0_stub.v:5]
INFO: [Synth 8-6157] synthesizing module 'mb_block_axi_gpio_0_4' [C:/Users/klok1/Documents/ECE385_Pokemon/ECE385_Pokemon.runs/synth_1/.Xil/Vivado-91460-LAPTOP-ULS54KHE/realtime/mb_block_axi_gpio_0_4_stub.v:5]
INFO: [Synth 8-6155] done synthesizing module 'mb_block_axi_gpio_0_4' (0#1) [C:/Users/klok1/Documents/ECE385_Pokemon/ECE385_Pokemon.runs/synth_1/.Xil/Vivado-91460-LAPTOP-ULS54KHE/realtime/mb_block_axi_gpio_0_4_stub.v:5]
INFO: [Synth 8-6157] synthesizing module 'mb_block_hdmi_text_controller_0_1' [C:/Users/klok1/Documents/ECE385_Pokemon/ECE385_Pokemon.runs/synth_1/.Xil/Vivado-91460-LAPTOP-ULS54KHE/realtime/mb_block_hdmi_text_controller_0_1_stub.v:5]
INFO: [Synth 8-6155] done synthesizing module 'mb_block_hdmi_text_controller_0_1' (0#1) [C:/Users/klok1/Documents/ECE385_Pokemon/ECE385_Pokemon.runs/synth_1/.Xil/Vivado-91460-LAPTOP-ULS54KHE/realtime/mb_block_hdmi_text_controller_0_1_stub.v:5]
INFO: [Synth 8-6157] synthesizing module 'mb_block_mdm_1_0' [C:/Users/klok1/Documents/ECE385_Pokemon/ECE385_Pokemon.runs/synth_1/.Xil/Vivado-91460-LAPTOP-ULS54KHE/realtime/mb_block_mdm_1_0_stub.v:5]
INFO: [Synth 8-6155] done synthesizing module 'mb_block_mdm_1_0' (0#1) [C:/Users/klok1/Documents/ECE385_Pokemon/ECE385_Pokemon.runs/synth_1/.Xil/Vivado-91460-LAPTOP-ULS54KHE/realtime/mb_block_mdm_1_0_stub.v:5]
INFO: [Synth 8-6157] synthesizing module 'mb_block_microblaze_0_0' [C:/Users/klok1/Documents/ECE385_Pokemon/ECE385_Pokemon.runs/synth_1/.Xil/Vivado-91460-LAPTOP-ULS54KHE/realtime/mb_block_microblaze_0_0_stub.v:5]
INFO: [Synth 8-6155] done synthesizing module 'mb_block_microblaze_0_0' (0#1) [C:/Users/klok1/Documents/ECE385_Pokemon/ECE385_Pokemon.runs/synth_1/.Xil/Vivado-91460-LAPTOP-ULS54KHE/realtime/mb_block_microblaze_0_0_stub.v:5]
INFO: [Synth 8-6157] synthesizing module 'mb_block_microblaze_0_axi_intc_0' [C:/Users/klok1/Documents/ECE385_Pokemon/ECE385_Pokemon.runs/synth_1/.Xil/Vivado-91460-LAPTOP-ULS54KHE/realtime/mb_block_microblaze_0_axi_intc_0_stub.v:5]
INFO: [Synth 8-6155] done synthesizing module 'mb_block_microblaze_0_axi_intc_0' (0#1) [C:/Users/klok1/Documents/ECE385_Pokemon/ECE385_Pokemon.runs/synth_1/.Xil/Vivado-91460-LAPTOP-ULS54KHE/realtime/mb_block_microblaze_0_axi_intc_0_stub.v:5]
INFO: [Synth 8-6157] synthesizing module 'mb_block_microblaze_0_axi_periph_0' [c:/Users/klok1/Documents/ECE385_Pokemon/ECE385_Pokemon.gen/sources_1/bd/mb_block/synth/mb_block.v:2221]
INFO: [Synth 8-6157] synthesizing module 'm00_couplers_imp_1TK4492' [c:/Users/klok1/Documents/ECE385_Pokemon/ECE385_Pokemon.gen/sources_1/bd/mb_block/synth/mb_block.v:12]
INFO: [Synth 8-6155] done synthesizing module 'm00_couplers_imp_1TK4492' (0#1) [c:/Users/klok1/Documents/ECE385_Pokemon/ECE385_Pokemon.gen/sources_1/bd/mb_block/synth/mb_block.v:12]
INFO: [Synth 8-6157] synthesizing module 'm01_couplers_imp_UT2LJ' [c:/Users/klok1/Documents/ECE385_Pokemon/ECE385_Pokemon.gen/sources_1/bd/mb_block/synth/mb_block.v:144]
INFO: [Synth 8-6155] done synthesizing module 'm01_couplers_imp_UT2LJ' (0#1) [c:/Users/klok1/Documents/ECE385_Pokemon/ECE385_Pokemon.gen/sources_1/bd/mb_block/synth/mb_block.v:144]
INFO: [Synth 8-6157] synthesizing module 'm02_couplers_imp_1ST4AV9' [c:/Users/klok1/Documents/ECE385_Pokemon/ECE385_Pokemon.gen/sources_1/bd/mb_block/synth/mb_block.v:276]
INFO: [Synth 8-6155] done synthesizing module 'm02_couplers_imp_1ST4AV9' (0#1) [c:/Users/klok1/Documents/ECE385_Pokemon/ECE385_Pokemon.gen/sources_1/bd/mb_block/synth/mb_block.v:276]
INFO: [Synth 8-6157] synthesizing module 'm03_couplers_imp_1VI1NO' [c:/Users/klok1/Documents/ECE385_Pokemon/ECE385_Pokemon.gen/sources_1/bd/mb_block/synth/mb_block.v:408]
INFO: [Synth 8-6155] done synthesizing module 'm03_couplers_imp_1VI1NO' (0#1) [c:/Users/klok1/Documents/ECE385_Pokemon/ECE385_Pokemon.gen/sources_1/bd/mb_block/synth/mb_block.v:408]
INFO: [Synth 8-6157] synthesizing module 'm04_couplers_imp_1SCR8U8' [c:/Users/klok1/Documents/ECE385_Pokemon/ECE385_Pokemon.gen/sources_1/bd/mb_block/synth/mb_block.v:540]
INFO: [Synth 8-6155] done synthesizing module 'm04_couplers_imp_1SCR8U8' (0#1) [c:/Users/klok1/Documents/ECE385_Pokemon/ECE385_Pokemon.gen/sources_1/bd/mb_block/synth/mb_block.v:540]
INFO: [Synth 8-6157] synthesizing module 'm05_couplers_imp_2FAMHT' [c:/Users/klok1/Documents/ECE385_Pokemon/ECE385_Pokemon.gen/sources_1/bd/mb_block/synth/mb_block.v:672]
INFO: [Synth 8-6155] done synthesizing module 'm05_couplers_imp_2FAMHT' (0#1) [c:/Users/klok1/Documents/ECE385_Pokemon/ECE385_Pokemon.gen/sources_1/bd/mb_block/synth/mb_block.v:672]
INFO: [Synth 8-6157] synthesizing module 'm06_couplers_imp_1QRRYF7' [c:/Users/klok1/Documents/ECE385_Pokemon/ECE385_Pokemon.gen/sources_1/bd/mb_block/synth/mb_block.v:804]
INFO: [Synth 8-6155] done synthesizing module 'm06_couplers_imp_1QRRYF7' (0#1) [c:/Users/klok1/Documents/ECE385_Pokemon/ECE385_Pokemon.gen/sources_1/bd/mb_block/synth/mb_block.v:804]
INFO: [Synth 8-6157] synthesizing module 'm07_couplers_imp_3PYGGY' [c:/Users/klok1/Documents/ECE385_Pokemon/ECE385_Pokemon.gen/sources_1/bd/mb_block/synth/mb_block.v:936]
INFO: [Synth 8-6155] done synthesizing module 'm07_couplers_imp_3PYGGY' (0#1) [c:/Users/klok1/Documents/ECE385_Pokemon/ECE385_Pokemon.gen/sources_1/bd/mb_block/synth/mb_block.v:936]
INFO: [Synth 8-6157] synthesizing module 'm08_couplers_imp_1XO1QIY' [c:/Users/klok1/Documents/ECE385_Pokemon/ECE385_Pokemon.gen/sources_1/bd/mb_block/synth/mb_block.v:1068]
INFO: [Synth 8-6155] done synthesizing module 'm08_couplers_imp_1XO1QIY' (0#1) [c:/Users/klok1/Documents/ECE385_Pokemon/ECE385_Pokemon.gen/sources_1/bd/mb_block/synth/mb_block.v:1068]
INFO: [Synth 8-6157] synthesizing module 'm09_couplers_imp_5MFQLN' [c:/Users/klok1/Documents/ECE385_Pokemon/ECE385_Pokemon.gen/sources_1/bd/mb_block/synth/mb_block.v:1200]
INFO: [Synth 8-6155] done synthesizing module 'm09_couplers_imp_5MFQLN' (0#1) [c:/Users/klok1/Documents/ECE385_Pokemon/ECE385_Pokemon.gen/sources_1/bd/mb_block/synth/mb_block.v:1200]
INFO: [Synth 8-6157] synthesizing module 's00_couplers_imp_5YIJ0K' [c:/Users/klok1/Documents/ECE385_Pokemon/ECE385_Pokemon.gen/sources_1/bd/mb_block/synth/mb_block.v:3947]
INFO: [Synth 8-6155] done synthesizing module 's00_couplers_imp_5YIJ0K' (0#1) [c:/Users/klok1/Documents/ECE385_Pokemon/ECE385_Pokemon.gen/sources_1/bd/mb_block/synth/mb_block.v:3947]
INFO: [Synth 8-6157] synthesizing module 'mb_block_xbar_0' [C:/Users/klok1/Documents/ECE385_Pokemon/ECE385_Pokemon.runs/synth_1/.Xil/Vivado-91460-LAPTOP-ULS54KHE/realtime/mb_block_xbar_0_stub.v:5]
INFO: [Synth 8-6155] done synthesizing module 'mb_block_xbar_0' (0#1) [C:/Users/klok1/Documents/ECE385_Pokemon/ECE385_Pokemon.runs/synth_1/.Xil/Vivado-91460-LAPTOP-ULS54KHE/realtime/mb_block_xbar_0_stub.v:5]
INFO: [Synth 8-6155] done synthesizing module 'mb_block_microblaze_0_axi_periph_0' (0#1) [c:/Users/klok1/Documents/ECE385_Pokemon/ECE385_Pokemon.gen/sources_1/bd/mb_block/synth/mb_block.v:2221]
INFO: [Synth 8-6157] synthesizing module 'microblaze_0_local_memory_imp_G5BFEQ' [c:/Users/klok1/Documents/ECE385_Pokemon/ECE385_Pokemon.gen/sources_1/bd/mb_block/synth/mb_block.v:3713]
INFO: [Synth 8-6157] synthesizing module 'mb_block_dlmb_bram_if_cntlr_0' [C:/Users/klok1/Documents/ECE385_Pokemon/ECE385_Pokemon.runs/synth_1/.Xil/Vivado-91460-LAPTOP-ULS54KHE/realtime/mb_block_dlmb_bram_if_cntlr_0_stub.v:5]
INFO: [Synth 8-6155] done synthesizing module 'mb_block_dlmb_bram_if_cntlr_0' (0#1) [C:/Users/klok1/Documents/ECE385_Pokemon/ECE385_Pokemon.runs/synth_1/.Xil/Vivado-91460-LAPTOP-ULS54KHE/realtime/mb_block_dlmb_bram_if_cntlr_0_stub.v:5]
INFO: [Synth 8-6157] synthesizing module 'mb_block_dlmb_v10_0' [C:/Users/klok1/Documents/ECE385_Pokemon/ECE385_Pokemon.runs/synth_1/.Xil/Vivado-91460-LAPTOP-ULS54KHE/realtime/mb_block_dlmb_v10_0_stub.v:5]
INFO: [Synth 8-6155] done synthesizing module 'mb_block_dlmb_v10_0' (0#1) [C:/Users/klok1/Documents/ECE385_Pokemon/ECE385_Pokemon.runs/synth_1/.Xil/Vivado-91460-LAPTOP-ULS54KHE/realtime/mb_block_dlmb_v10_0_stub.v:5]
WARNING: [Synth 8-7071] port 'LMB_Rst' of module 'mb_block_dlmb_v10_0' is unconnected for instance 'dlmb_v10' [c:/Users/klok1/Documents/ECE385_Pokemon/ECE385_Pokemon.gen/sources_1/bd/mb_block/synth/mb_block.v:3859]
WARNING: [Synth 8-7023] instance 'dlmb_v10' of module 'mb_block_dlmb_v10_0' has 25 connections declared, but only 24 given [c:/Users/klok1/Documents/ECE385_Pokemon/ECE385_Pokemon.gen/sources_1/bd/mb_block/synth/mb_block.v:3859]
INFO: [Synth 8-6157] synthesizing module 'mb_block_ilmb_bram_if_cntlr_0' [C:/Users/klok1/Documents/ECE385_Pokemon/ECE385_Pokemon.runs/synth_1/.Xil/Vivado-91460-LAPTOP-ULS54KHE/realtime/mb_block_ilmb_bram_if_cntlr_0_stub.v:5]
INFO: [Synth 8-6155] done synthesizing module 'mb_block_ilmb_bram_if_cntlr_0' (0#1) [C:/Users/klok1/Documents/ECE385_Pokemon/ECE385_Pokemon.runs/synth_1/.Xil/Vivado-91460-LAPTOP-ULS54KHE/realtime/mb_block_ilmb_bram_if_cntlr_0_stub.v:5]
INFO: [Synth 8-6157] synthesizing module 'mb_block_ilmb_v10_0' [C:/Users/klok1/Documents/ECE385_Pokemon/ECE385_Pokemon.runs/synth_1/.Xil/Vivado-91460-LAPTOP-ULS54KHE/realtime/mb_block_ilmb_v10_0_stub.v:5]
INFO: [Synth 8-6155] done synthesizing module 'mb_block_ilmb_v10_0' (0#1) [C:/Users/klok1/Documents/ECE385_Pokemon/ECE385_Pokemon.runs/synth_1/.Xil/Vivado-91460-LAPTOP-ULS54KHE/realtime/mb_block_ilmb_v10_0_stub.v:5]
WARNING: [Synth 8-7071] port 'LMB_Rst' of module 'mb_block_ilmb_v10_0' is unconnected for instance 'ilmb_v10' [c:/Users/klok1/Documents/ECE385_Pokemon/ECE385_Pokemon.gen/sources_1/bd/mb_block/synth/mb_block.v:3905]
WARNING: [Synth 8-7023] instance 'ilmb_v10' of module 'mb_block_ilmb_v10_0' has 25 connections declared, but only 24 given [c:/Users/klok1/Documents/ECE385_Pokemon/ECE385_Pokemon.gen/sources_1/bd/mb_block/synth/mb_block.v:3905]
INFO: [Synth 8-6157] synthesizing module 'mb_block_lmb_bram_0' [C:/Users/klok1/Documents/ECE385_Pokemon/ECE385_Pokemon.runs/synth_1/.Xil/Vivado-91460-LAPTOP-ULS54KHE/realtime/mb_block_lmb_bram_0_stub.v:5]
INFO: [Synth 8-6155] done synthesizing module 'mb_block_lmb_bram_0' (0#1) [C:/Users/klok1/Documents/ECE385_Pokemon/ECE385_Pokemon.runs/synth_1/.Xil/Vivado-91460-LAPTOP-ULS54KHE/realtime/mb_block_lmb_bram_0_stub.v:5]
WARNING: [Synth 8-7071] port 'rsta_busy' of module 'mb_block_lmb_bram_0' is unconnected for instance 'lmb_bram' [c:/Users/klok1/Documents/ECE385_Pokemon/ECE385_Pokemon.gen/sources_1/bd/mb_block/synth/mb_block.v:3930]
WARNING: [Synth 8-7071] port 'rstb_busy' of module 'mb_block_lmb_bram_0' is unconnected for instance 'lmb_bram' [c:/Users/klok1/Documents/ECE385_Pokemon/ECE385_Pokemon.gen/sources_1/bd/mb_block/synth/mb_block.v:3930]
WARNING: [Synth 8-7023] instance 'lmb_bram' of module 'mb_block_lmb_bram_0' has 16 connections declared, but only 14 given [c:/Users/klok1/Documents/ECE385_Pokemon/ECE385_Pokemon.gen/sources_1/bd/mb_block/synth/mb_block.v:3930]
INFO: [Synth 8-6155] done synthesizing module 'microblaze_0_local_memory_imp_G5BFEQ' (0#1) [c:/Users/klok1/Documents/ECE385_Pokemon/ECE385_Pokemon.gen/sources_1/bd/mb_block/synth/mb_block.v:3713]
INFO: [Synth 8-6157] synthesizing module 'mb_block_rst_clk_wiz_1_100M_0' [C:/Users/klok1/Documents/ECE385_Pokemon/ECE385_Pokemon.runs/synth_1/.Xil/Vivado-91460-LAPTOP-ULS54KHE/realtime/mb_block_rst_clk_wiz_1_100M_0_stub.v:5]
INFO: [Synth 8-6155] done synthesizing module 'mb_block_rst_clk_wiz_1_100M_0' (0#1) [C:/Users/klok1/Documents/ECE385_Pokemon/ECE385_Pokemon.runs/synth_1/.Xil/Vivado-91460-LAPTOP-ULS54KHE/realtime/mb_block_rst_clk_wiz_1_100M_0_stub.v:5]
WARNING: [Synth 8-7071] port 'peripheral_reset' of module 'mb_block_rst_clk_wiz_1_100M_0' is unconnected for instance 'rst_clk_wiz_1_100M' [c:/Users/klok1/Documents/ECE385_Pokemon/ECE385_Pokemon.gen/sources_1/bd/mb_block/synth/mb_block.v:2151]
WARNING: [Synth 8-7071] port 'interconnect_aresetn' of module 'mb_block_rst_clk_wiz_1_100M_0' is unconnected for instance 'rst_clk_wiz_1_100M' [c:/Users/klok1/Documents/ECE385_Pokemon/ECE385_Pokemon.gen/sources_1/bd/mb_block/synth/mb_block.v:2151]
WARNING: [Synth 8-7023] instance 'rst_clk_wiz_1_100M' of module 'mb_block_rst_clk_wiz_1_100M_0' has 10 connections declared, but only 8 given [c:/Users/klok1/Documents/ECE385_Pokemon/ECE385_Pokemon.gen/sources_1/bd/mb_block/synth/mb_block.v:2151]
INFO: [Synth 8-6157] synthesizing module 'mb_block_axi_quad_spi_0_0' [C:/Users/klok1/Documents/ECE385_Pokemon/ECE385_Pokemon.runs/synth_1/.Xil/Vivado-91460-LAPTOP-ULS54KHE/realtime/mb_block_axi_quad_spi_0_0_stub.v:5]
INFO: [Synth 8-6155] done synthesizing module 'mb_block_axi_quad_spi_0_0' (0#1) [C:/Users/klok1/Documents/ECE385_Pokemon/ECE385_Pokemon.runs/synth_1/.Xil/Vivado-91460-LAPTOP-ULS54KHE/realtime/mb_block_axi_quad_spi_0_0_stub.v:5]
WARNING: [Synth 8-7071] port 'io0_t' of module 'mb_block_axi_quad_spi_0_0' is unconnected for instance 'spi_usb' [c:/Users/klok1/Documents/ECE385_Pokemon/ECE385_Pokemon.gen/sources_1/bd/mb_block/synth/mb_block.v:2160]
WARNING: [Synth 8-7071] port 'io1_o' of module 'mb_block_axi_quad_spi_0_0' is unconnected for instance 'spi_usb' [c:/Users/klok1/Documents/ECE385_Pokemon/ECE385_Pokemon.gen/sources_1/bd/mb_block/synth/mb_block.v:2160]
WARNING: [Synth 8-7071] port 'io1_t' of module 'mb_block_axi_quad_spi_0_0' is unconnected for instance 'spi_usb' [c:/Users/klok1/Documents/ECE385_Pokemon/ECE385_Pokemon.gen/sources_1/bd/mb_block/synth/mb_block.v:2160]
WARNING: [Synth 8-7071] port 'sck_t' of module 'mb_block_axi_quad_spi_0_0' is unconnected for instance 'spi_usb' [c:/Users/klok1/Documents/ECE385_Pokemon/ECE385_Pokemon.gen/sources_1/bd/mb_block/synth/mb_block.v:2160]
WARNING: [Synth 8-7071] port 'ss_t' of module 'mb_block_axi_quad_spi_0_0' is unconnected for instance 'spi_usb' [c:/Users/klok1/Documents/ECE385_Pokemon/ECE385_Pokemon.gen/sources_1/bd/mb_block/synth/mb_block.v:2160]
WARNING: [Synth 8-7023] instance 'spi_usb' of module 'mb_block_axi_quad_spi_0_0' has 33 connections declared, but only 28 given [c:/Users/klok1/Documents/ECE385_Pokemon/ECE385_Pokemon.gen/sources_1/bd/mb_block/synth/mb_block.v:2160]
INFO: [Synth 8-6157] synthesizing module 'mb_block_axi_timer_0_0' [C:/Users/klok1/Documents/ECE385_Pokemon/ECE385_Pokemon.runs/synth_1/.Xil/Vivado-91460-LAPTOP-ULS54KHE/realtime/mb_block_axi_timer_0_0_stub.v:5]
INFO: [Synth 8-6155] done synthesizing module 'mb_block_axi_timer_0_0' (0#1) [C:/Users/klok1/Documents/ECE385_Pokemon/ECE385_Pokemon.runs/synth_1/.Xil/Vivado-91460-LAPTOP-ULS54KHE/realtime/mb_block_axi_timer_0_0_stub.v:5]
WARNING: [Synth 8-7071] port 'generateout0' of module 'mb_block_axi_timer_0_0' is unconnected for instance 'timer_usb_axi' [c:/Users/klok1/Documents/ECE385_Pokemon/ECE385_Pokemon.gen/sources_1/bd/mb_block/synth/mb_block.v:2189]
WARNING: [Synth 8-7071] port 'generateout1' of module 'mb_block_axi_timer_0_0' is unconnected for instance 'timer_usb_axi' [c:/Users/klok1/Documents/ECE385_Pokemon/ECE385_Pokemon.gen/sources_1/bd/mb_block/synth/mb_block.v:2189]
WARNING: [Synth 8-7071] port 'pwm0' of module 'mb_block_axi_timer_0_0' is unconnected for instance 'timer_usb_axi' [c:/Users/klok1/Documents/ECE385_Pokemon/ECE385_Pokemon.gen/sources_1/bd/mb_block/synth/mb_block.v:2189]
WARNING: [Synth 8-7023] instance 'timer_usb_axi' of module 'mb_block_axi_timer_0_0' has 26 connections declared, but only 23 given [c:/Users/klok1/Documents/ECE385_Pokemon/ECE385_Pokemon.gen/sources_1/bd/mb_block/synth/mb_block.v:2189]
INFO: [Synth 8-6157] synthesizing module 'mb_block_xlconcat_0_0' [c:/Users/klok1/Documents/ECE385_Pokemon/ECE385_Pokemon.gen/sources_1/bd/mb_block/ip/mb_block_xlconcat_0_0/synth/mb_block_xlconcat_0_0.v:53]
INFO: [Synth 8-6157] synthesizing module 'xlconcat_v2_1_4_xlconcat' [c:/Users/klok1/Documents/ECE385_Pokemon/ECE385_Pokemon.gen/sources_1/bd/mb_block/ipshared/4b67/hdl/xlconcat_v2_1_vl_rfs.v:14]
INFO: [Synth 8-6155] done synthesizing module 'xlconcat_v2_1_4_xlconcat' (0#1) [c:/Users/klok1/Documents/ECE385_Pokemon/ECE385_Pokemon.gen/sources_1/bd/mb_block/ipshared/4b67/hdl/xlconcat_v2_1_vl_rfs.v:14]
INFO: [Synth 8-6155] done synthesizing module 'mb_block_xlconcat_0_0' (0#1) [c:/Users/klok1/Documents/ECE385_Pokemon/ECE385_Pokemon.gen/sources_1/bd/mb_block/ip/mb_block_xlconcat_0_0/synth/mb_block_xlconcat_0_0.v:53]
INFO: [Synth 8-6155] done synthesizing module 'mb_block' (0#1) [c:/Users/klok1/Documents/ECE385_Pokemon/ECE385_Pokemon.gen/sources_1/bd/mb_block/synth/mb_block.v:1346]
INFO: [Synth 8-6157] synthesizing module 'clk_wiz_0' [C:/Users/klok1/Documents/ECE385_Pokemon/ECE385_Pokemon.runs/synth_1/.Xil/Vivado-91460-LAPTOP-ULS54KHE/realtime/clk_wiz_0_stub.v:5]
INFO: [Synth 8-6155] done synthesizing module 'clk_wiz_0' (0#1) [C:/Users/klok1/Documents/ECE385_Pokemon/ECE385_Pokemon.runs/synth_1/.Xil/Vivado-91460-LAPTOP-ULS54KHE/realtime/clk_wiz_0_stub.v:5]
INFO: [Synth 8-6157] synthesizing module 'vga_controller' [C:/Users/klok1/Documents/ECE385_Pokemon/Provided Code/design_source/VGA_controller.sv:26]
INFO: [Synth 8-6155] done synthesizing module 'vga_controller' (0#1) [C:/Users/klok1/Documents/ECE385_Pokemon/Provided Code/design_source/VGA_controller.sv:26]
WARNING: [Synth 8-7071] port 'sync' of module 'vga_controller' is unconnected for instance 'vga' [C:/Users/klok1/Documents/ECE385_Pokemon/ECE385_Pokemon.srcs/sources_1/new/Pokemon_Top.sv:110]
WARNING: [Synth 8-7023] instance 'vga' of module 'vga_controller' has 8 connections declared, but only 7 given [C:/Users/klok1/Documents/ECE385_Pokemon/ECE385_Pokemon.srcs/sources_1/new/Pokemon_Top.sv:110]
INFO: [Synth 8-6157] synthesizing module 'hdmi_tx_0' [C:/Users/klok1/Documents/ECE385_Pokemon/ECE385_Pokemon.runs/synth_1/.Xil/Vivado-91460-LAPTOP-ULS54KHE/realtime/hdmi_tx_0_stub.v:5]
INFO: [Synth 8-6155] done synthesizing module 'hdmi_tx_0' (0#1) [C:/Users/klok1/Documents/ECE385_Pokemon/ECE385_Pokemon.runs/synth_1/.Xil/Vivado-91460-LAPTOP-ULS54KHE/realtime/hdmi_tx_0_stub.v:5]
INFO: [Synth 8-6157] synthesizing module 'player' [C:/Users/klok1/Documents/ECE385_Pokemon/ECE385_Pokemon.srcs/sources_1/new/player.sv:1]
INFO: [Synth 8-6155] done synthesizing module 'player' (0#1) [C:/Users/klok1/Documents/ECE385_Pokemon/ECE385_Pokemon.srcs/sources_1/new/player.sv:1]
WARNING: [Synth 8-7071] port 'Start_Wild_Battle' of module 'player' is unconnected for instance 'player_instance' [C:/Users/klok1/Documents/ECE385_Pokemon/ECE385_Pokemon.srcs/sources_1/new/Pokemon_Top.sv:149]
WARNING: [Synth 8-7023] instance 'player_instance' of module 'player' has 9 connections declared, but only 8 given [C:/Users/klok1/Documents/ECE385_Pokemon/ECE385_Pokemon.srcs/sources_1/new/Pokemon_Top.sv:149]
INFO: [Synth 8-6157] synthesizing module 'color_mapper' [C:/Users/klok1/Documents/ECE385_Pokemon/Provided Code/design_source/Color_Mapper.sv:17]
INFO: [Synth 8-6157] synthesizing module 'font_rom' [C:/Users/klok1/Documents/ECE385_Pokemon/Provided Code/design_source/font_rom.sv:1]
INFO: [Synth 8-6155] done synthesizing module 'font_rom' (0#1) [C:/Users/klok1/Documents/ECE385_Pokemon/Provided Code/design_source/font_rom.sv:1]
INFO: [Synth 8-6155] done synthesizing module 'color_mapper' (0#1) [C:/Users/klok1/Documents/ECE385_Pokemon/Provided Code/design_source/Color_Mapper.sv:17]
WARNING: [Synth 8-7071] port 'Clk' of module 'color_mapper' is unconnected for instance 'color_instance' [C:/Users/klok1/Documents/ECE385_Pokemon/ECE385_Pokemon.srcs/sources_1/new/Pokemon_Top.sv:160]
WARNING: [Synth 8-7023] instance 'color_instance' of module 'color_mapper' has 16 connections declared, but only 15 given [C:/Users/klok1/Documents/ECE385_Pokemon/ECE385_Pokemon.srcs/sources_1/new/Pokemon_Top.sv:160]
INFO: [Synth 8-6157] synthesizing module 'wild_battle' [C:/Users/klok1/Documents/ECE385_Pokemon/ECE385_Pokemon.srcs/sources_1/new/wild_battle.sv:1]
INFO: [Synth 8-6157] synthesizing module 'rng' [C:/Users/klok1/Documents/ECE385_Pokemon/ECE385_Pokemon.srcs/sources_1/new/rng.sv:1]
INFO: [Synth 8-6155] done synthesizing module 'rng' (0#1) [C:/Users/klok1/Documents/ECE385_Pokemon/ECE385_Pokemon.srcs/sources_1/new/rng.sv:1]
INFO: [Synth 8-6155] done synthesizing module 'wild_battle' (0#1) [C:/Users/klok1/Documents/ECE385_Pokemon/ECE385_Pokemon.srcs/sources_1/new/wild_battle.sv:1]
INFO: [Synth 8-6157] synthesizing module 'blk_mem_gen_0' [C:/Users/klok1/Documents/ECE385_Pokemon/ECE385_Pokemon.runs/synth_1/.Xil/Vivado-91460-LAPTOP-ULS54KHE/realtime/blk_mem_gen_0_stub.v:5]
INFO: [Synth 8-6155] done synthesizing module 'blk_mem_gen_0' (0#1) [C:/Users/klok1/Documents/ECE385_Pokemon/ECE385_Pokemon.runs/synth_1/.Xil/Vivado-91460-LAPTOP-ULS54KHE/realtime/blk_mem_gen_0_stub.v:5]
INFO: [Synth 8-6155] done synthesizing module 'Pokemon_Top' (0#1) [C:/Users/klok1/Documents/ECE385_Pokemon/ECE385_Pokemon.srcs/sources_1/new/Pokemon_Top.sv:1]
WARNING: [Synth 8-7137] Register PlayerInput_reg in module player has both Set and reset with same priority. This may cause simulation mismatches. Consider rewriting code  [C:/Users/klok1/Documents/ECE385_Pokemon/ECE385_Pokemon.srcs/sources_1/new/player.sv:35]
WARNING: [Synth 8-87] always_comb on 'curr_reg_reg' did not result in combinational logic [C:/Users/klok1/Documents/ECE385_Pokemon/Provided Code/design_source/Color_Mapper.sv:101]
WARNING: [Synth 8-87] always_comb on 'player_bram_addr_reg' did not result in combinational logic [C:/Users/klok1/Documents/ECE385_Pokemon/Provided Code/design_source/Color_Mapper.sv:123]
WARNING: [Synth 8-87] always_comb on 'map_bram_addr_reg' did not result in combinational logic [C:/Users/klok1/Documents/ECE385_Pokemon/Provided Code/design_source/Color_Mapper.sv:135]
WARNING: [Synth 8-87] always_comb on 'bram_addr_reg' did not result in combinational logic [C:/Users/klok1/Documents/ECE385_Pokemon/Provided Code/design_source/Color_Mapper.sv:233]
WARNING: [Synth 8-7137] Register state_reg in module rng has both Set and reset with same priority. This may cause simulation mismatches. Consider rewriting code  [C:/Users/klok1/Documents/ECE385_Pokemon/ECE385_Pokemon.srcs/sources_1/new/rng.sv:13]
WARNING: [Synth 8-3848] Net gpio_wild_battle_tri_i_0 in module/entity Pokemon_Top does not have driver. [C:/Users/klok1/Documents/ECE385_Pokemon/ECE385_Pokemon.srcs/sources_1/new/Pokemon_Top.sv:32]
WARNING: [Synth 8-3848] Net gpio_wild_battle_tri_i_2 in module/entity Pokemon_Top does not have driver. [C:/Users/klok1/Documents/ECE385_Pokemon/ECE385_Pokemon.srcs/sources_1/new/Pokemon_Top.sv:32]
WARNING: [Synth 8-3848] Net gpio_wild_battle_tri_i_3 in module/entity Pokemon_Top does not have driver. [C:/Users/klok1/Documents/ECE385_Pokemon/ECE385_Pokemon.srcs/sources_1/new/Pokemon_Top.sv:32]
WARNING: [Synth 8-3848] Net gpio_wild_battle_tri_i_4 in module/entity Pokemon_Top does not have driver. [C:/Users/klok1/Documents/ECE385_Pokemon/ECE385_Pokemon.srcs/sources_1/new/Pokemon_Top.sv:32]
WARNING: [Synth 8-3848] Net gpio_wild_battle_tri_i_5 in module/entity Pokemon_Top does not have driver. [C:/Users/klok1/Documents/ECE385_Pokemon/ECE385_Pokemon.srcs/sources_1/new/Pokemon_Top.sv:32]
WARNING: [Synth 8-7129] Port Clk in module color_mapper is either unconnected or has no load
WARNING: [Synth 8-7129] Port In4[0] in module xlconcat_v2_1_4_xlconcat is either unconnected or has no load
WARNING: [Synth 8-7129] Port In5[0] in module xlconcat_v2_1_4_xlconcat is either unconnected or has no load
WARNING: [Synth 8-7129] Port In6[0] in module xlconcat_v2_1_4_xlconcat is either unconnected or has no load
WARNING: [Synth 8-7129] Port In7[0] in module xlconcat_v2_1_4_xlconcat is either unconnected or has no load
WARNING: [Synth 8-7129] Port In8[0] in module xlconcat_v2_1_4_xlconcat is either unconnected or has no load
WARNING: [Synth 8-7129] Port In9[0] in module xlconcat_v2_1_4_xlconcat is either unconnected or has no load
WARNING: [Synth 8-7129] Port In10[0] in module xlconcat_v2_1_4_xlconcat is either unconnected or has no load
WARNING: [Synth 8-7129] Port In11[0] in module xlconcat_v2_1_4_xlconcat is either unconnected or has no load
WARNING: [Synth 8-7129] Port In12[0] in module xlconcat_v2_1_4_xlconcat is either unconnected or has no load
WARNING: [Synth 8-7129] Port In13[0] in module xlconcat_v2_1_4_xlconcat is either unconnected or has no load
WARNING: [Synth 8-7129] Port In14[0] in module xlconcat_v2_1_4_xlconcat is either unconnected or has no load
WARNING: [Synth 8-7129] Port In15[0] in module xlconcat_v2_1_4_xlconcat is either unconnected or has no load
WARNING: [Synth 8-7129] Port In16[0] in module xlconcat_v2_1_4_xlconcat is either unconnected or has no load
WARNING: [Synth 8-7129] Port In17[0] in module xlconcat_v2_1_4_xlconcat is either unconnected or has no load
WARNING: [Synth 8-7129] Port In18[0] in module xlconcat_v2_1_4_xlconcat is either unconnected or has no load
WARNING: [Synth 8-7129] Port In19[0] in module xlconcat_v2_1_4_xlconcat is either unconnected or has no load
WARNING: [Synth 8-7129] Port In20[0] in module xlconcat_v2_1_4_xlconcat is either unconnected or has no load
WARNING: [Synth 8-7129] Port In21[0] in module xlconcat_v2_1_4_xlconcat is either unconnected or has no load
WARNING: [Synth 8-7129] Port In22[0] in module xlconcat_v2_1_4_xlconcat is either unconnected or has no load
WARNING: [Synth 8-7129] Port In23[0] in module xlconcat_v2_1_4_xlconcat is either unconnected or has no load
WARNING: [Synth 8-7129] Port In24[0] in module xlconcat_v2_1_4_xlconcat is either unconnected or has no load
WARNING: [Synth 8-7129] Port In25[0] in module xlconcat_v2_1_4_xlconcat is either unconnected or has no load
WARNING: [Synth 8-7129] Port In26[0] in module xlconcat_v2_1_4_xlconcat is either unconnected or has no load
WARNING: [Synth 8-7129] Port In27[0] in module xlconcat_v2_1_4_xlconcat is either unconnected or has no load
WARNING: [Synth 8-7129] Port In28[0] in module xlconcat_v2_1_4_xlconcat is either unconnected or has no load
WARNING: [Synth 8-7129] Port In29[0] in module xlconcat_v2_1_4_xlconcat is either unconnected or has no load
WARNING: [Synth 8-7129] Port In30[0] in module xlconcat_v2_1_4_xlconcat is either unconnected or has no load
WARNING: [Synth 8-7129] Port In31[0] in module xlconcat_v2_1_4_xlconcat is either unconnected or has no load
WARNING: [Synth 8-7129] Port In32[0] in module xlconcat_v2_1_4_xlconcat is either unconnected or has no load
WARNING: [Synth 8-7129] Port In33[0] in module xlconcat_v2_1_4_xlconcat is either unconnected or has no load
WARNING: [Synth 8-7129] Port In34[0] in module xlconcat_v2_1_4_xlconcat is either unconnected or has no load
WARNING: [Synth 8-7129] Port In35[0] in module xlconcat_v2_1_4_xlconcat is either unconnected or has no load
WARNING: [Synth 8-7129] Port In36[0] in module xlconcat_v2_1_4_xlconcat is either unconnected or has no load
WARNING: [Synth 8-7129] Port In37[0] in module xlconcat_v2_1_4_xlconcat is either unconnected or has no load
WARNING: [Synth 8-7129] Port In38[0] in module xlconcat_v2_1_4_xlconcat is either unconnected or has no load
WARNING: [Synth 8-7129] Port In39[0] in module xlconcat_v2_1_4_xlconcat is either unconnected or has no load
WARNING: [Synth 8-7129] Port In40[0] in module xlconcat_v2_1_4_xlconcat is either unconnected or has no load
WARNING: [Synth 8-7129] Port In41[0] in module xlconcat_v2_1_4_xlconcat is either unconnected or has no load
WARNING: [Synth 8-7129] Port In42[0] in module xlconcat_v2_1_4_xlconcat is either unconnected or has no load
WARNING: [Synth 8-7129] Port In43[0] in module xlconcat_v2_1_4_xlconcat is either unconnected or has no load
WARNING: [Synth 8-7129] Port In44[0] in module xlconcat_v2_1_4_xlconcat is either unconnected or has no load
WARNING: [Synth 8-7129] Port In45[0] in module xlconcat_v2_1_4_xlconcat is either unconnected or has no load
WARNING: [Synth 8-7129] Port In46[0] in module xlconcat_v2_1_4_xlconcat is either unconnected or has no load
WARNING: [Synth 8-7129] Port In47[0] in module xlconcat_v2_1_4_xlconcat is either unconnected or has no load
WARNING: [Synth 8-7129] Port In48[0] in module xlconcat_v2_1_4_xlconcat is either unconnected or has no load
WARNING: [Synth 8-7129] Port In49[0] in module xlconcat_v2_1_4_xlconcat is either unconnected or has no load
WARNING: [Synth 8-7129] Port In50[0] in module xlconcat_v2_1_4_xlconcat is either unconnected or has no load
WARNING: [Synth 8-7129] Port In51[0] in module xlconcat_v2_1_4_xlconcat is either unconnected or has no load
WARNING: [Synth 8-7129] Port In52[0] in module xlconcat_v2_1_4_xlconcat is either unconnected or has no load
WARNING: [Synth 8-7129] Port In53[0] in module xlconcat_v2_1_4_xlconcat is either unconnected or has no load
WARNING: [Synth 8-7129] Port In54[0] in module xlconcat_v2_1_4_xlconcat is either unconnected or has no load
WARNING: [Synth 8-7129] Port In55[0] in module xlconcat_v2_1_4_xlconcat is either unconnected or has no load
WARNING: [Synth 8-7129] Port In56[0] in module xlconcat_v2_1_4_xlconcat is either unconnected or has no load
WARNING: [Synth 8-7129] Port In57[0] in module xlconcat_v2_1_4_xlconcat is either unconnected or has no load
WARNING: [Synth 8-7129] Port In58[0] in module xlconcat_v2_1_4_xlconcat is either unconnected or has no load
WARNING: [Synth 8-7129] Port In59[0] in module xlconcat_v2_1_4_xlconcat is either unconnected or has no load
WARNING: [Synth 8-7129] Port In60[0] in module xlconcat_v2_1_4_xlconcat is either unconnected or has no load
WARNING: [Synth 8-7129] Port In61[0] in module xlconcat_v2_1_4_xlconcat is either unconnected or has no load
WARNING: [Synth 8-7129] Port In62[0] in module xlconcat_v2_1_4_xlconcat is either unconnected or has no load
WARNING: [Synth 8-7129] Port In63[0] in module xlconcat_v2_1_4_xlconcat is either unconnected or has no load
WARNING: [Synth 8-7129] Port In64[0] in module xlconcat_v2_1_4_xlconcat is either unconnected or has no load
WARNING: [Synth 8-7129] Port In65[0] in module xlconcat_v2_1_4_xlconcat is either unconnected or has no load
WARNING: [Synth 8-7129] Port In66[0] in module xlconcat_v2_1_4_xlconcat is either unconnected or has no load
WARNING: [Synth 8-7129] Port In67[0] in module xlconcat_v2_1_4_xlconcat is either unconnected or has no load
WARNING: [Synth 8-7129] Port In68[0] in module xlconcat_v2_1_4_xlconcat is either unconnected or has no load
WARNING: [Synth 8-7129] Port In69[0] in module xlconcat_v2_1_4_xlconcat is either unconnected or has no load
WARNING: [Synth 8-7129] Port In70[0] in module xlconcat_v2_1_4_xlconcat is either unconnected or has no load
WARNING: [Synth 8-7129] Port In71[0] in module xlconcat_v2_1_4_xlconcat is either unconnected or has no load
WARNING: [Synth 8-7129] Port In72[0] in module xlconcat_v2_1_4_xlconcat is either unconnected or has no load
WARNING: [Synth 8-7129] Port In73[0] in module xlconcat_v2_1_4_xlconcat is either unconnected or has no load
WARNING: [Synth 8-7129] Port In74[0] in module xlconcat_v2_1_4_xlconcat is either unconnected or has no load
WARNING: [Synth 8-7129] Port In75[0] in module xlconcat_v2_1_4_xlconcat is either unconnected or has no load
WARNING: [Synth 8-7129] Port In76[0] in module xlconcat_v2_1_4_xlconcat is either unconnected or has no load
WARNING: [Synth 8-7129] Port In77[0] in module xlconcat_v2_1_4_xlconcat is either unconnected or has no load
WARNING: [Synth 8-7129] Port In78[0] in module xlconcat_v2_1_4_xlconcat is either unconnected or has no load
WARNING: [Synth 8-7129] Port In79[0] in module xlconcat_v2_1_4_xlconcat is either unconnected or has no load
WARNING: [Synth 8-7129] Port In80[0] in module xlconcat_v2_1_4_xlconcat is either unconnected or has no load
WARNING: [Synth 8-7129] Port In81[0] in module xlconcat_v2_1_4_xlconcat is either unconnected or has no load
WARNING: [Synth 8-7129] Port In82[0] in module xlconcat_v2_1_4_xlconcat is either unconnected or has no load
WARNING: [Synth 8-7129] Port In83[0] in module xlconcat_v2_1_4_xlconcat is either unconnected or has no load
WARNING: [Synth 8-7129] Port In84[0] in module xlconcat_v2_1_4_xlconcat is either unconnected or has no load
WARNING: [Synth 8-7129] Port In85[0] in module xlconcat_v2_1_4_xlconcat is either unconnected or has no load
WARNING: [Synth 8-7129] Port In86[0] in module xlconcat_v2_1_4_xlconcat is either unconnected or has no load
WARNING: [Synth 8-7129] Port In87[0] in module xlconcat_v2_1_4_xlconcat is either unconnected or has no load
WARNING: [Synth 8-7129] Port In88[0] in module xlconcat_v2_1_4_xlconcat is either unconnected or has no load
WARNING: [Synth 8-7129] Port In89[0] in module xlconcat_v2_1_4_xlconcat is either unconnected or has no load
WARNING: [Synth 8-7129] Port In90[0] in module xlconcat_v2_1_4_xlconcat is either unconnected or has no load
WARNING: [Synth 8-7129] Port In91[0] in module xlconcat_v2_1_4_xlconcat is either unconnected or has no load
WARNING: [Synth 8-7129] Port In92[0] in module xlconcat_v2_1_4_xlconcat is either unconnected or has no load
WARNING: [Synth 8-7129] Port In93[0] in module xlconcat_v2_1_4_xlconcat is either unconnected or has no load
WARNING: [Synth 8-7129] Port In94[0] in module xlconcat_v2_1_4_xlconcat is either unconnected or has no load
WARNING: [Synth 8-7129] Port In95[0] in module xlconcat_v2_1_4_xlconcat is either unconnected or has no load
WARNING: [Synth 8-7129] Port In96[0] in module xlconcat_v2_1_4_xlconcat is either unconnected or has no load
WARNING: [Synth 8-7129] Port In97[0] in module xlconcat_v2_1_4_xlconcat is either unconnected or has no load
WARNING: [Synth 8-7129] Port In98[0] in module xlconcat_v2_1_4_xlconcat is either unconnected or has no load
WARNING: [Synth 8-7129] Port In99[0] in module xlconcat_v2_1_4_xlconcat is either unconnected or has no load
WARNING: [Synth 8-7129] Port In100[0] in module xlconcat_v2_1_4_xlconcat is either unconnected or has no load
WARNING: [Synth 8-7129] Port In101[0] in module xlconcat_v2_1_4_xlconcat is either unconnected or has no load
WARNING: [Synth 8-7129] Port In102[0] in module xlconcat_v2_1_4_xlconcat is either unconnected or has no load
INFO: [Common 17-14] Message 'Synth 8-7129' appears 100 times and further instances of the messages will be disabled. Use the Tcl command set_msg_config to change the current settings.
---------------------------------------------------------------------------------
Finished RTL Elaboration : Time (s): cpu = 00:00:18 ; elapsed = 00:00:19 . Memory (MB): peak = 1338.648 ; gain = 528.820
---------------------------------------------------------------------------------
---------------------------------------------------------------------------------
Start Handling Custom Attributes
---------------------------------------------------------------------------------
---------------------------------------------------------------------------------
Finished Handling Custom Attributes : Time (s): cpu = 00:00:18 ; elapsed = 00:00:20 . Memory (MB): peak = 1338.648 ; gain = 528.820
---------------------------------------------------------------------------------
---------------------------------------------------------------------------------
Finished RTL Optimization Phase 1 : Time (s): cpu = 00:00:18 ; elapsed = 00:00:20 . Memory (MB): peak = 1338.648 ; gain = 528.820
---------------------------------------------------------------------------------
Netlist sorting complete. Time (s): cpu = 00:00:00 ; elapsed = 00:00:00.255 . Memory (MB): peak = 1338.648 ; gain = 0.000
INFO: [Project 1-570] Preparing netlist for logic optimization

Processing XDC Constraints
Initializing timing engine
Parsing XDC File [c:/Users/klok1/Documents/ECE385_Pokemon/ECE385_Pokemon.gen/sources_1/bd/mb_block/ip/mb_block_microblaze_0_0/mb_block_microblaze_0_0/mb_block_microblaze_0_0_in_context.xdc] for cell 'mb_block/microblaze_0'
Finished Parsing XDC File [c:/Users/klok1/Documents/ECE385_Pokemon/ECE385_Pokemon.gen/sources_1/bd/mb_block/ip/mb_block_microblaze_0_0/mb_block_microblaze_0_0/mb_block_microblaze_0_0_in_context.xdc] for cell 'mb_block/microblaze_0'
Parsing XDC File [c:/Users/klok1/Documents/ECE385_Pokemon/ECE385_Pokemon.gen/sources_1/bd/mb_block/ip/mb_block_dlmb_v10_0/mb_block_dlmb_v10_0/mb_block_ilmb_v10_0_in_context.xdc] for cell 'mb_block/microblaze_0_local_memory/dlmb_v10'
Finished Parsing XDC File [c:/Users/klok1/Documents/ECE385_Pokemon/ECE385_Pokemon.gen/sources_1/bd/mb_block/ip/mb_block_dlmb_v10_0/mb_block_dlmb_v10_0/mb_block_ilmb_v10_0_in_context.xdc] for cell 'mb_block/microblaze_0_local_memory/dlmb_v10'
Parsing XDC File [c:/Users/klok1/Documents/ECE385_Pokemon/ECE385_Pokemon.gen/sources_1/bd/mb_block/ip/mb_block_ilmb_v10_0/mb_block_ilmb_v10_0/mb_block_ilmb_v10_0_in_context.xdc] for cell 'mb_block/microblaze_0_local_memory/ilmb_v10'
Finished Parsing XDC File [c:/Users/klok1/Documents/ECE385_Pokemon/ECE385_Pokemon.gen/sources_1/bd/mb_block/ip/mb_block_ilmb_v10_0/mb_block_ilmb_v10_0/mb_block_ilmb_v10_0_in_context.xdc] for cell 'mb_block/microblaze_0_local_memory/ilmb_v10'
Parsing XDC File [c:/Users/klok1/Documents/ECE385_Pokemon/ECE385_Pokemon.gen/sources_1/bd/mb_block/ip/mb_block_dlmb_bram_if_cntlr_0/mb_block_dlmb_bram_if_cntlr_0/mb_block_dlmb_bram_if_cntlr_0_in_context.xdc] for cell 'mb_block/microblaze_0_local_memory/dlmb_bram_if_cntlr'
Finished Parsing XDC File [c:/Users/klok1/Documents/ECE385_Pokemon/ECE385_Pokemon.gen/sources_1/bd/mb_block/ip/mb_block_dlmb_bram_if_cntlr_0/mb_block_dlmb_bram_if_cntlr_0/mb_block_dlmb_bram_if_cntlr_0_in_context.xdc] for cell 'mb_block/microblaze_0_local_memory/dlmb_bram_if_cntlr'
Parsing XDC File [c:/Users/klok1/Documents/ECE385_Pokemon/ECE385_Pokemon.gen/sources_1/bd/mb_block/ip/mb_block_ilmb_bram_if_cntlr_0/mb_block_ilmb_bram_if_cntlr_0/mb_block_ilmb_bram_if_cntlr_0_in_context.xdc] for cell 'mb_block/microblaze_0_local_memory/ilmb_bram_if_cntlr'
Finished Parsing XDC File [c:/Users/klok1/Documents/ECE385_Pokemon/ECE385_Pokemon.gen/sources_1/bd/mb_block/ip/mb_block_ilmb_bram_if_cntlr_0/mb_block_ilmb_bram_if_cntlr_0/mb_block_ilmb_bram_if_cntlr_0_in_context.xdc] for cell 'mb_block/microblaze_0_local_memory/ilmb_bram_if_cntlr'
Parsing XDC File [c:/Users/klok1/Documents/ECE385_Pokemon/ECE385_Pokemon.gen/sources_1/bd/mb_block/ip/mb_block_lmb_bram_0/mb_block_lmb_bram_0/mb_block_lmb_bram_0_in_context.xdc] for cell 'mb_block/microblaze_0_local_memory/lmb_bram'
Finished Parsing XDC File [c:/Users/klok1/Documents/ECE385_Pokemon/ECE385_Pokemon.gen/sources_1/bd/mb_block/ip/mb_block_lmb_bram_0/mb_block_lmb_bram_0/mb_block_lmb_bram_0_in_context.xdc] for cell 'mb_block/microblaze_0_local_memory/lmb_bram'
Parsing XDC File [c:/Users/klok1/Documents/ECE385_Pokemon/ECE385_Pokemon.gen/sources_1/bd/mb_block/ip/mb_block_xbar_0/mb_block_xbar_0/mb_block_xbar_0_in_context.xdc] for cell 'mb_block/microblaze_0_axi_periph/xbar'
Finished Parsing XDC File [c:/Users/klok1/Documents/ECE385_Pokemon/ECE385_Pokemon.gen/sources_1/bd/mb_block/ip/mb_block_xbar_0/mb_block_xbar_0/mb_block_xbar_0_in_context.xdc] for cell 'mb_block/microblaze_0_axi_periph/xbar'
Parsing XDC File [c:/Users/klok1/Documents/ECE385_Pokemon/ECE385_Pokemon.gen/sources_1/bd/mb_block/ip/mb_block_microblaze_0_axi_intc_0/mb_block_microblaze_0_axi_intc_0/mb_block_microblaze_0_axi_intc_0_in_context.xdc] for cell 'mb_block/microblaze_0_axi_intc'
Finished Parsing XDC File [c:/Users/klok1/Documents/ECE385_Pokemon/ECE385_Pokemon.gen/sources_1/bd/mb_block/ip/mb_block_microblaze_0_axi_intc_0/mb_block_microblaze_0_axi_intc_0/mb_block_microblaze_0_axi_intc_0_in_context.xdc] for cell 'mb_block/microblaze_0_axi_intc'
Parsing XDC File [c:/Users/klok1/Documents/ECE385_Pokemon/ECE385_Pokemon.gen/sources_1/bd/mb_block/ip/mb_block_mdm_1_0/mb_block_mdm_1_0/mb_block_mdm_1_0_in_context.xdc] for cell 'mb_block/mdm_1'
Finished Parsing XDC File [c:/Users/klok1/Documents/ECE385_Pokemon/ECE385_Pokemon.gen/sources_1/bd/mb_block/ip/mb_block_mdm_1_0/mb_block_mdm_1_0/mb_block_mdm_1_0_in_context.xdc] for cell 'mb_block/mdm_1'
Parsing XDC File [c:/Users/klok1/Documents/ECE385_Pokemon/ECE385_Pokemon.gen/sources_1/bd/mb_block/ip/mb_block_clk_wiz_1_0/mb_block_clk_wiz_1_0/mb_block_clk_wiz_1_0_in_context.xdc] for cell 'mb_block/clk_wiz_1'
Finished Parsing XDC File [c:/Users/klok1/Documents/ECE385_Pokemon/ECE385_Pokemon.gen/sources_1/bd/mb_block/ip/mb_block_clk_wiz_1_0/mb_block_clk_wiz_1_0/mb_block_clk_wiz_1_0_in_context.xdc] for cell 'mb_block/clk_wiz_1'
Parsing XDC File [c:/Users/klok1/Documents/ECE385_Pokemon/ECE385_Pokemon.gen/sources_1/bd/mb_block/ip/mb_block_rst_clk_wiz_1_100M_0/mb_block_rst_clk_wiz_1_100M_0/mb_block_rst_clk_wiz_1_100M_0_in_context.xdc] for cell 'mb_block/rst_clk_wiz_1_100M'
Finished Parsing XDC File [c:/Users/klok1/Documents/ECE385_Pokemon/ECE385_Pokemon.gen/sources_1/bd/mb_block/ip/mb_block_rst_clk_wiz_1_100M_0/mb_block_rst_clk_wiz_1_100M_0/mb_block_rst_clk_wiz_1_100M_0_in_context.xdc] for cell 'mb_block/rst_clk_wiz_1_100M'
Parsing XDC File [c:/Users/klok1/Documents/ECE385_Pokemon/ECE385_Pokemon.gen/sources_1/bd/mb_block/ip/mb_block_axi_uartlite_0_0/mb_block_axi_uartlite_0_0/mb_block_axi_uartlite_0_0_in_context.xdc] for cell 'mb_block/axi_uartlite_0'
Finished Parsing XDC File [c:/Users/klok1/Documents/ECE385_Pokemon/ECE385_Pokemon.gen/sources_1/bd/mb_block/ip/mb_block_axi_uartlite_0_0/mb_block_axi_uartlite_0_0/mb_block_axi_uartlite_0_0_in_context.xdc] for cell 'mb_block/axi_uartlite_0'
Parsing XDC File [c:/Users/klok1/Documents/ECE385_Pokemon/ECE385_Pokemon.gen/sources_1/bd/mb_block/ip/mb_block_axi_gpio_0_0/mb_block_axi_gpio_0_0/mb_block_axi_gpio_0_0_in_context.xdc] for cell 'mb_block/gpio_usb_rst'
Finished Parsing XDC File [c:/Users/klok1/Documents/ECE385_Pokemon/ECE385_Pokemon.gen/sources_1/bd/mb_block/ip/mb_block_axi_gpio_0_0/mb_block_axi_gpio_0_0/mb_block_axi_gpio_0_0_in_context.xdc] for cell 'mb_block/gpio_usb_rst'
Parsing XDC File [c:/Users/klok1/Documents/ECE385_Pokemon/ECE385_Pokemon.gen/sources_1/bd/mb_block/ip/mb_block_axi_gpio_0_1/mb_block_axi_gpio_0_1/mb_block_axi_gpio_0_1_in_context.xdc] for cell 'mb_block/gpio_usb_int'
Finished Parsing XDC File [c:/Users/klok1/Documents/ECE385_Pokemon/ECE385_Pokemon.gen/sources_1/bd/mb_block/ip/mb_block_axi_gpio_0_1/mb_block_axi_gpio_0_1/mb_block_axi_gpio_0_1_in_context.xdc] for cell 'mb_block/gpio_usb_int'
Parsing XDC File [c:/Users/klok1/Documents/ECE385_Pokemon/ECE385_Pokemon.gen/sources_1/bd/mb_block/ip/mb_block_axi_gpio_0_2/mb_block_axi_gpio_0_2/mb_block_axi_gpio_0_2_in_context.xdc] for cell 'mb_block/gpio_usb_keycode'
Finished Parsing XDC File [c:/Users/klok1/Documents/ECE385_Pokemon/ECE385_Pokemon.gen/sources_1/bd/mb_block/ip/mb_block_axi_gpio_0_2/mb_block_axi_gpio_0_2/mb_block_axi_gpio_0_2_in_context.xdc] for cell 'mb_block/gpio_usb_keycode'
Parsing XDC File [c:/Users/klok1/Documents/ECE385_Pokemon/ECE385_Pokemon.gen/sources_1/bd/mb_block/ip/mb_block_axi_timer_0_0/mb_block_axi_timer_0_0/mb_block_axi_timer_0_0_in_context.xdc] for cell 'mb_block/timer_usb_axi'
Finished Parsing XDC File [c:/Users/klok1/Documents/ECE385_Pokemon/ECE385_Pokemon.gen/sources_1/bd/mb_block/ip/mb_block_axi_timer_0_0/mb_block_axi_timer_0_0/mb_block_axi_timer_0_0_in_context.xdc] for cell 'mb_block/timer_usb_axi'
Parsing XDC File [c:/Users/klok1/Documents/ECE385_Pokemon/ECE385_Pokemon.gen/sources_1/bd/mb_block/ip/mb_block_axi_quad_spi_0_0/mb_block_axi_quad_spi_0_0/mb_block_axi_quad_spi_0_0_in_context.xdc] for cell 'mb_block/spi_usb'
Finished Parsing XDC File [c:/Users/klok1/Documents/ECE385_Pokemon/ECE385_Pokemon.gen/sources_1/bd/mb_block/ip/mb_block_axi_quad_spi_0_0/mb_block_axi_quad_spi_0_0/mb_block_axi_quad_spi_0_0_in_context.xdc] for cell 'mb_block/spi_usb'
Parsing XDC File [c:/Users/klok1/Documents/ECE385_Pokemon/ECE385_Pokemon.gen/sources_1/bd/mb_block/ip/mb_block_axi_gpio_0_3/mb_block_axi_gpio_0_3/mb_block_axi_gpio_0_3_in_context.xdc] for cell 'mb_block/gpio_player_move'
Finished Parsing XDC File [c:/Users/klok1/Documents/ECE385_Pokemon/ECE385_Pokemon.gen/sources_1/bd/mb_block/ip/mb_block_axi_gpio_0_3/mb_block_axi_gpio_0_3/mb_block_axi_gpio_0_3_in_context.xdc] for cell 'mb_block/gpio_player_move'
Parsing XDC File [c:/Users/klok1/Documents/ECE385_Pokemon/ECE385_Pokemon.gen/sources_1/bd/mb_block/ip/mb_block_axi_gpio_0_4/mb_block_axi_gpio_0_4/mb_block_axi_gpio_0_4_in_context.xdc] for cell 'mb_block/gpio_wild_battle'
Finished Parsing XDC File [c:/Users/klok1/Documents/ECE385_Pokemon/ECE385_Pokemon.gen/sources_1/bd/mb_block/ip/mb_block_axi_gpio_0_4/mb_block_axi_gpio_0_4/mb_block_axi_gpio_0_4_in_context.xdc] for cell 'mb_block/gpio_wild_battle'
Parsing XDC File [c:/Users/klok1/Documents/ECE385_Pokemon/ECE385_Pokemon.gen/sources_1/bd/mb_block/ip/mb_block_hdmi_text_controller_0_1/mb_block_hdmi_text_controller_0_1/mb_block_hdmi_text_controller_0_1_in_context.xdc] for cell 'mb_block/hdmi_text_controller_0'
Finished Parsing XDC File [c:/Users/klok1/Documents/ECE385_Pokemon/ECE385_Pokemon.gen/sources_1/bd/mb_block/ip/mb_block_hdmi_text_controller_0_1/mb_block_hdmi_text_controller_0_1/mb_block_hdmi_text_controller_0_1_in_context.xdc] for cell 'mb_block/hdmi_text_controller_0'
Parsing XDC File [c:/Users/klok1/Documents/ECE385_Pokemon/ECE385_Pokemon.gen/sources_1/ip/hdmi_tx_0/hdmi_tx_0/hdmi_tx_0_in_context.xdc] for cell 'vga_to_hdmi'
Finished Parsing XDC File [c:/Users/klok1/Documents/ECE385_Pokemon/ECE385_Pokemon.gen/sources_1/ip/hdmi_tx_0/hdmi_tx_0/hdmi_tx_0_in_context.xdc] for cell 'vga_to_hdmi'
Parsing XDC File [c:/Users/klok1/Documents/ECE385_Pokemon/ECE385_Pokemon.gen/sources_1/ip/clk_wiz_0/clk_wiz_0/clk_wiz_0_in_context.xdc] for cell 'clk_wiz'
Finished Parsing XDC File [c:/Users/klok1/Documents/ECE385_Pokemon/ECE385_Pokemon.gen/sources_1/ip/clk_wiz_0/clk_wiz_0/clk_wiz_0_in_context.xdc] for cell 'clk_wiz'
Parsing XDC File [c:/Users/klok1/Documents/ECE385_Pokemon/ECE385_Pokemon.gen/sources_1/ip/blk_mem_gen_0/blk_mem_gen_0/blk_mem_gen_0_in_context.xdc] for cell 'sprites'
Finished Parsing XDC File [c:/Users/klok1/Documents/ECE385_Pokemon/ECE385_Pokemon.gen/sources_1/ip/blk_mem_gen_0/blk_mem_gen_0/blk_mem_gen_0_in_context.xdc] for cell 'sprites'
Parsing XDC File [C:/Users/klok1/Documents/ECE385_Pokemon/Provided Code/pin_assignment/mb_usb_hdmi_top.xdc]
CRITICAL WARNING: [Constraints 18-1056] Clock 'clk_100' completely overrides clock 'Clk'.
New: create_clock -period 10.000 -name clk_100 -waveform {0.000 5.000} [get_ports Clk], [C:/Users/klok1/Documents/ECE385_Pokemon/Provided Code/pin_assignment/mb_usb_hdmi_top.xdc:1]
Previous: create_clock -period 10.000 [get_ports Clk], [c:/Users/klok1/Documents/ECE385_Pokemon/ECE385_Pokemon.gen/sources_1/bd/mb_block/ip/mb_block_clk_wiz_1_0/mb_block_clk_wiz_1_0/mb_block_clk_wiz_1_0_in_context.xdc:1]
Resolution: Review the constraint files and remove the redundant clock definition(s). If the clock constraints are not saved in a file, you can first save the constraints to an XDC file and reload the design once the constraints have been corrected.
Finished Parsing XDC File [C:/Users/klok1/Documents/ECE385_Pokemon/Provided Code/pin_assignment/mb_usb_hdmi_top.xdc]
INFO: [Project 1-236] Implementation specific constraints were found while reading constraint file [C:/Users/klok1/Documents/ECE385_Pokemon/Provided Code/pin_assignment/mb_usb_hdmi_top.xdc]. These constraints will be ignored for synthesis but will be used in implementation. Impacted constraints are listed in the file [.Xil/Pokemon_Top_propImpl.xdc].
Resolution: To avoid this warning, move constraints listed in [.Xil/Pokemon_Top_propImpl.xdc] to another XDC file and exclude this new file from synthesis with the used_in_synthesis property (File Properties dialog in GUI) and re-run elaboration/synthesis.
Parsing XDC File [C:/Users/klok1/Documents/ECE385_Pokemon/ECE385_Pokemon.runs/synth_1/dont_touch.xdc]
Finished Parsing XDC File [C:/Users/klok1/Documents/ECE385_Pokemon/ECE385_Pokemon.runs/synth_1/dont_touch.xdc]
Completed Processing XDC Constraints

Netlist sorting complete. Time (s): cpu = 00:00:00 ; elapsed = 00:00:00.001 . Memory (MB): peak = 1433.379 ; gain = 0.000
INFO: [Project 1-111] Unisim Transformation Summary:
No Unisim elements were transformed.

Constraint Validation Runtime : Time (s): cpu = 00:00:00 ; elapsed = 00:00:00.033 . Memory (MB): peak = 1433.379 ; gain = 0.000
WARNING: [Timing 38-316] Clock period '20.000' specified during out-of-context synthesis of instance 'sprites' at clock pin 'clka' is different from the actual clock period '10.000', this can lead to different synthesis results.
WARNING: [Timing 38-316] Clock period '20.000' specified during out-of-context synthesis of instance 'mb_block/spi_usb' at clock pin 'ext_spi_clk' is different from the actual clock period '10.000', this can lead to different synthesis results.
WARNING: [Timing 38-316] Clock period '20.000' specified during out-of-context synthesis of instance 'mb_block/microblaze_0_local_memory/lmb_bram' at clock pin 'clka' is different from the actual clock period '10.000', this can lead to different synthesis results.
INFO: [Designutils 20-5440] No compile time benefit to using incremental synthesis; A full resynthesis will be run
INFO: [Designutils 20-4379] Flow is switching to default flow due to incremental criteria not met. If you would like to alter this behaviour and have the flow terminate instead, please set the following parameter config_implementation {autoIncr.Synth.RejectBehavior Terminate}
INFO: [Synth 8-11241] undeclared symbol 'REGCCE', assumed default net type 'wire' [C:/Xilinx/Vivado/2022.2/data/verilog/src/unimacro/BRAM_SINGLE_MACRO.v:2170]
---------------------------------------------------------------------------------
Finished Constraint Validation : Time (s): cpu = 00:00:35 ; elapsed = 00:00:38 . Memory (MB): peak = 1433.391 ; gain = 623.562
---------------------------------------------------------------------------------
---------------------------------------------------------------------------------
Start Loading Part and Timing Information
---------------------------------------------------------------------------------
Loading part: xc7s50csga324-1
---------------------------------------------------------------------------------
Finished Loading Part and Timing Information : Time (s): cpu = 00:00:35 ; elapsed = 00:00:38 . Memory (MB): peak = 1433.391 ; gain = 623.562
---------------------------------------------------------------------------------
---------------------------------------------------------------------------------
Start Applying 'set_property' XDC Constraints
---------------------------------------------------------------------------------
Applied set_property IO_BUFFER_TYPE = NONE for Clk. (constraint file  c:/Users/klok1/Documents/ECE385_Pokemon/ECE385_Pokemon.gen/sources_1/bd/mb_block/ip/mb_block_clk_wiz_1_0/mb_block_clk_wiz_1_0/mb_block_clk_wiz_1_0_in_context.xdc, line 3).
Applied set_property CLOCK_BUFFER_TYPE = NONE for Clk. (constraint file  c:/Users/klok1/Documents/ECE385_Pokemon/ECE385_Pokemon.gen/sources_1/bd/mb_block/ip/mb_block_clk_wiz_1_0/mb_block_clk_wiz_1_0/mb_block_clk_wiz_1_0_in_context.xdc, line 4).
Applied set_property IO_BUFFER_TYPE = NONE for hdmi_tmds_clk_n. (constraint file  c:/Users/klok1/Documents/ECE385_Pokemon/ECE385_Pokemon.gen/sources_1/ip/hdmi_tx_0/hdmi_tx_0/hdmi_tx_0_in_context.xdc, line 1).
Applied set_property CLOCK_BUFFER_TYPE = NONE for hdmi_tmds_clk_n. (constraint file  c:/Users/klok1/Documents/ECE385_Pokemon/ECE385_Pokemon.gen/sources_1/ip/hdmi_tx_0/hdmi_tx_0/hdmi_tx_0_in_context.xdc, line 2).
Applied set_property IO_BUFFER_TYPE = NONE for hdmi_tmds_clk_p. (constraint file  c:/Users/klok1/Documents/ECE385_Pokemon/ECE385_Pokemon.gen/sources_1/ip/hdmi_tx_0/hdmi_tx_0/hdmi_tx_0_in_context.xdc, line 3).
Applied set_property CLOCK_BUFFER_TYPE = NONE for hdmi_tmds_clk_p. (constraint file  c:/Users/klok1/Documents/ECE385_Pokemon/ECE385_Pokemon.gen/sources_1/ip/hdmi_tx_0/hdmi_tx_0/hdmi_tx_0_in_context.xdc, line 4).
Applied set_property IO_BUFFER_TYPE = NONE for hdmi_tmds_data_n[0]. (constraint file  c:/Users/klok1/Documents/ECE385_Pokemon/ECE385_Pokemon.gen/sources_1/ip/hdmi_tx_0/hdmi_tx_0/hdmi_tx_0_in_context.xdc, line 5).
Applied set_property CLOCK_BUFFER_TYPE = NONE for hdmi_tmds_data_n[0]. (constraint file  c:/Users/klok1/Documents/ECE385_Pokemon/ECE385_Pokemon.gen/sources_1/ip/hdmi_tx_0/hdmi_tx_0/hdmi_tx_0_in_context.xdc, line 6).
Applied set_property IO_BUFFER_TYPE = NONE for hdmi_tmds_data_n[1]. (constraint file  c:/Users/klok1/Documents/ECE385_Pokemon/ECE385_Pokemon.gen/sources_1/ip/hdmi_tx_0/hdmi_tx_0/hdmi_tx_0_in_context.xdc, line 7).
Applied set_property CLOCK_BUFFER_TYPE = NONE for hdmi_tmds_data_n[1]. (constraint file  c:/Users/klok1/Documents/ECE385_Pokemon/ECE385_Pokemon.gen/sources_1/ip/hdmi_tx_0/hdmi_tx_0/hdmi_tx_0_in_context.xdc, line 8).
Applied set_property IO_BUFFER_TYPE = NONE for hdmi_tmds_data_n[2]. (constraint file  c:/Users/klok1/Documents/ECE385_Pokemon/ECE385_Pokemon.gen/sources_1/ip/hdmi_tx_0/hdmi_tx_0/hdmi_tx_0_in_context.xdc, line 9).
Applied set_property CLOCK_BUFFER_TYPE = NONE for hdmi_tmds_data_n[2]. (constraint file  c:/Users/klok1/Documents/ECE385_Pokemon/ECE385_Pokemon.gen/sources_1/ip/hdmi_tx_0/hdmi_tx_0/hdmi_tx_0_in_context.xdc, line 10).
Applied set_property IO_BUFFER_TYPE = NONE for hdmi_tmds_data_p[0]. (constraint file  c:/Users/klok1/Documents/ECE385_Pokemon/ECE385_Pokemon.gen/sources_1/ip/hdmi_tx_0/hdmi_tx_0/hdmi_tx_0_in_context.xdc, line 11).
Applied set_property CLOCK_BUFFER_TYPE = NONE for hdmi_tmds_data_p[0]. (constraint file  c:/Users/klok1/Documents/ECE385_Pokemon/ECE385_Pokemon.gen/sources_1/ip/hdmi_tx_0/hdmi_tx_0/hdmi_tx_0_in_context.xdc, line 12).
Applied set_property IO_BUFFER_TYPE = NONE for hdmi_tmds_data_p[1]. (constraint file  c:/Users/klok1/Documents/ECE385_Pokemon/ECE385_Pokemon.gen/sources_1/ip/hdmi_tx_0/hdmi_tx_0/hdmi_tx_0_in_context.xdc, line 13).
Applied set_property CLOCK_BUFFER_TYPE = NONE for hdmi_tmds_data_p[1]. (constraint file  c:/Users/klok1/Documents/ECE385_Pokemon/ECE385_Pokemon.gen/sources_1/ip/hdmi_tx_0/hdmi_tx_0/hdmi_tx_0_in_context.xdc, line 14).
Applied set_property IO_BUFFER_TYPE = NONE for hdmi_tmds_data_p[2]. (constraint file  c:/Users/klok1/Documents/ECE385_Pokemon/ECE385_Pokemon.gen/sources_1/ip/hdmi_tx_0/hdmi_tx_0/hdmi_tx_0_in_context.xdc, line 15).
Applied set_property CLOCK_BUFFER_TYPE = NONE for hdmi_tmds_data_p[2]. (constraint file  c:/Users/klok1/Documents/ECE385_Pokemon/ECE385_Pokemon.gen/sources_1/ip/hdmi_tx_0/hdmi_tx_0/hdmi_tx_0_in_context.xdc, line 16).
Applied set_property KEEP_HIERARCHY = SOFT for mb_block. (constraint file  auto generated constraint).
Applied set_property KEEP_HIERARCHY = SOFT for mb_block/microblaze_0. (constraint file  auto generated constraint).
Applied set_property KEEP_HIERARCHY = SOFT for mb_block/microblaze_0_local_memory/dlmb_v10. (constraint file  auto generated constraint).
Applied set_property KEEP_HIERARCHY = SOFT for mb_block/microblaze_0_local_memory/ilmb_v10. (constraint file  auto generated constraint).
Applied set_property KEEP_HIERARCHY = SOFT for mb_block/microblaze_0_local_memory/dlmb_bram_if_cntlr. (constraint file  auto generated constraint).
Applied set_property KEEP_HIERARCHY = SOFT for mb_block/microblaze_0_local_memory/ilmb_bram_if_cntlr. (constraint file  auto generated constraint).
Applied set_property KEEP_HIERARCHY = SOFT for mb_block/microblaze_0_local_memory/lmb_bram. (constraint file  auto generated constraint).
Applied set_property KEEP_HIERARCHY = SOFT for mb_block/microblaze_0_axi_periph/xbar. (constraint file  auto generated constraint).
Applied set_property KEEP_HIERARCHY = SOFT for mb_block/microblaze_0_axi_periph. (constraint file  auto generated constraint).
Applied set_property KEEP_HIERARCHY = SOFT for mb_block/microblaze_0_axi_intc. (constraint file  auto generated constraint).
Applied set_property KEEP_HIERARCHY = SOFT for mb_block/mdm_1. (constraint file  auto generated constraint).
Applied set_property KEEP_HIERARCHY = SOFT for mb_block/clk_wiz_1. (constraint file  auto generated constraint).
Applied set_property KEEP_HIERARCHY = SOFT for mb_block/rst_clk_wiz_1_100M. (constraint file  auto generated constraint).
Applied set_property KEEP_HIERARCHY = SOFT for mb_block/axi_uartlite_0. (constraint file  auto generated constraint).
Applied set_property KEEP_HIERARCHY = SOFT for mb_block/gpio_usb_rst. (constraint file  auto generated constraint).
Applied set_property KEEP_HIERARCHY = SOFT for mb_block/gpio_usb_int. (constraint file  auto generated constraint).
Applied set_property KEEP_HIERARCHY = SOFT for mb_block/gpio_usb_keycode. (constraint file  auto generated constraint).
Applied set_property KEEP_HIERARCHY = SOFT for mb_block/timer_usb_axi. (constraint file  auto generated constraint).
Applied set_property KEEP_HIERARCHY = SOFT for mb_block/spi_usb. (constraint file  auto generated constraint).
Applied set_property KEEP_HIERARCHY = SOFT for mb_block/xlconcat_0. (constraint file  auto generated constraint).
Applied set_property KEEP_HIERARCHY = SOFT for mb_block/gpio_player_move. (constraint file  auto generated constraint).
Applied set_property KEEP_HIERARCHY = SOFT for mb_block/gpio_wild_battle. (constraint file  auto generated constraint).
Applied set_property KEEP_HIERARCHY = SOFT for mb_block/hdmi_text_controller_0. (constraint file  auto generated constraint).
Applied set_property KEEP_HIERARCHY = SOFT for vga_to_hdmi. (constraint file  auto generated constraint).
Applied set_property KEEP_HIERARCHY = SOFT for clk_wiz. (constraint file  auto generated constraint).
Applied set_property KEEP_HIERARCHY = SOFT for sprites. (constraint file  auto generated constraint).
---------------------------------------------------------------------------------
Finished applying 'set_property' XDC Constraints : Time (s): cpu = 00:00:36 ; elapsed = 00:00:38 . Memory (MB): peak = 1433.391 ; gain = 623.562
---------------------------------------------------------------------------------
WARNING: [Synth 8-327] inferring latch for variable 'bram_addr_reg' [C:/Users/klok1/Documents/ECE385_Pokemon/Provided Code/design_source/Color_Mapper.sv:233]
WARNING: [Synth 8-327] inferring latch for variable 'curr_reg_reg' [C:/Users/klok1/Documents/ECE385_Pokemon/Provided Code/design_source/Color_Mapper.sv:101]
WARNING: [Synth 8-327] inferring latch for variable 'map_bram_addr_reg' [C:/Users/klok1/Documents/ECE385_Pokemon/Provided Code/design_source/Color_Mapper.sv:135]
WARNING: [Synth 8-327] inferring latch for variable 'player_bram_addr_reg' [C:/Users/klok1/Documents/ECE385_Pokemon/Provided Code/design_source/Color_Mapper.sv:123]
---------------------------------------------------------------------------------
Finished RTL Optimization Phase 2 : Time (s): cpu = 00:00:38 ; elapsed = 00:00:41 . Memory (MB): peak = 1433.391 ; gain = 623.562
---------------------------------------------------------------------------------
---------------------------------------------------------------------------------
Start RTL Component Statistics 
---------------------------------------------------------------------------------
Detailed RTL Component Info : 
+---Adders : 
	   2 Input   32 Bit       Adders := 11    
	   3 Input   32 Bit       Adders := 2     
	   3 Input   18 Bit       Adders := 1     
	   2 Input   18 Bit       Adders := 14    
	   2 Input   11 Bit       Adders := 2     
	   2 Input   10 Bit       Adders := 2     
	   2 Input    5 Bit       Adders := 1     
+---XORs : 
	   2 Input     32 Bit         XORs := 2     
+---Registers : 
	               32 Bit    Registers := 1     
	               10 Bit    Registers := 4     
	                4 Bit    Registers := 1     
	                1 Bit    Registers := 4     
+---Multipliers : 
	              32x32  Multipliers := 4     
	               5x32  Multipliers := 1     
+---Muxes : 
	   2 Input   32 Bit        Muxes := 4     
	   2 Input   18 Bit        Muxes := 5     
	   5 Input   18 Bit        Muxes := 2     
	   2 Input   16 Bit        Muxes := 3     
	   4 Input    8 Bit        Muxes := 2     
	   2 Input    8 Bit        Muxes := 2     
	   5 Input    4 Bit        Muxes := 2     
	   2 Input    4 Bit        Muxes := 11    
	   4 Input    4 Bit        Muxes := 1     
	   3 Input    4 Bit        Muxes := 1     
	   2 Input    1 Bit        Muxes := 16    
	   5 Input    1 Bit        Muxes := 1     
	   6 Input    1 Bit        Muxes := 2     
---------------------------------------------------------------------------------
Finished RTL Component Statistics 
---------------------------------------------------------------------------------
---------------------------------------------------------------------------------
Start Part Resource Summary
---------------------------------------------------------------------------------
Part Resources:
DSPs: 120 (col length:60)
BRAMs: 150 (col length: RAMB18 60 RAMB36 30)
---------------------------------------------------------------------------------
Finished Part Resource Summary
---------------------------------------------------------------------------------
---------------------------------------------------------------------------------
Start Cross Boundary and Area Optimization
---------------------------------------------------------------------------------
WARNING: [Synth 8-7080] Parallel synthesis criteria is not met
DSP Report: Generating DSP Red4, operation Mode is: A*B.
DSP Report: operator Red4 is absorbed into DSP Red4.
DSP Report: operator Red4 is absorbed into DSP Red4.
DSP Report: Generating DSP Red4, operation Mode is: (PCIN>>17)+A*B.
DSP Report: operator Red4 is absorbed into DSP Red4.
DSP Report: operator Red4 is absorbed into DSP Red4.
DSP Report: Generating DSP Red4, operation Mode is: A*B.
DSP Report: operator Red4 is absorbed into DSP Red4.
DSP Report: operator Red4 is absorbed into DSP Red4.
DSP Report: Generating DSP Red4, operation Mode is: (PCIN>>17)+A*B.
DSP Report: operator Red4 is absorbed into DSP Red4.
DSP Report: operator Red4 is absorbed into DSP Red4.
DSP Report: Generating DSP Red4, operation Mode is: A*B.
DSP Report: operator Red4 is absorbed into DSP Red4.
DSP Report: operator Red4 is absorbed into DSP Red4.
DSP Report: Generating DSP Red4, operation Mode is: (PCIN>>17)+A*B.
DSP Report: operator Red4 is absorbed into DSP Red4.
DSP Report: operator Red4 is absorbed into DSP Red4.
DSP Report: Generating DSP Red4, operation Mode is: A*B.
DSP Report: operator Red4 is absorbed into DSP Red4.
DSP Report: operator Red4 is absorbed into DSP Red4.
DSP Report: Generating DSP Red4, operation Mode is: (PCIN>>17)+A*B.
DSP Report: operator Red4 is absorbed into DSP Red4.
DSP Report: operator Red4 is absorbed into DSP Red4.
DSP Report: Generating DSP Red4, operation Mode is: A*B.
DSP Report: operator Red4 is absorbed into DSP Red4.
DSP Report: operator Red4 is absorbed into DSP Red4.
DSP Report: Generating DSP Red4, operation Mode is: (PCIN>>17)+A*B.
DSP Report: operator Red4 is absorbed into DSP Red4.
DSP Report: operator Red4 is absorbed into DSP Red4.
DSP Report: Generating DSP Red4, operation Mode is: A*B.
DSP Report: operator Red4 is absorbed into DSP Red4.
DSP Report: operator Red4 is absorbed into DSP Red4.
DSP Report: Generating DSP Red4, operation Mode is: (PCIN>>17)+A*B.
DSP Report: operator Red4 is absorbed into DSP Red4.
DSP Report: operator Red4 is absorbed into DSP Red4.
DSP Report: Generating DSP Red4, operation Mode is: A*B.
DSP Report: operator Red4 is absorbed into DSP Red4.
DSP Report: operator Red4 is absorbed into DSP Red4.
DSP Report: Generating DSP Red4, operation Mode is: (PCIN>>17)+A*B.
DSP Report: operator Red4 is absorbed into DSP Red4.
DSP Report: operator Red4 is absorbed into DSP Red4.
DSP Report: Generating DSP Red4, operation Mode is: A*B.
DSP Report: operator Red4 is absorbed into DSP Red4.
DSP Report: operator Red4 is absorbed into DSP Red4.
DSP Report: Generating DSP Red4, operation Mode is: (PCIN>>17)+A*B.
DSP Report: operator Red4 is absorbed into DSP Red4.
DSP Report: operator Red4 is absorbed into DSP Red4.
WARNING: [Synth 8-3917] design Pokemon_Top has port hex_segA[7] driven by constant 1
WARNING: [Synth 8-3917] design Pokemon_Top has port hex_segB[7] driven by constant 1
WARNING: [Synth 8-3332] Sequential element (map_bram_addr_reg[17]) is unused and will be removed from module color_mapper.
WARNING: [Synth 8-3332] Sequential element (player_bram_addr_reg[17]) is unused and will be removed from module color_mapper.
WARNING: [Synth 8-3332] Sequential element (player_bram_addr_reg[16]) is unused and will be removed from module color_mapper.
WARNING: [Synth 8-3332] Sequential element (player_bram_addr_reg[15]) is unused and will be removed from module color_mapper.
WARNING: [Synth 8-3332] Sequential element (player_bram_addr_reg[14]) is unused and will be removed from module color_mapper.
WARNING: [Synth 8-3332] Sequential element (player_bram_addr_reg[13]) is unused and will be removed from module color_mapper.
WARNING: [Synth 8-3332] Sequential element (player_bram_addr_reg[12]) is unused and will be removed from module color_mapper.
WARNING: [Synth 8-3332] Sequential element (player_bram_addr_reg[11]) is unused and will be removed from module color_mapper.
WARNING: [Synth 8-3332] Sequential element (player_bram_addr_reg[10]) is unused and will be removed from module color_mapper.
WARNING: [Synth 8-3332] Sequential element (player_bram_addr_reg[9]) is unused and will be removed from module color_mapper.
WARNING: [Synth 8-3332] Sequential element (player_bram_addr_reg[8]) is unused and will be removed from module color_mapper.
WARNING: [Synth 8-3332] Sequential element (player_bram_addr_reg[7]) is unused and will be removed from module color_mapper.
WARNING: [Synth 8-3332] Sequential element (player_bram_addr_reg[6]) is unused and will be removed from module color_mapper.
WARNING: [Synth 8-3332] Sequential element (player_bram_addr_reg[5]) is unused and will be removed from module color_mapper.
WARNING: [Synth 8-3332] Sequential element (player_bram_addr_reg[4]) is unused and will be removed from module color_mapper.
WARNING: [Synth 8-3332] Sequential element (player_bram_addr_reg[3]) is unused and will be removed from module color_mapper.
WARNING: [Synth 8-3332] Sequential element (player_bram_addr_reg[2]) is unused and will be removed from module color_mapper.
WARNING: [Synth 8-3332] Sequential element (player_bram_addr_reg[1]) is unused and will be removed from module color_mapper.
WARNING: [Synth 8-3332] Sequential element (player_bram_addr_reg[0]) is unused and will be removed from module color_mapper.
WARNING: [Synth 8-3332] Sequential element (map_bram_addr_reg[16]) is unused and will be removed from module color_mapper.
WARNING: [Synth 8-3332] Sequential element (map_bram_addr_reg[15]) is unused and will be removed from module color_mapper.
WARNING: [Synth 8-3332] Sequential element (map_bram_addr_reg[14]) is unused and will be removed from module color_mapper.
WARNING: [Synth 8-3332] Sequential element (map_bram_addr_reg[13]) is unused and will be removed from module color_mapper.
WARNING: [Synth 8-3332] Sequential element (map_bram_addr_reg[12]) is unused and will be removed from module color_mapper.
WARNING: [Synth 8-3332] Sequential element (map_bram_addr_reg[11]) is unused and will be removed from module color_mapper.
WARNING: [Synth 8-3332] Sequential element (map_bram_addr_reg[10]) is unused and will be removed from module color_mapper.
WARNING: [Synth 8-3332] Sequential element (map_bram_addr_reg[9]) is unused and will be removed from module color_mapper.
WARNING: [Synth 8-3332] Sequential element (map_bram_addr_reg[8]) is unused and will be removed from module color_mapper.
WARNING: [Synth 8-3332] Sequential element (map_bram_addr_reg[7]) is unused and will be removed from module color_mapper.
WARNING: [Synth 8-3332] Sequential element (map_bram_addr_reg[6]) is unused and will be removed from module color_mapper.
WARNING: [Synth 8-3332] Sequential element (map_bram_addr_reg[5]) is unused and will be removed from module color_mapper.
WARNING: [Synth 8-3332] Sequential element (map_bram_addr_reg[4]) is unused and will be removed from module color_mapper.
WARNING: [Synth 8-3332] Sequential element (map_bram_addr_reg[3]) is unused and will be removed from module color_mapper.
WARNING: [Synth 8-3332] Sequential element (map_bram_addr_reg[2]) is unused and will be removed from module color_mapper.
WARNING: [Synth 8-3332] Sequential element (map_bram_addr_reg[1]) is unused and will be removed from module color_mapper.
WARNING: [Synth 8-3332] Sequential element (map_bram_addr_reg[0]) is unused and will be removed from module color_mapper.
---------------------------------------------------------------------------------
Finished Cross Boundary and Area Optimization : Time (s): cpu = 00:01:23 ; elapsed = 00:01:27 . Memory (MB): peak = 1433.391 ; gain = 623.562
---------------------------------------------------------------------------------
---------------------------------------------------------------------------------
Start ROM, RAM, DSP, Shift Register and Retiming Reporting
---------------------------------------------------------------------------------

ROM: Preliminary Mapping Report
+------------+------------+---------------+----------------+
|Module Name | RTL Object | Depth x Width | Implemented As | 
+------------+------------+---------------+----------------+
|font_rom    | ROM        | 2048x8        | LUT            | 
+------------+------------+---------------+----------------+


DSP: Preliminary Mapping Report (see note below. The ' indicates corresponding REG is set)
+-------------+----------------+--------+--------+--------+--------+--------+------+------+------+------+-------+------+------+
|Module Name  | DSP Mapping    | A Size | B Size | C Size | D Size | P Size | AREG | BREG | CREG | DREG | ADREG | MREG | PREG | 
+-------------+----------------+--------+--------+--------+--------+--------+------+------+------+------+-------+------+------+
|color_mapper | A*B            | 18     | 15     | -      | -      | 48     | 0    | 0    | -    | -    | -     | 0    | 0    | 
|color_mapper | (PCIN>>17)+A*B | 15     | 15     | -      | -      | 48     | 0    | 0    | -    | -    | -     | 0    | 0    | 
|color_mapper | A*B            | 18     | 18     | -      | -      | 48     | 0    | 0    | -    | -    | -     | 0    | 0    | 
|color_mapper | (PCIN>>17)+A*B | 18     | 15     | -      | -      | 48     | 0    | 0    | -    | -    | -     | 0    | 0    | 
|color_mapper | A*B            | 18     | 15     | -      | -      | 48     | 0    | 0    | -    | -    | -     | 0    | 0    | 
|color_mapper | (PCIN>>17)+A*B | 15     | 15     | -      | -      | 48     | 0    | 0    | -    | -    | -     | 0    | 0    | 
|color_mapper | A*B            | 18     | 18     | -      | -      | 48     | 0    | 0    | -    | -    | -     | 0    | 0    | 
|color_mapper | (PCIN>>17)+A*B | 18     | 15     | -      | -      | 48     | 0    | 0    | -    | -    | -     | 0    | 0    | 
|color_mapper | A*B            | 18     | 15     | -      | -      | 48     | 0    | 0    | -    | -    | -     | 0    | 0    | 
|color_mapper | (PCIN>>17)+A*B | 15     | 15     | -      | -      | 48     | 0    | 0    | -    | -    | -     | 0    | 0    | 
|color_mapper | A*B            | 18     | 18     | -      | -      | 48     | 0    | 0    | -    | -    | -     | 0    | 0    | 
|color_mapper | (PCIN>>17)+A*B | 18     | 15     | -      | -      | 48     | 0    | 0    | -    | -    | -     | 0    | 0    | 
|color_mapper | A*B            | 18     | 15     | -      | -      | 48     | 0    | 0    | -    | -    | -     | 0    | 0    | 
|color_mapper | (PCIN>>17)+A*B | 15     | 15     | -      | -      | 48     | 0    | 0    | -    | -    | -     | 0    | 0    | 
|color_mapper | A*B            | 18     | 18     | -      | -      | 48     | 0    | 0    | -    | -    | -     | 0    | 0    | 
|color_mapper | (PCIN>>17)+A*B | 18     | 15     | -      | -      | 48     | 0    | 0    | -    | -    | -     | 0    | 0    | 
+-------------+----------------+--------+--------+--------+--------+--------+------+------+------+------+-------+------+------+

Note: The table above is a preliminary report that shows the DSPs inferred at the current stage of the synthesis flow. Some DSP may be reimplemented as non DSP primitives later in the synthesis flow. Multiple instantiated DSPs are reported only once.
---------------------------------------------------------------------------------
Finished ROM, RAM, DSP, Shift Register and Retiming Reporting
---------------------------------------------------------------------------------
---------------------------------------------------------------------------------
Start Applying XDC Timing Constraints
---------------------------------------------------------------------------------
---------------------------------------------------------------------------------
Finished Applying XDC Timing Constraints : Time (s): cpu = 00:01:43 ; elapsed = 00:01:47 . Memory (MB): peak = 1433.391 ; gain = 623.562
---------------------------------------------------------------------------------
---------------------------------------------------------------------------------
Start Timing Optimization
---------------------------------------------------------------------------------
---------------------------------------------------------------------------------
Finished Timing Optimization : Time (s): cpu = 00:01:46 ; elapsed = 00:01:51 . Memory (MB): peak = 1433.391 ; gain = 623.562
---------------------------------------------------------------------------------
---------------------------------------------------------------------------------
Start Technology Mapping
---------------------------------------------------------------------------------
---------------------------------------------------------------------------------
Finished Technology Mapping : Time (s): cpu = 00:01:49 ; elapsed = 00:01:54 . Memory (MB): peak = 1433.391 ; gain = 623.562
---------------------------------------------------------------------------------
---------------------------------------------------------------------------------
Start IO Insertion
---------------------------------------------------------------------------------
---------------------------------------------------------------------------------
Start Flattening Before IO Insertion
---------------------------------------------------------------------------------
---------------------------------------------------------------------------------
Finished Flattening Before IO Insertion
---------------------------------------------------------------------------------
---------------------------------------------------------------------------------
Start Final Netlist Cleanup
---------------------------------------------------------------------------------
---------------------------------------------------------------------------------
Finished Final Netlist Cleanup
---------------------------------------------------------------------------------
---------------------------------------------------------------------------------
Finished IO Insertion : Time (s): cpu = 00:01:59 ; elapsed = 00:02:04 . Memory (MB): peak = 1433.391 ; gain = 623.562
---------------------------------------------------------------------------------
---------------------------------------------------------------------------------
Start Renaming Generated Instances
---------------------------------------------------------------------------------
---------------------------------------------------------------------------------
Finished Renaming Generated Instances : Time (s): cpu = 00:01:59 ; elapsed = 00:02:04 . Memory (MB): peak = 1433.391 ; gain = 623.562
---------------------------------------------------------------------------------
---------------------------------------------------------------------------------
Start Rebuilding User Hierarchy
---------------------------------------------------------------------------------
---------------------------------------------------------------------------------
Finished Rebuilding User Hierarchy : Time (s): cpu = 00:02:00 ; elapsed = 00:02:05 . Memory (MB): peak = 1433.391 ; gain = 623.562
---------------------------------------------------------------------------------
---------------------------------------------------------------------------------
Start Renaming Generated Ports
---------------------------------------------------------------------------------
---------------------------------------------------------------------------------
Finished Renaming Generated Ports : Time (s): cpu = 00:02:00 ; elapsed = 00:02:05 . Memory (MB): peak = 1433.391 ; gain = 623.562
---------------------------------------------------------------------------------
---------------------------------------------------------------------------------
Start Handling Custom Attributes
---------------------------------------------------------------------------------
---------------------------------------------------------------------------------
Finished Handling Custom Attributes : Time (s): cpu = 00:02:00 ; elapsed = 00:02:06 . Memory (MB): peak = 1433.391 ; gain = 623.562
---------------------------------------------------------------------------------
---------------------------------------------------------------------------------
Start Renaming Generated Nets
---------------------------------------------------------------------------------
---------------------------------------------------------------------------------
Finished Renaming Generated Nets : Time (s): cpu = 00:02:00 ; elapsed = 00:02:06 . Memory (MB): peak = 1433.391 ; gain = 623.562
---------------------------------------------------------------------------------
---------------------------------------------------------------------------------
Start Writing Synthesis Report
---------------------------------------------------------------------------------

DSP Final Report (the ' indicates corresponding REG is set)
+-------------+--------------+--------+--------+--------+--------+--------+------+------+------+------+-------+------+------+
|Module Name  | DSP Mapping  | A Size | B Size | C Size | D Size | P Size | AREG | BREG | CREG | DREG | ADREG | MREG | PREG | 
+-------------+--------------+--------+--------+--------+--------+--------+------+------+------+------+-------+------+------+
|color_mapper | A*B          | 17     | 18     | -      | -      | 48     | 0    | 0    | -    | -    | -     | 0    | 0    | 
|color_mapper | A*B          | 17     | 17     | -      | -      | 48     | 0    | 0    | -    | -    | -     | 0    | 0    | 
|color_mapper | PCIN>>17+A*B | 17     | 18     | -      | -      | 48     | 0    | 0    | -    | -    | -     | 0    | 0    | 
|color_mapper | A*B          | 17     | 18     | -      | -      | 48     | 0    | 0    | -    | -    | -     | 0    | 0    | 
|color_mapper | A*B          | 17     | 17     | -      | -      | 48     | 0    | 0    | -    | -    | -     | 0    | 0    | 
|color_mapper | PCIN>>17+A*B | 17     | 18     | -      | -      | 48     | 0    | 0    | -    | -    | -     | 0    | 0    | 
|color_mapper | A*B          | 17     | 18     | -      | -      | 48     | 0    | 0    | -    | -    | -     | 0    | 0    | 
|color_mapper | A*B          | 17     | 17     | -      | -      | 48     | 0    | 0    | -    | -    | -     | 0    | 0    | 
|color_mapper | PCIN>>17+A*B | 17     | 18     | -      | -      | 48     | 0    | 0    | -    | -    | -     | 0    | 0    | 
|color_mapper | A*B          | 17     | 18     | -      | -      | 48     | 0    | 0    | -    | -    | -     | 0    | 0    | 
|color_mapper | A*B          | 17     | 17     | -      | -      | 48     | 0    | 0    | -    | -    | -     | 0    | 0    | 
|color_mapper | PCIN>>17+A*B | 17     | 18     | -      | -      | 48     | 0    | 0    | -    | -    | -     | 0    | 0    | 
+-------------+--------------+--------+--------+--------+--------+--------+------+------+------+------+-------+------+------+


Report BlackBoxes: 
+------+----------------------------------+----------+
|      |BlackBox name                     |Instances |
+------+----------------------------------+----------+
|1     |mb_block_xbar_0                   |         1|
|2     |mb_block_axi_uartlite_0_0         |         1|
|3     |mb_block_clk_wiz_1_0              |         1|
|4     |mb_block_axi_gpio_0_3             |         1|
|5     |mb_block_axi_gpio_0_1             |         1|
|6     |mb_block_axi_gpio_0_2             |         1|
|7     |mb_block_axi_gpio_0_0             |         1|
|8     |mb_block_axi_gpio_0_4             |         1|
|9     |mb_block_hdmi_text_controller_0_1 |         1|
|10    |mb_block_mdm_1_0                  |         1|
|11    |mb_block_microblaze_0_0           |         1|
|12    |mb_block_microblaze_0_axi_intc_0  |         1|
|13    |mb_block_rst_clk_wiz_1_100M_0     |         1|
|14    |mb_block_axi_quad_spi_0_0         |         1|
|15    |mb_block_axi_timer_0_0            |         1|
|16    |mb_block_dlmb_bram_if_cntlr_0     |         1|
|17    |mb_block_dlmb_v10_0               |         1|
|18    |mb_block_ilmb_bram_if_cntlr_0     |         1|
|19    |mb_block_ilmb_v10_0               |         1|
|20    |mb_block_lmb_bram_0               |         1|
|21    |clk_wiz_0                         |         1|
|22    |hdmi_tx_0                         |         1|
|23    |blk_mem_gen_0                     |         1|
+------+----------------------------------+----------+

Report Cell Usage: 
+------+--------------------------------+------+
|      |Cell                            |Count |
+------+--------------------------------+------+
|1     |blk_mem_gen                     |     1|
|2     |clk_wiz                         |     1|
|3     |hdmi_tx                         |     1|
|4     |mb_block_axi_gpio_0             |     5|
|9     |mb_block_axi_quad_spi_0         |     1|
|10    |mb_block_axi_timer_0            |     1|
|11    |mb_block_axi_uartlite_0         |     1|
|12    |mb_block_clk_wiz_1              |     1|
|13    |mb_block_dlmb_bram_if_cntlr     |     1|
|14    |mb_block_dlmb_v10               |     1|
|15    |mb_block_hdmi_text_controller_0 |     1|
|16    |mb_block_ilmb_bram_if_cntlr     |     1|
|17    |mb_block_ilmb_v10               |     1|
|18    |mb_block_lmb_bram               |     1|
|19    |mb_block_mdm_1                  |     1|
|20    |mb_block_microblaze_0           |     1|
|21    |mb_block_microblaze_0_axi_intc  |     1|
|22    |mb_block_rst_clk_wiz_1_100M     |     1|
|23    |mb_block_xbar                   |     1|
|24    |BUFG                            |     1|
|25    |CARRY4                          |   146|
|26    |DSP48E1                         |    12|
|27    |LUT1                            |    42|
|28    |LUT2                            |   351|
|29    |LUT3                            |   124|
|30    |LUT4                            |   146|
|31    |LUT5                            |   293|
|32    |LUT6                            |   735|
|33    |MUXF7                           |    93|
|34    |MUXF8                           |     2|
|35    |FDCE                            |    46|
|36    |FDPE                            |     4|
|37    |FDRE                            |    21|
|38    |LD                              |    50|
|39    |IBUF                            |     4|
|40    |OBUF                            |    29|
+------+--------------------------------+------+
---------------------------------------------------------------------------------
Finished Writing Synthesis Report : Time (s): cpu = 00:02:00 ; elapsed = 00:02:06 . Memory (MB): peak = 1433.391 ; gain = 623.562
---------------------------------------------------------------------------------
Synthesis finished with 0 errors, 0 critical warnings and 66 warnings.
Synthesis Optimization Runtime : Time (s): cpu = 00:01:37 ; elapsed = 00:02:00 . Memory (MB): peak = 1433.391 ; gain = 528.820
Synthesis Optimization Complete : Time (s): cpu = 00:02:01 ; elapsed = 00:02:06 . Memory (MB): peak = 1433.391 ; gain = 623.562
INFO: [Project 1-571] Translating synthesized netlist
Netlist sorting complete. Time (s): cpu = 00:00:00 ; elapsed = 00:00:00.149 . Memory (MB): peak = 1441.551 ; gain = 0.000
INFO: [Netlist 29-17] Analyzing 303 Unisim elements for replacement
INFO: [Netlist 29-28] Unisim Transformation completed in 0 CPU seconds
INFO: [Project 1-570] Preparing netlist for logic optimization
INFO: [Opt 31-140] Inserted 1 IBUFs to IO ports without IO buffers.
INFO: [Opt 31-138] Pushed 0 inverter(s) to 0 load pin(s).
Netlist sorting complete. Time (s): cpu = 00:00:00 ; elapsed = 00:00:00.001 . Memory (MB): peak = 1448.160 ; gain = 0.000
INFO: [Project 1-111] Unisim Transformation Summary:
  A total of 50 instances were transformed.
  LD => LDCE: 50 instances

Synth Design complete, checksum: 9a74c745
INFO: [Common 17-83] Releasing license: Synthesis
131 Infos, 183 Warnings, 1 Critical Warnings and 0 Errors encountered.
synth_design completed successfully
synth_design: Time (s): cpu = 00:02:10 ; elapsed = 00:02:33 . Memory (MB): peak = 1448.160 ; gain = 1014.848
INFO: [runtcl-6] Synthesis results are not added to the cache due to CRITICAL_WARNING
INFO: [Common 17-1381] The checkpoint 'C:/Users/klok1/Documents/ECE385_Pokemon/ECE385_Pokemon.runs/synth_1/Pokemon_Top.dcp' has been generated.
INFO: [runtcl-4] Executing : report_utilization -file Pokemon_Top_utilization_synth.rpt -pb Pokemon_Top_utilization_synth.pb
INFO: [Common 17-206] Exiting Vivado at Thu Dec  7 03:57:37 2023...
