
*** Running vivado
    with args -log mb_block_axi_uartlite_0_0.vds -m64 -product Vivado -mode batch -messageDb vivado.pb -notrace -source mb_block_axi_uartlite_0_0.tcl



****** Vivado v2022.2 (64-bit)
  **** SW Build 3671981 on Fri Oct 14 05:00:03 MDT 2022
  **** IP Build 3669848 on Fri Oct 14 08:30:02 MDT 2022
    ** Copyright 1986-2022 Xilinx, Inc. All Rights Reserved.

source mb_block_axi_uartlite_0_0.tcl -notrace
create_project: Time (s): cpu = 00:00:08 ; elapsed = 00:00:10 . Memory (MB): peak = 373.648 ; gain = 45.324
INFO: [IP_Flow 19-234] Refreshing IP repositories
INFO: [IP_Flow 19-1700] Loaded user IP repository 'c:/Users/klok1/Documents/ECE385_Pokemon/ip_repo/hdmi_tx_1.0'.
INFO: [IP_Flow 19-2313] Loaded Vivado IP repository 'C:/Xilinx/Vivado/2022.2/data/ip'.
INFO: [IP_Flow 19-6924] IPCACHE: Running cache check for IP inst: mb_block_axi_uartlite_0_0
Command: synth_design -top mb_block_axi_uartlite_0_0 -part xc7s50csga324-1 -incremental_mode off -mode out_of_context
Starting synth_design
Attempting to get a license for feature 'Synthesis' and/or device 'xc7s50'
INFO: [Common 17-349] Got license for feature 'Synthesis' and/or device 'xc7s50'
INFO: [Device 21-403] Loading part xc7s50csga324-1
INFO: [Synth 8-7079] Multithreading enabled for synth_design using a maximum of 2 processes.
INFO: [Synth 8-7078] Launching helper process for spawning children vivado processes
INFO: [Synth 8-7075] Helper process launched with PID 23420
INFO: [Synth 8-11241] undeclared symbol 'REGCCE', assumed default net type 'wire' [C:/Xilinx/Vivado/2022.2/data/verilog/src/unimacro/BRAM_SINGLE_MACRO.v:2170]
---------------------------------------------------------------------------------
Starting RTL Elaboration : Time (s): cpu = 00:00:13 ; elapsed = 00:00:25 . Memory (MB): peak = 1184.980 ; gain = 407.402
---------------------------------------------------------------------------------
INFO: [Synth 8-638] synthesizing module 'mb_block_axi_uartlite_0_0' [c:/Users/klok1/Documents/ECE385_Pokemon/ECE385_Pokemon.gen/sources_1/bd/mb_block/ip/mb_block_axi_uartlite_0_0/synth/mb_block_axi_uartlite_0_0.vhd:86]
	Parameter C_FAMILY bound to: spartan7 - type: string 
	Parameter C_S_AXI_ACLK_FREQ_HZ bound to: 100000000 - type: integer 
	Parameter C_S_AXI_ADDR_WIDTH bound to: 4 - type: integer 
	Parameter C_S_AXI_DATA_WIDTH bound to: 32 - type: integer 
	Parameter C_BAUDRATE bound to: 115200 - type: integer 
	Parameter C_DATA_BITS bound to: 8 - type: integer 
	Parameter C_USE_PARITY bound to: 0 - type: integer 
	Parameter C_ODD_PARITY bound to: 0 - type: integer 
INFO: [Synth 8-3491] module 'axi_uartlite' declared at 'c:/Users/klok1/Documents/ECE385_Pokemon/ECE385_Pokemon.gen/sources_1/bd/mb_block/ipshared/67a1/hdl/axi_uartlite_v2_0_vh_rfs.vhd:2128' bound to instance 'U0' of component 'axi_uartlite' [c:/Users/klok1/Documents/ECE385_Pokemon/ECE385_Pokemon.gen/sources_1/bd/mb_block/ip/mb_block_axi_uartlite_0_0/synth/mb_block_axi_uartlite_0_0.vhd:162]
INFO: [Synth 8-638] synthesizing module 'axi_uartlite' [c:/Users/klok1/Documents/ECE385_Pokemon/ECE385_Pokemon.gen/sources_1/bd/mb_block/ipshared/67a1/hdl/axi_uartlite_v2_0_vh_rfs.vhd:2190]
INFO: [Synth 8-638] synthesizing module 'uartlite_core' [c:/Users/klok1/Documents/ECE385_Pokemon/ECE385_Pokemon.gen/sources_1/bd/mb_block/ipshared/67a1/hdl/axi_uartlite_v2_0_vh_rfs.vhd:1650]
INFO: [Synth 8-638] synthesizing module 'baudrate' [c:/Users/klok1/Documents/ECE385_Pokemon/ECE385_Pokemon.gen/sources_1/bd/mb_block/ipshared/67a1/hdl/axi_uartlite_v2_0_vh_rfs.vhd:1453]
INFO: [Synth 8-256] done synthesizing module 'baudrate' (0#1) [c:/Users/klok1/Documents/ECE385_Pokemon/ECE385_Pokemon.gen/sources_1/bd/mb_block/ipshared/67a1/hdl/axi_uartlite_v2_0_vh_rfs.vhd:1453]
INFO: [Synth 8-638] synthesizing module 'uartlite_rx' [c:/Users/klok1/Documents/ECE385_Pokemon/ECE385_Pokemon.gen/sources_1/bd/mb_block/ipshared/67a1/hdl/axi_uartlite_v2_0_vh_rfs.vhd:927]
INFO: [Synth 8-638] synthesizing module 'cdc_sync' [c:/Users/klok1/Documents/ECE385_Pokemon/ECE385_Pokemon.gen/sources_1/bd/mb_block/ipshared/ef1e/hdl/lib_cdc_v1_0_rfs.vhd:106]
	Parameter INIT bound to: 1'b0 
INFO: [Synth 8-113] binding component instance 'CROSS_PLEVEL_IN2SCNDRY_IN_cdc_to' to cell 'FDR' [c:/Users/klok1/Documents/ECE385_Pokemon/ECE385_Pokemon.gen/sources_1/bd/mb_block/ipshared/ef1e/hdl/lib_cdc_v1_0_rfs.vhd:514]
	Parameter INIT bound to: 1'b0 
INFO: [Synth 8-113] binding component instance 'CROSS_PLEVEL_IN2SCNDRY_s_level_out_d2' to cell 'FDR' [c:/Users/klok1/Documents/ECE385_Pokemon/ECE385_Pokemon.gen/sources_1/bd/mb_block/ipshared/ef1e/hdl/lib_cdc_v1_0_rfs.vhd:545]
	Parameter INIT bound to: 1'b0 
INFO: [Synth 8-113] binding component instance 'CROSS_PLEVEL_IN2SCNDRY_s_level_out_d3' to cell 'FDR' [c:/Users/klok1/Documents/ECE385_Pokemon/ECE385_Pokemon.gen/sources_1/bd/mb_block/ipshared/ef1e/hdl/lib_cdc_v1_0_rfs.vhd:554]
	Parameter INIT bound to: 1'b0 
INFO: [Synth 8-113] binding component instance 'CROSS_PLEVEL_IN2SCNDRY_s_level_out_d4' to cell 'FDR' [c:/Users/klok1/Documents/ECE385_Pokemon/ECE385_Pokemon.gen/sources_1/bd/mb_block/ipshared/ef1e/hdl/lib_cdc_v1_0_rfs.vhd:564]
	Parameter INIT bound to: 1'b0 
INFO: [Synth 8-113] binding component instance 'CROSS_PLEVEL_IN2SCNDRY_s_level_out_d5' to cell 'FDR' [c:/Users/klok1/Documents/ECE385_Pokemon/ECE385_Pokemon.gen/sources_1/bd/mb_block/ipshared/ef1e/hdl/lib_cdc_v1_0_rfs.vhd:574]
	Parameter INIT bound to: 1'b0 
INFO: [Synth 8-113] binding component instance 'CROSS_PLEVEL_IN2SCNDRY_s_level_out_d6' to cell 'FDR' [c:/Users/klok1/Documents/ECE385_Pokemon/ECE385_Pokemon.gen/sources_1/bd/mb_block/ipshared/ef1e/hdl/lib_cdc_v1_0_rfs.vhd:584]
INFO: [Synth 8-256] done synthesizing module 'cdc_sync' (0#1) [c:/Users/klok1/Documents/ECE385_Pokemon/ECE385_Pokemon.gen/sources_1/bd/mb_block/ipshared/ef1e/hdl/lib_cdc_v1_0_rfs.vhd:106]
INFO: [Synth 8-638] synthesizing module 'srl_fifo_f' [c:/Users/klok1/Documents/ECE385_Pokemon/ECE385_Pokemon.gen/sources_1/bd/mb_block/ipshared/51ce/hdl/lib_srl_fifo_v1_0_rfs.vhd:1000]
INFO: [Synth 8-638] synthesizing module 'srl_fifo_rbu_f' [c:/Users/klok1/Documents/ECE385_Pokemon/ECE385_Pokemon.gen/sources_1/bd/mb_block/ipshared/51ce/hdl/lib_srl_fifo_v1_0_rfs.vhd:697]
INFO: [Synth 8-638] synthesizing module 'cntr_incr_decr_addn_f' [c:/Users/klok1/Documents/ECE385_Pokemon/ECE385_Pokemon.gen/sources_1/bd/mb_block/ipshared/51ce/hdl/lib_srl_fifo_v1_0_rfs.vhd:143]
INFO: [Synth 8-256] done synthesizing module 'cntr_incr_decr_addn_f' (0#1) [c:/Users/klok1/Documents/ECE385_Pokemon/ECE385_Pokemon.gen/sources_1/bd/mb_block/ipshared/51ce/hdl/lib_srl_fifo_v1_0_rfs.vhd:143]
INFO: [Synth 8-638] synthesizing module 'dynshreg_f' [c:/Users/klok1/Documents/ECE385_Pokemon/ECE385_Pokemon.gen/sources_1/bd/mb_block/ipshared/51ce/hdl/lib_srl_fifo_v1_0_rfs.vhd:397]
INFO: [Synth 8-256] done synthesizing module 'dynshreg_f' (0#1) [c:/Users/klok1/Documents/ECE385_Pokemon/ECE385_Pokemon.gen/sources_1/bd/mb_block/ipshared/51ce/hdl/lib_srl_fifo_v1_0_rfs.vhd:397]
INFO: [Synth 8-256] done synthesizing module 'srl_fifo_rbu_f' (0#1) [c:/Users/klok1/Documents/ECE385_Pokemon/ECE385_Pokemon.gen/sources_1/bd/mb_block/ipshared/51ce/hdl/lib_srl_fifo_v1_0_rfs.vhd:697]
INFO: [Synth 8-256] done synthesizing module 'srl_fifo_f' (0#1) [c:/Users/klok1/Documents/ECE385_Pokemon/ECE385_Pokemon.gen/sources_1/bd/mb_block/ipshared/51ce/hdl/lib_srl_fifo_v1_0_rfs.vhd:1000]
INFO: [Synth 8-256] done synthesizing module 'uartlite_rx' (0#1) [c:/Users/klok1/Documents/ECE385_Pokemon/ECE385_Pokemon.gen/sources_1/bd/mb_block/ipshared/67a1/hdl/axi_uartlite_v2_0_vh_rfs.vhd:927]
INFO: [Synth 8-638] synthesizing module 'uartlite_tx' [c:/Users/klok1/Documents/ECE385_Pokemon/ECE385_Pokemon.gen/sources_1/bd/mb_block/ipshared/67a1/hdl/axi_uartlite_v2_0_vh_rfs.vhd:408]
INFO: [Synth 8-256] done synthesizing module 'uartlite_tx' (0#1) [c:/Users/klok1/Documents/ECE385_Pokemon/ECE385_Pokemon.gen/sources_1/bd/mb_block/ipshared/67a1/hdl/axi_uartlite_v2_0_vh_rfs.vhd:408]
INFO: [Synth 8-256] done synthesizing module 'uartlite_core' (0#1) [c:/Users/klok1/Documents/ECE385_Pokemon/ECE385_Pokemon.gen/sources_1/bd/mb_block/ipshared/67a1/hdl/axi_uartlite_v2_0_vh_rfs.vhd:1650]
INFO: [Synth 8-638] synthesizing module 'axi_lite_ipif' [c:/Users/klok1/Documents/ECE385_Pokemon/ECE385_Pokemon.gen/sources_1/bd/mb_block/ipshared/66ea/hdl/axi_lite_ipif_v3_0_vh_rfs.vhd:2948]
INFO: [Synth 8-638] synthesizing module 'slave_attachment' [c:/Users/klok1/Documents/ECE385_Pokemon/ECE385_Pokemon.gen/sources_1/bd/mb_block/ipshared/66ea/hdl/axi_lite_ipif_v3_0_vh_rfs.vhd:2341]
INFO: [Synth 8-638] synthesizing module 'address_decoder' [c:/Users/klok1/Documents/ECE385_Pokemon/ECE385_Pokemon.gen/sources_1/bd/mb_block/ipshared/66ea/hdl/axi_lite_ipif_v3_0_vh_rfs.vhd:1775]
INFO: [Synth 8-638] synthesizing module 'pselect_f' [c:/Users/klok1/Documents/ECE385_Pokemon/ECE385_Pokemon.gen/sources_1/bd/mb_block/ipshared/66ea/hdl/axi_lite_ipif_v3_0_vh_rfs.vhd:1534]
INFO: [Synth 8-256] done synthesizing module 'pselect_f' (0#1) [c:/Users/klok1/Documents/ECE385_Pokemon/ECE385_Pokemon.gen/sources_1/bd/mb_block/ipshared/66ea/hdl/axi_lite_ipif_v3_0_vh_rfs.vhd:1534]
INFO: [Synth 8-638] synthesizing module 'pselect_f__parameterized0' [c:/Users/klok1/Documents/ECE385_Pokemon/ECE385_Pokemon.gen/sources_1/bd/mb_block/ipshared/66ea/hdl/axi_lite_ipif_v3_0_vh_rfs.vhd:1534]
INFO: [Synth 8-256] done synthesizing module 'pselect_f__parameterized0' (0#1) [c:/Users/klok1/Documents/ECE385_Pokemon/ECE385_Pokemon.gen/sources_1/bd/mb_block/ipshared/66ea/hdl/axi_lite_ipif_v3_0_vh_rfs.vhd:1534]
INFO: [Synth 8-638] synthesizing module 'pselect_f__parameterized1' [c:/Users/klok1/Documents/ECE385_Pokemon/ECE385_Pokemon.gen/sources_1/bd/mb_block/ipshared/66ea/hdl/axi_lite_ipif_v3_0_vh_rfs.vhd:1534]
INFO: [Synth 8-256] done synthesizing module 'pselect_f__parameterized1' (0#1) [c:/Users/klok1/Documents/ECE385_Pokemon/ECE385_Pokemon.gen/sources_1/bd/mb_block/ipshared/66ea/hdl/axi_lite_ipif_v3_0_vh_rfs.vhd:1534]
INFO: [Synth 8-638] synthesizing module 'pselect_f__parameterized2' [c:/Users/klok1/Documents/ECE385_Pokemon/ECE385_Pokemon.gen/sources_1/bd/mb_block/ipshared/66ea/hdl/axi_lite_ipif_v3_0_vh_rfs.vhd:1534]
INFO: [Synth 8-256] done synthesizing module 'pselect_f__parameterized2' (0#1) [c:/Users/klok1/Documents/ECE385_Pokemon/ECE385_Pokemon.gen/sources_1/bd/mb_block/ipshared/66ea/hdl/axi_lite_ipif_v3_0_vh_rfs.vhd:1534]
INFO: [Synth 8-256] done synthesizing module 'address_decoder' (0#1) [c:/Users/klok1/Documents/ECE385_Pokemon/ECE385_Pokemon.gen/sources_1/bd/mb_block/ipshared/66ea/hdl/axi_lite_ipif_v3_0_vh_rfs.vhd:1775]
INFO: [Synth 8-226] default block is never used [c:/Users/klok1/Documents/ECE385_Pokemon/ECE385_Pokemon.gen/sources_1/bd/mb_block/ipshared/66ea/hdl/axi_lite_ipif_v3_0_vh_rfs.vhd:2550]
INFO: [Synth 8-256] done synthesizing module 'slave_attachment' (0#1) [c:/Users/klok1/Documents/ECE385_Pokemon/ECE385_Pokemon.gen/sources_1/bd/mb_block/ipshared/66ea/hdl/axi_lite_ipif_v3_0_vh_rfs.vhd:2341]
INFO: [Synth 8-256] done synthesizing module 'axi_lite_ipif' (0#1) [c:/Users/klok1/Documents/ECE385_Pokemon/ECE385_Pokemon.gen/sources_1/bd/mb_block/ipshared/66ea/hdl/axi_lite_ipif_v3_0_vh_rfs.vhd:2948]
INFO: [Synth 8-256] done synthesizing module 'axi_uartlite' (0#1) [c:/Users/klok1/Documents/ECE385_Pokemon/ECE385_Pokemon.gen/sources_1/bd/mb_block/ipshared/67a1/hdl/axi_uartlite_v2_0_vh_rfs.vhd:2190]
INFO: [Synth 8-256] done synthesizing module 'mb_block_axi_uartlite_0_0' (0#1) [c:/Users/klok1/Documents/ECE385_Pokemon/ECE385_Pokemon.gen/sources_1/bd/mb_block/ip/mb_block_axi_uartlite_0_0/synth/mb_block_axi_uartlite_0_0.vhd:86]
WARNING: [Synth 8-6014] Unused sequential element is_read_reg was removed.  [c:/Users/klok1/Documents/ECE385_Pokemon/ECE385_Pokemon.gen/sources_1/bd/mb_block/ipshared/66ea/hdl/axi_lite_ipif_v3_0_vh_rfs.vhd:2447]
WARNING: [Synth 8-6014] Unused sequential element is_write_reg was removed.  [c:/Users/klok1/Documents/ECE385_Pokemon/ECE385_Pokemon.gen/sources_1/bd/mb_block/ipshared/66ea/hdl/axi_lite_ipif_v3_0_vh_rfs.vhd:2448]
WARNING: [Synth 8-7129] Port Address_In_Erly[2] in module address_decoder is either unconnected or has no load
WARNING: [Synth 8-7129] Port Address_In_Erly[3] in module address_decoder is either unconnected or has no load
WARNING: [Synth 8-7129] Port Bus_RNW in module address_decoder is either unconnected or has no load
WARNING: [Synth 8-7129] Port S_AXI_WSTRB[3] in module slave_attachment is either unconnected or has no load
WARNING: [Synth 8-7129] Port S_AXI_WSTRB[2] in module slave_attachment is either unconnected or has no load
WARNING: [Synth 8-7129] Port S_AXI_WSTRB[1] in module slave_attachment is either unconnected or has no load
WARNING: [Synth 8-7129] Port S_AXI_WSTRB[0] in module slave_attachment is either unconnected or has no load
WARNING: [Synth 8-7129] Port prmry_aclk in module cdc_sync is either unconnected or has no load
WARNING: [Synth 8-7129] Port prmry_resetn in module cdc_sync is either unconnected or has no load
WARNING: [Synth 8-7129] Port prmry_vect_in[31] in module cdc_sync is either unconnected or has no load
WARNING: [Synth 8-7129] Port prmry_vect_in[30] in module cdc_sync is either unconnected or has no load
WARNING: [Synth 8-7129] Port prmry_vect_in[29] in module cdc_sync is either unconnected or has no load
WARNING: [Synth 8-7129] Port prmry_vect_in[28] in module cdc_sync is either unconnected or has no load
WARNING: [Synth 8-7129] Port prmry_vect_in[27] in module cdc_sync is either unconnected or has no load
WARNING: [Synth 8-7129] Port prmry_vect_in[26] in module cdc_sync is either unconnected or has no load
WARNING: [Synth 8-7129] Port prmry_vect_in[25] in module cdc_sync is either unconnected or has no load
WARNING: [Synth 8-7129] Port prmry_vect_in[24] in module cdc_sync is either unconnected or has no load
WARNING: [Synth 8-7129] Port prmry_vect_in[23] in module cdc_sync is either unconnected or has no load
WARNING: [Synth 8-7129] Port prmry_vect_in[22] in module cdc_sync is either unconnected or has no load
WARNING: [Synth 8-7129] Port prmry_vect_in[21] in module cdc_sync is either unconnected or has no load
WARNING: [Synth 8-7129] Port prmry_vect_in[20] in module cdc_sync is either unconnected or has no load
WARNING: [Synth 8-7129] Port prmry_vect_in[19] in module cdc_sync is either unconnected or has no load
WARNING: [Synth 8-7129] Port prmry_vect_in[18] in module cdc_sync is either unconnected or has no load
WARNING: [Synth 8-7129] Port prmry_vect_in[17] in module cdc_sync is either unconnected or has no load
WARNING: [Synth 8-7129] Port prmry_vect_in[16] in module cdc_sync is either unconnected or has no load
WARNING: [Synth 8-7129] Port prmry_vect_in[15] in module cdc_sync is either unconnected or has no load
WARNING: [Synth 8-7129] Port prmry_vect_in[14] in module cdc_sync is either unconnected or has no load
WARNING: [Synth 8-7129] Port prmry_vect_in[13] in module cdc_sync is either unconnected or has no load
WARNING: [Synth 8-7129] Port prmry_vect_in[12] in module cdc_sync is either unconnected or has no load
WARNING: [Synth 8-7129] Port prmry_vect_in[11] in module cdc_sync is either unconnected or has no load
WARNING: [Synth 8-7129] Port prmry_vect_in[10] in module cdc_sync is either unconnected or has no load
WARNING: [Synth 8-7129] Port prmry_vect_in[9] in module cdc_sync is either unconnected or has no load
WARNING: [Synth 8-7129] Port prmry_vect_in[8] in module cdc_sync is either unconnected or has no load
WARNING: [Synth 8-7129] Port prmry_vect_in[7] in module cdc_sync is either unconnected or has no load
WARNING: [Synth 8-7129] Port prmry_vect_in[6] in module cdc_sync is either unconnected or has no load
WARNING: [Synth 8-7129] Port prmry_vect_in[5] in module cdc_sync is either unconnected or has no load
WARNING: [Synth 8-7129] Port prmry_vect_in[4] in module cdc_sync is either unconnected or has no load
WARNING: [Synth 8-7129] Port prmry_vect_in[3] in module cdc_sync is either unconnected or has no load
WARNING: [Synth 8-7129] Port prmry_vect_in[2] in module cdc_sync is either unconnected or has no load
WARNING: [Synth 8-7129] Port prmry_vect_in[1] in module cdc_sync is either unconnected or has no load
WARNING: [Synth 8-7129] Port prmry_vect_in[0] in module cdc_sync is either unconnected or has no load
WARNING: [Synth 8-7129] Port scndry_resetn in module cdc_sync is either unconnected or has no load
WARNING: [Synth 8-7129] Port bus2ip_cs in module uartlite_core is either unconnected or has no load
---------------------------------------------------------------------------------
Finished RTL Elaboration : Time (s): cpu = 00:00:19 ; elapsed = 00:00:33 . Memory (MB): peak = 1292.625 ; gain = 515.047
---------------------------------------------------------------------------------
---------------------------------------------------------------------------------
Start Handling Custom Attributes
---------------------------------------------------------------------------------
---------------------------------------------------------------------------------
Finished Handling Custom Attributes : Time (s): cpu = 00:00:19 ; elapsed = 00:00:34 . Memory (MB): peak = 1292.625 ; gain = 515.047
---------------------------------------------------------------------------------
---------------------------------------------------------------------------------
Finished RTL Optimization Phase 1 : Time (s): cpu = 00:00:19 ; elapsed = 00:00:34 . Memory (MB): peak = 1292.625 ; gain = 515.047
---------------------------------------------------------------------------------
Netlist sorting complete. Time (s): cpu = 00:00:00 ; elapsed = 00:00:00.035 . Memory (MB): peak = 1292.625 ; gain = 0.000
INFO: [Netlist 29-17] Analyzing 6 Unisim elements for replacement
INFO: [Netlist 29-28] Unisim Transformation completed in 0 CPU seconds
INFO: [Project 1-570] Preparing netlist for logic optimization

Processing XDC Constraints
Initializing timing engine
Parsing XDC File [c:/Users/klok1/Documents/ECE385_Pokemon/ECE385_Pokemon.gen/sources_1/bd/mb_block/ip/mb_block_axi_uartlite_0_0/mb_block_axi_uartlite_0_0_ooc.xdc] for cell 'U0'
Finished Parsing XDC File [c:/Users/klok1/Documents/ECE385_Pokemon/ECE385_Pokemon.gen/sources_1/bd/mb_block/ip/mb_block_axi_uartlite_0_0/mb_block_axi_uartlite_0_0_ooc.xdc] for cell 'U0'
Parsing XDC File [c:/Users/klok1/Documents/ECE385_Pokemon/ECE385_Pokemon.gen/sources_1/bd/mb_block/ip/mb_block_axi_uartlite_0_0/mb_block_axi_uartlite_0_0_board.xdc] for cell 'U0'
Finished Parsing XDC File [c:/Users/klok1/Documents/ECE385_Pokemon/ECE385_Pokemon.gen/sources_1/bd/mb_block/ip/mb_block_axi_uartlite_0_0/mb_block_axi_uartlite_0_0_board.xdc] for cell 'U0'
Parsing XDC File [c:/Users/klok1/Documents/ECE385_Pokemon/ECE385_Pokemon.gen/sources_1/bd/mb_block/ip/mb_block_axi_uartlite_0_0/mb_block_axi_uartlite_0_0.xdc] for cell 'U0'
Finished Parsing XDC File [c:/Users/klok1/Documents/ECE385_Pokemon/ECE385_Pokemon.gen/sources_1/bd/mb_block/ip/mb_block_axi_uartlite_0_0/mb_block_axi_uartlite_0_0.xdc] for cell 'U0'
Parsing XDC File [C:/Users/klok1/Documents/ECE385_Pokemon/ECE385_Pokemon.runs/mb_block_axi_uartlite_0_0_synth_1/dont_touch.xdc]
Finished Parsing XDC File [C:/Users/klok1/Documents/ECE385_Pokemon/ECE385_Pokemon.runs/mb_block_axi_uartlite_0_0_synth_1/dont_touch.xdc]
Completed Processing XDC Constraints

Netlist sorting complete. Time (s): cpu = 00:00:00 ; elapsed = 00:00:00.001 . Memory (MB): peak = 1358.500 ; gain = 0.000
INFO: [Project 1-111] Unisim Transformation Summary:
  A total of 6 instances were transformed.
  FDR => FDRE: 6 instances

Constraint Validation Runtime : Time (s): cpu = 00:00:00 ; elapsed = 00:00:00.107 . Memory (MB): peak = 1359.316 ; gain = 0.816
INFO: [Designutils 20-5008] Incremental synthesis strategy off
INFO: [Synth 8-11241] undeclared symbol 'REGCCE', assumed default net type 'wire' [C:/Xilinx/Vivado/2022.2/data/verilog/src/unimacro/BRAM_SINGLE_MACRO.v:2170]
---------------------------------------------------------------------------------
Finished Constraint Validation : Time (s): cpu = 00:00:38 ; elapsed = 00:00:56 . Memory (MB): peak = 1359.316 ; gain = 581.738
---------------------------------------------------------------------------------
---------------------------------------------------------------------------------
Start Loading Part and Timing Information
---------------------------------------------------------------------------------
Loading part: xc7s50csga324-1
---------------------------------------------------------------------------------
Finished Loading Part and Timing Information : Time (s): cpu = 00:00:38 ; elapsed = 00:00:56 . Memory (MB): peak = 1359.316 ; gain = 581.738
---------------------------------------------------------------------------------
---------------------------------------------------------------------------------
Start Applying 'set_property' XDC Constraints
---------------------------------------------------------------------------------
Applied set_property KEEP_HIERARCHY = SOFT for U0. (constraint file  C:/Users/klok1/Documents/ECE385_Pokemon/ECE385_Pokemon.runs/mb_block_axi_uartlite_0_0_synth_1/dont_touch.xdc, line 9).
---------------------------------------------------------------------------------
Finished applying 'set_property' XDC Constraints : Time (s): cpu = 00:00:38 ; elapsed = 00:00:56 . Memory (MB): peak = 1359.316 ; gain = 581.738
---------------------------------------------------------------------------------
INFO: [Synth 8-802] inferred FSM for state register 'state_reg' in module 'slave_attachment'
---------------------------------------------------------------------------------------------------
                   State |                     New Encoding |                Previous Encoding 
---------------------------------------------------------------------------------------------------
                 sm_idle |                             0010 |                               00
                 sm_read |                             1000 |                               01
                sm_write |                             0100 |                               10
                 sm_resp |                             0001 |                               11
---------------------------------------------------------------------------------------------------
INFO: [Synth 8-3354] encoded FSM with state register 'state_reg' using encoding 'one-hot' in module 'slave_attachment'
---------------------------------------------------------------------------------
Finished RTL Optimization Phase 2 : Time (s): cpu = 00:00:40 ; elapsed = 00:00:58 . Memory (MB): peak = 1359.316 ; gain = 581.738
---------------------------------------------------------------------------------
---------------------------------------------------------------------------------
Start RTL Component Statistics 
---------------------------------------------------------------------------------
Detailed RTL Component Info : 
+---Adders : 
	   2 Input    6 Bit       Adders := 1     
	   3 Input    5 Bit       Adders := 2     
	   2 Input    3 Bit       Adders := 1     
+---Registers : 
	               32 Bit    Registers := 1     
	               16 Bit    Registers := 2     
	                6 Bit    Registers := 1     
	                5 Bit    Registers := 2     
	                4 Bit    Registers := 1     
	                3 Bit    Registers := 1     
	                2 Bit    Registers := 2     
	                1 Bit    Registers := 46    
+---Muxes : 
	   2 Input    8 Bit        Muxes := 2     
	   2 Input    6 Bit        Muxes := 1     
	   4 Input    4 Bit        Muxes := 1     
	   2 Input    4 Bit        Muxes := 6     
	   2 Input    3 Bit        Muxes := 1     
	   2 Input    2 Bit        Muxes := 2     
	   2 Input    1 Bit        Muxes := 113   
---------------------------------------------------------------------------------
Finished RTL Component Statistics 
---------------------------------------------------------------------------------
---------------------------------------------------------------------------------
Start Part Resource Summary
---------------------------------------------------------------------------------
Part Resources:
DSPs: 120 (col length:60)
BRAMs: 150 (col length: RAMB18 60 RAMB36 30)
---------------------------------------------------------------------------------
Finished Part Resource Summary
---------------------------------------------------------------------------------
---------------------------------------------------------------------------------
Start Cross Boundary and Area Optimization
---------------------------------------------------------------------------------
WARNING: [Synth 8-7080] Parallel synthesis criteria is not met
WARNING: [Synth 8-7129] Port s_axi_wdata[31] in module axi_uartlite is either unconnected or has no load
WARNING: [Synth 8-7129] Port s_axi_wdata[30] in module axi_uartlite is either unconnected or has no load
WARNING: [Synth 8-7129] Port s_axi_wdata[29] in module axi_uartlite is either unconnected or has no load
WARNING: [Synth 8-7129] Port s_axi_wdata[28] in module axi_uartlite is either unconnected or has no load
WARNING: [Synth 8-7129] Port s_axi_wdata[27] in module axi_uartlite is either unconnected or has no load
WARNING: [Synth 8-7129] Port s_axi_wdata[26] in module axi_uartlite is either unconnected or has no load
WARNING: [Synth 8-7129] Port s_axi_wdata[25] in module axi_uartlite is either unconnected or has no load
WARNING: [Synth 8-7129] Port s_axi_wdata[24] in module axi_uartlite is either unconnected or has no load
WARNING: [Synth 8-7129] Port s_axi_wdata[23] in module axi_uartlite is either unconnected or has no load
WARNING: [Synth 8-7129] Port s_axi_wdata[22] in module axi_uartlite is either unconnected or has no load
WARNING: [Synth 8-7129] Port s_axi_wdata[21] in module axi_uartlite is either unconnected or has no load
WARNING: [Synth 8-7129] Port s_axi_wdata[20] in module axi_uartlite is either unconnected or has no load
WARNING: [Synth 8-7129] Port s_axi_wdata[19] in module axi_uartlite is either unconnected or has no load
WARNING: [Synth 8-7129] Port s_axi_wdata[18] in module axi_uartlite is either unconnected or has no load
WARNING: [Synth 8-7129] Port s_axi_wdata[17] in module axi_uartlite is either unconnected or has no load
WARNING: [Synth 8-7129] Port s_axi_wdata[16] in module axi_uartlite is either unconnected or has no load
WARNING: [Synth 8-7129] Port s_axi_wdata[15] in module axi_uartlite is either unconnected or has no load
WARNING: [Synth 8-7129] Port s_axi_wdata[14] in module axi_uartlite is either unconnected or has no load
WARNING: [Synth 8-7129] Port s_axi_wdata[13] in module axi_uartlite is either unconnected or has no load
WARNING: [Synth 8-7129] Port s_axi_wdata[12] in module axi_uartlite is either unconnected or has no load
WARNING: [Synth 8-7129] Port s_axi_wdata[11] in module axi_uartlite is either unconnected or has no load
WARNING: [Synth 8-7129] Port s_axi_wdata[10] in module axi_uartlite is either unconnected or has no load
WARNING: [Synth 8-7129] Port s_axi_wdata[9] in module axi_uartlite is either unconnected or has no load
WARNING: [Synth 8-7129] Port s_axi_wdata[8] in module axi_uartlite is either unconnected or has no load
WARNING: [Synth 8-7129] Port s_axi_wstrb[3] in module axi_uartlite is either unconnected or has no load
WARNING: [Synth 8-7129] Port s_axi_wstrb[2] in module axi_uartlite is either unconnected or has no load
WARNING: [Synth 8-7129] Port s_axi_wstrb[1] in module axi_uartlite is either unconnected or has no load
WARNING: [Synth 8-7129] Port s_axi_wstrb[0] in module axi_uartlite is either unconnected or has no load
INFO: [Synth 8-3332] Sequential element (UARTLITE_CORE_I/UARTLITE_RX_I/INPUT_DOUBLE_REGS3/GENERATE_LEVEL_P_S_CDC.SINGLE_BIT.CROSS_PLEVEL_IN2SCNDRY_s_level_out_d5) is unused and will be removed from module axi_uartlite.
INFO: [Synth 8-3332] Sequential element (UARTLITE_CORE_I/UARTLITE_RX_I/INPUT_DOUBLE_REGS3/GENERATE_LEVEL_P_S_CDC.SINGLE_BIT.CROSS_PLEVEL_IN2SCNDRY_s_level_out_d6) is unused and will be removed from module axi_uartlite.
---------------------------------------------------------------------------------
Finished Cross Boundary and Area Optimization : Time (s): cpu = 00:00:46 ; elapsed = 00:01:06 . Memory (MB): peak = 1359.316 ; gain = 581.738
---------------------------------------------------------------------------------
---------------------------------------------------------------------------------
Start Applying XDC Timing Constraints
---------------------------------------------------------------------------------
---------------------------------------------------------------------------------
Finished Applying XDC Timing Constraints : Time (s): cpu = 00:01:01 ; elapsed = 00:01:22 . Memory (MB): peak = 1359.316 ; gain = 581.738
---------------------------------------------------------------------------------
---------------------------------------------------------------------------------
Start Timing Optimization
---------------------------------------------------------------------------------
---------------------------------------------------------------------------------
Finished Timing Optimization : Time (s): cpu = 00:01:02 ; elapsed = 00:01:24 . Memory (MB): peak = 1359.316 ; gain = 581.738
---------------------------------------------------------------------------------
---------------------------------------------------------------------------------
Start Technology Mapping
---------------------------------------------------------------------------------
---------------------------------------------------------------------------------
Finished Technology Mapping : Time (s): cpu = 00:01:03 ; elapsed = 00:01:24 . Memory (MB): peak = 1359.316 ; gain = 581.738
---------------------------------------------------------------------------------
---------------------------------------------------------------------------------
Start IO Insertion
---------------------------------------------------------------------------------
---------------------------------------------------------------------------------
Start Flattening Before IO Insertion
---------------------------------------------------------------------------------
---------------------------------------------------------------------------------
Finished Flattening Before IO Insertion
---------------------------------------------------------------------------------
---------------------------------------------------------------------------------
Start Final Netlist Cleanup
---------------------------------------------------------------------------------
---------------------------------------------------------------------------------
Finished Final Netlist Cleanup
---------------------------------------------------------------------------------
---------------------------------------------------------------------------------
Finished IO Insertion : Time (s): cpu = 00:01:16 ; elapsed = 00:01:38 . Memory (MB): peak = 1359.316 ; gain = 581.738
---------------------------------------------------------------------------------
---------------------------------------------------------------------------------
Start Renaming Generated Instances
---------------------------------------------------------------------------------
---------------------------------------------------------------------------------
Finished Renaming Generated Instances : Time (s): cpu = 00:01:16 ; elapsed = 00:01:38 . Memory (MB): peak = 1359.316 ; gain = 581.738
---------------------------------------------------------------------------------
---------------------------------------------------------------------------------
Start Rebuilding User Hierarchy
---------------------------------------------------------------------------------
---------------------------------------------------------------------------------
Finished Rebuilding User Hierarchy : Time (s): cpu = 00:01:16 ; elapsed = 00:01:38 . Memory (MB): peak = 1359.316 ; gain = 581.738
---------------------------------------------------------------------------------
---------------------------------------------------------------------------------
Start Renaming Generated Ports
---------------------------------------------------------------------------------
---------------------------------------------------------------------------------
Finished Renaming Generated Ports : Time (s): cpu = 00:01:16 ; elapsed = 00:01:38 . Memory (MB): peak = 1359.316 ; gain = 581.738
---------------------------------------------------------------------------------
---------------------------------------------------------------------------------
Start Handling Custom Attributes
---------------------------------------------------------------------------------
---------------------------------------------------------------------------------
Finished Handling Custom Attributes : Time (s): cpu = 00:01:16 ; elapsed = 00:01:38 . Memory (MB): peak = 1359.316 ; gain = 581.738
---------------------------------------------------------------------------------
---------------------------------------------------------------------------------
Start Renaming Generated Nets
---------------------------------------------------------------------------------
---------------------------------------------------------------------------------
Finished Renaming Generated Nets : Time (s): cpu = 00:01:16 ; elapsed = 00:01:38 . Memory (MB): peak = 1359.316 ; gain = 581.738
---------------------------------------------------------------------------------
---------------------------------------------------------------------------------
Start ROM, RAM, DSP, Shift Register and Retiming Reporting
---------------------------------------------------------------------------------

Static Shift Register Report:
+-------------+--------------------------------------------------+--------+-------+--------------+--------------------+-------------------+--------+---------+
|Module Name  | RTL Name                                         | Length | Width | Reset Signal | Pull out first Reg | Pull out last Reg | SRL16E | SRLC32E | 
+-------------+--------------------------------------------------+--------+-------+--------------+--------------------+-------------------+--------+---------+
|axi_uartlite | UARTLITE_CORE_I/UARTLITE_RX_I/data_shift_reg[15] | 16     | 1     | YES          | NO                 | YES               | 1      | 0       | 
|axi_uartlite | UARTLITE_CORE_I/UARTLITE_TX_I/data_shift_reg[15] | 15     | 1     | YES          | NO                 | YES               | 1      | 0       | 
+-------------+--------------------------------------------------+--------+-------+--------------+--------------------+-------------------+--------+---------+


Dynamic Shift Register Report:
+------------+---------------------------+--------+------------+--------+---------+--------+--------+--------+
|Module Name | RTL Name                  | Length | Data Width | SRL16E | SRLC32E | Mux F7 | Mux F8 | Mux F9 | 
+------------+---------------------------+--------+------------+--------+---------+--------+--------+--------+
|dsrl        | INFERRED_GEN.data_reg[15] | 8      | 8          | 8      | 0       | 0      | 0      | 0      | 
+------------+---------------------------+--------+------------+--------+---------+--------+--------+--------+

---------------------------------------------------------------------------------
Finished ROM, RAM, DSP, Shift Register and Retiming Reporting
---------------------------------------------------------------------------------
---------------------------------------------------------------------------------
Start Writing Synthesis Report
---------------------------------------------------------------------------------

Report BlackBoxes: 
+-+--------------+----------+
| |BlackBox name |Instances |
+-+--------------+----------+
+-+--------------+----------+

Report Cell Usage: 
+------+-------+------+
|      |Cell   |Count |
+------+-------+------+
|1     |LUT1   |     2|
|2     |LUT2   |    13|
|3     |LUT3   |    10|
|4     |LUT4   |    25|
|5     |LUT5   |    22|
|6     |LUT6   |    30|
|7     |MUXF7  |     1|
|8     |SRL16E |    18|
|9     |FDR    |     4|
|10    |FDRE   |    88|
|11    |FDSE   |    18|
+------+-------+------+
---------------------------------------------------------------------------------
Finished Writing Synthesis Report : Time (s): cpu = 00:01:16 ; elapsed = 00:01:39 . Memory (MB): peak = 1359.316 ; gain = 581.738
---------------------------------------------------------------------------------
Synthesis finished with 0 errors, 0 critical warnings and 29 warnings.
Synthesis Optimization Runtime : Time (s): cpu = 00:00:52 ; elapsed = 00:01:32 . Memory (MB): peak = 1359.316 ; gain = 515.047
Synthesis Optimization Complete : Time (s): cpu = 00:01:16 ; elapsed = 00:01:39 . Memory (MB): peak = 1359.316 ; gain = 581.738
INFO: [Project 1-571] Translating synthesized netlist
Netlist sorting complete. Time (s): cpu = 00:00:00 ; elapsed = 00:00:00.009 . Memory (MB): peak = 1359.316 ; gain = 0.000
INFO: [Netlist 29-17] Analyzing 5 Unisim elements for replacement
INFO: [Netlist 29-28] Unisim Transformation completed in 0 CPU seconds
INFO: [Project 1-570] Preparing netlist for logic optimization
INFO: [Opt 31-138] Pushed 0 inverter(s) to 0 load pin(s).
Netlist sorting complete. Time (s): cpu = 00:00:00 ; elapsed = 00:00:00.004 . Memory (MB): peak = 1359.316 ; gain = 0.000
INFO: [Project 1-111] Unisim Transformation Summary:
  A total of 4 instances were transformed.
  FDR => FDRE: 4 instances

Synth Design complete, checksum: b24f2a1f
INFO: [Common 17-83] Releasing license: Synthesis
71 Infos, 74 Warnings, 0 Critical Warnings and 0 Errors encountered.
synth_design completed successfully
synth_design: Time (s): cpu = 00:01:27 ; elapsed = 00:01:55 . Memory (MB): peak = 1359.316 ; gain = 955.840
INFO: [Common 17-1381] The checkpoint 'C:/Users/klok1/Documents/ECE385_Pokemon/ECE385_Pokemon.runs/mb_block_axi_uartlite_0_0_synth_1/mb_block_axi_uartlite_0_0.dcp' has been generated.
INFO: [Coretcl 2-1648] Added synthesis output to IP cache for IP mb_block_axi_uartlite_0_0, cache-ID = 24d175409b8b38ad
INFO: [Coretcl 2-1174] Renamed 19 cell refs.
INFO: [Common 17-1381] The checkpoint 'C:/Users/klok1/Documents/ECE385_Pokemon/ECE385_Pokemon.runs/mb_block_axi_uartlite_0_0_synth_1/mb_block_axi_uartlite_0_0.dcp' has been generated.
INFO: [runtcl-4] Executing : report_utilization -file mb_block_axi_uartlite_0_0_utilization_synth.rpt -pb mb_block_axi_uartlite_0_0_utilization_synth.pb
INFO: [Common 17-206] Exiting Vivado at Wed Nov 15 03:01:45 2023...
