01:31:58 DEBUG : Logs will be stored at 'C:/Users/Mayank/Desktop/385/lab6/workspace/IDE.log'.
01:32:01 INFO  : Launching XSCT server: xsct.bat -n  -interactive C:\Users\Mayank\Desktop\385\lab6\workspace\temp_xsdb_launch_script.tcl
01:32:01 INFO  : Platform repository initialization has completed.
01:32:02 INFO  : Registering command handlers for Vitis TCF services
01:32:06 INFO  : XSCT server has started successfully.
01:32:10 INFO  : plnx-install-location is set to ''
01:32:10 INFO  : Successfully done setting XSCT server connection channel  
01:32:10 INFO  : Successfully done query RDI_DATADIR 
01:32:10 INFO  : Successfully done setting workspace for the tool. 
01:37:48 INFO  : Result from executing command 'getProjects': mb_intro_top
01:37:48 INFO  : Result from executing command 'getPlatforms': 
01:37:48 WARN  : An unexpected exception occurred in the module 'platform project logging'
01:37:48 INFO  : Platform 'mb_intro_top' is added to custom repositories.
01:37:51 INFO  : Platform 'mb_intro_top' is added to custom repositories.
01:46:40 INFO  : Result from executing command 'getProjects': mb_intro_top
01:46:40 INFO  : Result from executing command 'getPlatforms': mb_intro_top|C:/Users/Mayank/Desktop/385/lab6/workspace/mb_intro_top/export/mb_intro_top/mb_intro_top.xpfm
01:46:40 INFO  : Checking for BSP changes to sync application flags for project 'mb_blink'...
02:18:12 INFO  : Connected to target on host '127.0.0.1' and port '3121'.
02:18:12 INFO  : Jtag cable 'RealDigital Boo 887429230142A' is selected.
02:18:12 INFO  : 'jtag frequency' command is executed.
02:18:13 INFO  : 'targets -set -filter {jtag_cable_name =~ "RealDigital Boo 887429230142A" && level==0 && jtag_device_ctx=="jsn1-0362f093-0"}' command is executed.
02:18:14 INFO  : Device configured successfully with "C:/Users/Mayank/Desktop/385/lab6/workspace/mb_blink/_ide/bitstream/mb_intro_top.bit"
02:18:14 INFO  : Context for processor 'microblaze_0' is selected.
02:18:14 INFO  : Hardware design and registers information is loaded from 'C:/Users/Mayank/Desktop/385/lab6/workspace/mb_intro_top/export/mb_intro_top/hw/mb_intro_top.xsa'.
02:18:14 INFO  : 'configparams mdm-detect-bscan-mask 2' command is executed.
02:18:14 INFO  : Context for processor 'microblaze_0' is selected.
02:18:14 INFO  : System reset is completed.
02:18:17 INFO  : 'after 3000' command is executed.
02:18:17 INFO  : Context for processor 'microblaze_0' is selected.
02:18:17 INFO  : The application 'C:/Users/Mayank/Desktop/385/lab6/workspace/mb_blink/Debug/mb_blink.elf' is downloaded to processor 'microblaze_0'.
02:18:17 INFO  : ----------------XSDB Script----------------
connect -url tcp:127.0.0.1:3121
targets -set -filter {jtag_cable_name =~ "RealDigital Boo 887429230142A" && level==0 && jtag_device_ctx=="jsn1-0362f093-0"}
fpga -file C:/Users/Mayank/Desktop/385/lab6/workspace/mb_blink/_ide/bitstream/mb_intro_top.bit
targets -set -nocase -filter {name =~ "*microblaze*#0" && bscan=="USER2" }
loadhw -hw C:/Users/Mayank/Desktop/385/lab6/workspace/mb_intro_top/export/mb_intro_top/hw/mb_intro_top.xsa -regs
configparams mdm-detect-bscan-mask 2
targets -set -nocase -filter {name =~ "*microblaze*#0" && bscan=="USER2" }
rst -system
after 3000
targets -set -nocase -filter {name =~ "*microblaze*#0" && bscan=="USER2" }
dow C:/Users/Mayank/Desktop/385/lab6/workspace/mb_blink/Debug/mb_blink.elf
----------------End of Script----------------

02:18:17 INFO  : Context for processor 'microblaze_0' is selected.
02:18:17 INFO  : 'con' command is executed.
02:18:17 INFO  : ----------------XSDB Script (After Launch)----------------
targets -set -nocase -filter {name =~ "*microblaze*#0" && bscan=="USER2" }
con
----------------End of Script----------------

02:18:17 INFO  : Disconnected from the channel tcfchan#2.
21:45:33 DEBUG : Logs will be stored at 'C:/Users/Mayank/Desktop/385/lab6/workspace/IDE.log'.
21:45:34 INFO  : Launching XSCT server: xsct.bat -n  -interactive C:\Users\Mayank\Desktop\385\lab6\workspace\temp_xsdb_launch_script.tcl
21:45:39 INFO  : XSCT server has started successfully.
21:45:39 INFO  : plnx-install-location is set to ''
21:45:39 INFO  : Platform repository initialization has completed.
21:45:39 INFO  : Registering command handlers for Vitis TCF services
21:45:43 INFO  : Successfully done setting XSCT server connection channel  
21:45:43 INFO  : Successfully done query RDI_DATADIR 
21:45:43 INFO  : Successfully done setting workspace for the tool. 
21:46:28 INFO  : Connected to target on host '127.0.0.1' and port '3121'.
21:46:29 INFO  : Jtag cable 'RealDigital Boo 887429230142A' is selected.
21:46:29 INFO  : 'jtag frequency' command is executed.
21:46:29 INFO  : 'targets -set -filter {jtag_cable_name =~ "RealDigital Boo 887429230142A" && level==0 && jtag_device_ctx=="jsn1-0362f093-0"}' command is executed.
21:46:31 INFO  : Device configured successfully with "C:/Users/Mayank/Desktop/385/lab6/workspace/mb_blink/_ide/bitstream/mb_intro_top.bit"
21:46:31 INFO  : Context for processor 'microblaze_0' is selected.
21:46:31 INFO  : Hardware design and registers information is loaded from 'C:/Users/Mayank/Desktop/385/lab6/workspace/mb_intro_top/export/mb_intro_top/hw/mb_intro_top.xsa'.
21:46:31 INFO  : 'configparams mdm-detect-bscan-mask 2' command is executed.
21:46:31 INFO  : Context for processor 'microblaze_0' is selected.
21:46:31 INFO  : System reset is completed.
21:46:34 INFO  : 'after 3000' command is executed.
21:46:34 INFO  : Context for processor 'microblaze_0' is selected.
21:46:34 INFO  : The application 'C:/Users/Mayank/Desktop/385/lab6/workspace/mb_blink/Debug/mb_blink.elf' is downloaded to processor 'microblaze_0'.
21:46:34 INFO  : ----------------XSDB Script----------------
connect -url tcp:127.0.0.1:3121
targets -set -filter {jtag_cable_name =~ "RealDigital Boo 887429230142A" && level==0 && jtag_device_ctx=="jsn1-0362f093-0"}
fpga -file C:/Users/Mayank/Desktop/385/lab6/workspace/mb_blink/_ide/bitstream/mb_intro_top.bit
targets -set -nocase -filter {name =~ "*microblaze*#0" && bscan=="USER2" }
loadhw -hw C:/Users/Mayank/Desktop/385/lab6/workspace/mb_intro_top/export/mb_intro_top/hw/mb_intro_top.xsa -regs
configparams mdm-detect-bscan-mask 2
targets -set -nocase -filter {name =~ "*microblaze*#0" && bscan=="USER2" }
rst -system
after 3000
targets -set -nocase -filter {name =~ "*microblaze*#0" && bscan=="USER2" }
dow C:/Users/Mayank/Desktop/385/lab6/workspace/mb_blink/Debug/mb_blink.elf
----------------End of Script----------------

21:46:34 INFO  : Context for processor 'microblaze_0' is selected.
21:46:34 INFO  : 'con' command is executed.
21:46:34 INFO  : ----------------XSDB Script (After Launch)----------------
targets -set -nocase -filter {name =~ "*microblaze*#0" && bscan=="USER2" }
con
----------------End of Script----------------

21:46:34 INFO  : Disconnected from the channel tcfchan#1.
22:29:26 INFO  : Result from executing command 'removePlatformRepo': 
22:30:19 INFO  : Result from executing command 'getProjects': mb_intro_top
22:30:19 INFO  : Result from executing command 'getPlatforms': 
22:30:19 INFO  : Checking for BSP changes to sync application flags for project 'mb_blink'...
22:35:50 DEBUG : Logs will be stored at 'C:/Users/Mayank/Desktop/385/lab6/workspace/IDE.log'.
22:35:51 INFO  : Launching XSCT server: xsct.bat -n  -interactive C:\Users\Mayank\Desktop\385\lab6\workspace\temp_xsdb_launch_script.tcl
22:35:55 INFO  : Platform repository initialization has completed.
22:35:56 INFO  : Registering command handlers for Vitis TCF services
22:35:56 INFO  : XSCT server has started successfully.
22:35:56 INFO  : plnx-install-location is set to ''
22:36:00 INFO  : Successfully done setting XSCT server connection channel  
22:36:00 INFO  : Successfully done query RDI_DATADIR 
22:36:00 INFO  : Successfully done setting workspace for the tool. 
22:39:50 INFO  : Connected to target on host '127.0.0.1' and port '3121'.
22:39:50 INFO  : Jtag cable 'RealDigital Boo 887429230142A' is selected.
22:39:50 INFO  : 'jtag frequency' command is executed.
22:39:51 INFO  : 'targets -set -filter {jtag_cable_name =~ "RealDigital Boo 887429230142A" && level==0 && jtag_device_ctx=="jsn1-0362f093-0"}' command is executed.
22:39:52 INFO  : Device configured successfully with "C:/Users/Mayank/Desktop/385/lab6/workspace/mb_blink/_ide/bitstream/mb_intro_top.bit"
22:39:52 INFO  : Context for processor 'microblaze_0' is selected.
22:39:52 INFO  : Hardware design and registers information is loaded from 'C:/Users/Mayank/Desktop/385/lab6/workspace/mb_intro_top/export/mb_intro_top/hw/mb_intro_top.xsa'.
22:39:52 INFO  : 'configparams mdm-detect-bscan-mask 2' command is executed.
22:39:52 INFO  : Context for processor 'microblaze_0' is selected.
22:39:52 INFO  : System reset is completed.
22:39:55 INFO  : 'after 3000' command is executed.
22:39:55 INFO  : Context for processor 'microblaze_0' is selected.
22:39:55 INFO  : The application 'C:/Users/Mayank/Desktop/385/lab6/workspace/mb_blink/Debug/mb_blink.elf' is downloaded to processor 'microblaze_0'.
22:39:55 INFO  : ----------------XSDB Script----------------
connect -url tcp:127.0.0.1:3121
targets -set -filter {jtag_cable_name =~ "RealDigital Boo 887429230142A" && level==0 && jtag_device_ctx=="jsn1-0362f093-0"}
fpga -file C:/Users/Mayank/Desktop/385/lab6/workspace/mb_blink/_ide/bitstream/mb_intro_top.bit
targets -set -nocase -filter {name =~ "*microblaze*#0" && bscan=="USER2" }
loadhw -hw C:/Users/Mayank/Desktop/385/lab6/workspace/mb_intro_top/export/mb_intro_top/hw/mb_intro_top.xsa -regs
configparams mdm-detect-bscan-mask 2
targets -set -nocase -filter {name =~ "*microblaze*#0" && bscan=="USER2" }
rst -system
after 3000
targets -set -nocase -filter {name =~ "*microblaze*#0" && bscan=="USER2" }
dow C:/Users/Mayank/Desktop/385/lab6/workspace/mb_blink/Debug/mb_blink.elf
----------------End of Script----------------

22:39:55 INFO  : Context for processor 'microblaze_0' is selected.
22:39:55 INFO  : 'con' command is executed.
22:39:55 INFO  : ----------------XSDB Script (After Launch)----------------
targets -set -nocase -filter {name =~ "*microblaze*#0" && bscan=="USER2" }
con
----------------End of Script----------------

22:39:55 INFO  : Disconnected from the channel tcfchan#1.
22:40:23 INFO  : Connected to target on host '127.0.0.1' and port '3121'.
22:40:23 INFO  : Jtag cable 'RealDigital Boo 887429230142A' is selected.
22:40:23 INFO  : 'jtag frequency' command is executed.
22:40:23 INFO  : 'targets -set -filter {jtag_cable_name =~ "RealDigital Boo 887429230142A" && level==0 && jtag_device_ctx=="jsn1-0362f093-0"}' command is executed.
22:40:25 INFO  : Device configured successfully with "C:/Users/Mayank/Desktop/385/lab6/workspace/mb_blink/_ide/bitstream/mb_intro_top.bit"
22:40:25 INFO  : Context for processor 'microblaze_0' is selected.
22:40:25 INFO  : Hardware design and registers information is loaded from 'C:/Users/Mayank/Desktop/385/lab6/workspace/mb_intro_top/export/mb_intro_top/hw/mb_intro_top.xsa'.
22:40:25 INFO  : 'configparams mdm-detect-bscan-mask 2' command is executed.
22:40:25 INFO  : Context for processor 'microblaze_0' is selected.
22:40:25 INFO  : System reset is completed.
22:40:28 INFO  : 'after 3000' command is executed.
22:40:28 INFO  : Context for processor 'microblaze_0' is selected.
22:40:28 INFO  : The application 'C:/Users/Mayank/Desktop/385/lab6/workspace/mb_blink/Debug/mb_blink.elf' is downloaded to processor 'microblaze_0'.
22:40:28 INFO  : ----------------XSDB Script----------------
connect -url tcp:127.0.0.1:3121
targets -set -filter {jtag_cable_name =~ "RealDigital Boo 887429230142A" && level==0 && jtag_device_ctx=="jsn1-0362f093-0"}
fpga -file C:/Users/Mayank/Desktop/385/lab6/workspace/mb_blink/_ide/bitstream/mb_intro_top.bit
targets -set -nocase -filter {name =~ "*microblaze*#0" && bscan=="USER2" }
loadhw -hw C:/Users/Mayank/Desktop/385/lab6/workspace/mb_intro_top/export/mb_intro_top/hw/mb_intro_top.xsa -regs
configparams mdm-detect-bscan-mask 2
targets -set -nocase -filter {name =~ "*microblaze*#0" && bscan=="USER2" }
rst -system
after 3000
targets -set -nocase -filter {name =~ "*microblaze*#0" && bscan=="USER2" }
dow C:/Users/Mayank/Desktop/385/lab6/workspace/mb_blink/Debug/mb_blink.elf
----------------End of Script----------------

22:40:28 INFO  : Context for processor 'microblaze_0' is selected.
22:40:28 INFO  : 'con' command is executed.
22:40:28 INFO  : ----------------XSDB Script (After Launch)----------------
targets -set -nocase -filter {name =~ "*microblaze*#0" && bscan=="USER2" }
con
----------------End of Script----------------

22:40:28 INFO  : Disconnected from the channel tcfchan#2.
22:42:10 INFO  : Connected to target on host '127.0.0.1' and port '3121'.
22:42:10 INFO  : Jtag cable 'RealDigital Boo 887429230142A' is selected.
22:42:10 INFO  : 'jtag frequency' command is executed.
22:42:10 INFO  : 'targets -set -filter {jtag_cable_name =~ "RealDigital Boo 887429230142A" && level==0 && jtag_device_ctx=="jsn1-0362f093-0"}' command is executed.
22:42:12 INFO  : Device configured successfully with "C:/Users/Mayank/Desktop/385/lab6/workspace/mb_blink/_ide/bitstream/mb_intro_top.bit"
22:42:12 INFO  : Context for processor 'microblaze_0' is selected.
22:42:12 INFO  : Hardware design and registers information is loaded from 'C:/Users/Mayank/Desktop/385/lab6/workspace/mb_intro_top/export/mb_intro_top/hw/mb_intro_top.xsa'.
22:42:12 INFO  : 'configparams mdm-detect-bscan-mask 2' command is executed.
22:42:12 INFO  : Context for processor 'microblaze_0' is selected.
22:42:12 INFO  : System reset is completed.
22:42:15 INFO  : 'after 3000' command is executed.
22:42:15 INFO  : Context for processor 'microblaze_0' is selected.
22:42:15 INFO  : The application 'C:/Users/Mayank/Desktop/385/lab6/workspace/mb_blink/Debug/mb_blink.elf' is downloaded to processor 'microblaze_0'.
22:42:15 INFO  : ----------------XSDB Script----------------
connect -url tcp:127.0.0.1:3121
targets -set -filter {jtag_cable_name =~ "RealDigital Boo 887429230142A" && level==0 && jtag_device_ctx=="jsn1-0362f093-0"}
fpga -file C:/Users/Mayank/Desktop/385/lab6/workspace/mb_blink/_ide/bitstream/mb_intro_top.bit
targets -set -nocase -filter {name =~ "*microblaze*#0" && bscan=="USER2" }
loadhw -hw C:/Users/Mayank/Desktop/385/lab6/workspace/mb_intro_top/export/mb_intro_top/hw/mb_intro_top.xsa -regs
configparams mdm-detect-bscan-mask 2
targets -set -nocase -filter {name =~ "*microblaze*#0" && bscan=="USER2" }
rst -system
after 3000
targets -set -nocase -filter {name =~ "*microblaze*#0" && bscan=="USER2" }
dow C:/Users/Mayank/Desktop/385/lab6/workspace/mb_blink/Debug/mb_blink.elf
----------------End of Script----------------

22:42:15 INFO  : Context for processor 'microblaze_0' is selected.
22:42:15 INFO  : 'con' command is executed.
22:42:15 INFO  : ----------------XSDB Script (After Launch)----------------
targets -set -nocase -filter {name =~ "*microblaze*#0" && bscan=="USER2" }
con
----------------End of Script----------------

22:42:15 INFO  : Disconnected from the channel tcfchan#3.
22:43:24 INFO  : Connected to target on host '127.0.0.1' and port '3121'.
22:43:24 INFO  : Jtag cable 'RealDigital Boo 887429230142A' is selected.
22:43:24 INFO  : 'jtag frequency' command is executed.
22:43:24 INFO  : 'targets -set -filter {jtag_cable_name =~ "RealDigital Boo 887429230142A" && level==0 && jtag_device_ctx=="jsn1-0362f093-0"}' command is executed.
22:43:25 INFO  : Device configured successfully with "C:/Users/Mayank/Desktop/385/lab6/workspace/mb_blink/_ide/bitstream/mb_intro_top.bit"
22:43:26 INFO  : Context for processor 'microblaze_0' is selected.
22:43:26 INFO  : Hardware design and registers information is loaded from 'C:/Users/Mayank/Desktop/385/lab6/workspace/mb_intro_top/export/mb_intro_top/hw/mb_intro_top.xsa'.
22:43:26 INFO  : 'configparams mdm-detect-bscan-mask 2' command is executed.
22:43:26 INFO  : Context for processor 'microblaze_0' is selected.
22:43:26 INFO  : System reset is completed.
22:43:29 INFO  : 'after 3000' command is executed.
22:43:29 INFO  : Context for processor 'microblaze_0' is selected.
22:43:29 INFO  : The application 'C:/Users/Mayank/Desktop/385/lab6/workspace/mb_blink/Debug/mb_blink.elf' is downloaded to processor 'microblaze_0'.
22:43:29 INFO  : ----------------XSDB Script----------------
connect -url tcp:127.0.0.1:3121
targets -set -filter {jtag_cable_name =~ "RealDigital Boo 887429230142A" && level==0 && jtag_device_ctx=="jsn1-0362f093-0"}
fpga -file C:/Users/Mayank/Desktop/385/lab6/workspace/mb_blink/_ide/bitstream/mb_intro_top.bit
targets -set -nocase -filter {name =~ "*microblaze*#0" && bscan=="USER2" }
loadhw -hw C:/Users/Mayank/Desktop/385/lab6/workspace/mb_intro_top/export/mb_intro_top/hw/mb_intro_top.xsa -regs
configparams mdm-detect-bscan-mask 2
targets -set -nocase -filter {name =~ "*microblaze*#0" && bscan=="USER2" }
rst -system
after 3000
targets -set -nocase -filter {name =~ "*microblaze*#0" && bscan=="USER2" }
dow C:/Users/Mayank/Desktop/385/lab6/workspace/mb_blink/Debug/mb_blink.elf
----------------End of Script----------------

22:43:29 INFO  : Context for processor 'microblaze_0' is selected.
22:43:29 INFO  : 'con' command is executed.
22:43:29 INFO  : ----------------XSDB Script (After Launch)----------------
targets -set -nocase -filter {name =~ "*microblaze*#0" && bscan=="USER2" }
con
----------------End of Script----------------

22:43:29 INFO  : Disconnected from the channel tcfchan#4.
22:52:46 INFO  : Result from executing command 'removePlatformRepo': 
22:52:57 INFO  : Result from executing command 'getProjects': mb_intro_top
22:52:58 INFO  : Result from executing command 'getPlatforms': 
22:52:58 INFO  : Checking for BSP changes to sync application flags for project 'mb_blink'...
22:53:07 INFO  : Connected to target on host '127.0.0.1' and port '3121'.
22:53:13 INFO  : Jtag cable 'RealDigital Boo 887429230142A' is selected.
22:53:13 INFO  : 'jtag frequency' command is executed.
22:53:13 INFO  : 'targets -set -filter {jtag_cable_name =~ "RealDigital Boo 887429230142A" && level==0 && jtag_device_ctx=="jsn1-0362f093-0"}' command is executed.
22:53:15 INFO  : Device configured successfully with "C:/Users/Mayank/Desktop/385/lab6/workspace/mb_blink/_ide/bitstream/mb_intro_top.bit"
22:53:15 INFO  : Context for processor 'microblaze_0' is selected.
22:53:15 INFO  : Hardware design and registers information is loaded from 'C:/Users/Mayank/Desktop/385/lab6/workspace/mb_intro_top/export/mb_intro_top/hw/mb_intro_top.xsa'.
22:53:15 INFO  : 'configparams mdm-detect-bscan-mask 2' command is executed.
22:53:15 INFO  : Context for processor 'microblaze_0' is selected.
22:53:15 INFO  : System reset is completed.
22:53:18 INFO  : 'after 3000' command is executed.
22:53:18 INFO  : Context for processor 'microblaze_0' is selected.
22:53:18 INFO  : The application 'C:/Users/Mayank/Desktop/385/lab6/workspace/mb_blink/Debug/mb_blink.elf' is downloaded to processor 'microblaze_0'.
22:53:18 INFO  : ----------------XSDB Script----------------
connect -url tcp:127.0.0.1:3121
targets -set -filter {jtag_cable_name =~ "RealDigital Boo 887429230142A" && level==0 && jtag_device_ctx=="jsn1-0362f093-0"}
fpga -file C:/Users/Mayank/Desktop/385/lab6/workspace/mb_blink/_ide/bitstream/mb_intro_top.bit
targets -set -nocase -filter {name =~ "*microblaze*#0" && bscan=="USER2" }
loadhw -hw C:/Users/Mayank/Desktop/385/lab6/workspace/mb_intro_top/export/mb_intro_top/hw/mb_intro_top.xsa -regs
configparams mdm-detect-bscan-mask 2
targets -set -nocase -filter {name =~ "*microblaze*#0" && bscan=="USER2" }
rst -system
after 3000
targets -set -nocase -filter {name =~ "*microblaze*#0" && bscan=="USER2" }
dow C:/Users/Mayank/Desktop/385/lab6/workspace/mb_blink/Debug/mb_blink.elf
----------------End of Script----------------

22:53:18 INFO  : Context for processor 'microblaze_0' is selected.
22:53:18 INFO  : 'con' command is executed.
22:53:18 INFO  : ----------------XSDB Script (After Launch)----------------
targets -set -nocase -filter {name =~ "*microblaze*#0" && bscan=="USER2" }
con
----------------End of Script----------------

22:53:18 INFO  : Disconnected from the channel tcfchan#7.
23:04:38 INFO  : Hardware specification for platform project 'mb_intro_top' is updated.
23:04:52 INFO  : Result from executing command 'removePlatformRepo': 
23:05:11 INFO  : Result from executing command 'getProjects': mb_intro_top
23:05:11 INFO  : Result from executing command 'getPlatforms': 
23:05:11 INFO  : Checking for BSP changes to sync application flags for project 'mb_blink'...
23:05:14 INFO  : The hardware specification used by project 'mb_blink' is out of sync with the platform. Resource files extracted from the hardware specification will be updated.
23:05:14 INFO  : The file 'C:\Users\Mayank\Desktop\385\lab6\workspace\mb_blink\_ide\bitstream\mb_intro_top.bit' stored in project is removed.
23:05:14 INFO  : The file 'C:\Users\Mayank\Desktop\385\lab6\workspace\mb_blink\_ide\bitstream\mb_intro_top.mmi' stored in project is removed.
23:05:14 INFO  : The updated bitstream files are copied from platform to folder 'C:\Users\Mayank\Desktop\385\lab6\workspace\mb_blink\_ide\bitstream' in project 'mb_blink'.
23:05:25 INFO  : Connected to target on host '127.0.0.1' and port '3121'.
23:05:25 INFO  : Jtag cable 'RealDigital Boo 887429230142A' is selected.
23:05:25 INFO  : 'jtag frequency' command is executed.
23:05:26 INFO  : 'targets -set -filter {jtag_cable_name =~ "RealDigital Boo 887429230142A" && level==0 && jtag_device_ctx=="jsn1-0362f093-0"}' command is executed.
23:05:27 INFO  : Device configured successfully with "C:/Users/Mayank/Desktop/385/lab6/workspace/mb_blink/_ide/bitstream/mb_intro_top.bit"
23:05:27 INFO  : Context for processor 'microblaze_0' is selected.
23:05:27 INFO  : Hardware design and registers information is loaded from 'C:/Users/Mayank/Desktop/385/lab6/workspace/mb_intro_top/export/mb_intro_top/hw/mb_intro_top.xsa'.
23:05:27 INFO  : 'configparams mdm-detect-bscan-mask 2' command is executed.
23:05:27 INFO  : Context for processor 'microblaze_0' is selected.
23:05:27 INFO  : System reset is completed.
23:05:30 INFO  : 'after 3000' command is executed.
23:05:31 INFO  : Context for processor 'microblaze_0' is selected.
23:05:31 INFO  : The application 'C:/Users/Mayank/Desktop/385/lab6/workspace/mb_blink/Debug/mb_blink.elf' is downloaded to processor 'microblaze_0'.
23:05:31 INFO  : ----------------XSDB Script----------------
connect -url tcp:127.0.0.1:3121
targets -set -filter {jtag_cable_name =~ "RealDigital Boo 887429230142A" && level==0 && jtag_device_ctx=="jsn1-0362f093-0"}
fpga -file C:/Users/Mayank/Desktop/385/lab6/workspace/mb_blink/_ide/bitstream/mb_intro_top.bit
targets -set -nocase -filter {name =~ "*microblaze*#0" && bscan=="USER2" }
loadhw -hw C:/Users/Mayank/Desktop/385/lab6/workspace/mb_intro_top/export/mb_intro_top/hw/mb_intro_top.xsa -regs
configparams mdm-detect-bscan-mask 2
targets -set -nocase -filter {name =~ "*microblaze*#0" && bscan=="USER2" }
rst -system
after 3000
targets -set -nocase -filter {name =~ "*microblaze*#0" && bscan=="USER2" }
dow C:/Users/Mayank/Desktop/385/lab6/workspace/mb_blink/Debug/mb_blink.elf
----------------End of Script----------------

23:05:31 INFO  : Context for processor 'microblaze_0' is selected.
23:05:31 INFO  : 'con' command is executed.
23:05:31 INFO  : ----------------XSDB Script (After Launch)----------------
targets -set -nocase -filter {name =~ "*microblaze*#0" && bscan=="USER2" }
con
----------------End of Script----------------

23:05:31 INFO  : Disconnected from the channel tcfchan#10.
23:06:31 INFO  : Result from executing command 'removePlatformRepo': 
23:06:46 INFO  : Result from executing command 'getProjects': mb_intro_top
23:06:46 INFO  : Result from executing command 'getPlatforms': 
23:06:46 INFO  : Checking for BSP changes to sync application flags for project 'mb_blink'...
23:07:00 INFO  : Connected to target on host '127.0.0.1' and port '3121'.
23:07:00 INFO  : Jtag cable 'RealDigital Boo 887429230142A' is selected.
23:07:00 INFO  : 'jtag frequency' command is executed.
23:07:00 INFO  : 'targets -set -filter {jtag_cable_name =~ "RealDigital Boo 887429230142A" && level==0 && jtag_device_ctx=="jsn1-0362f093-0"}' command is executed.
23:07:02 INFO  : Device configured successfully with "C:/Users/Mayank/Desktop/385/lab6/workspace/mb_blink/_ide/bitstream/mb_intro_top.bit"
23:07:02 INFO  : Context for processor 'microblaze_0' is selected.
23:07:02 INFO  : Hardware design and registers information is loaded from 'C:/Users/Mayank/Desktop/385/lab6/workspace/mb_intro_top/export/mb_intro_top/hw/mb_intro_top.xsa'.
23:07:02 INFO  : 'configparams mdm-detect-bscan-mask 2' command is executed.
23:07:02 INFO  : Context for processor 'microblaze_0' is selected.
23:07:02 INFO  : System reset is completed.
23:07:05 INFO  : 'after 3000' command is executed.
23:07:05 INFO  : Context for processor 'microblaze_0' is selected.
23:07:05 INFO  : The application 'C:/Users/Mayank/Desktop/385/lab6/workspace/mb_blink/Debug/mb_blink.elf' is downloaded to processor 'microblaze_0'.
23:07:05 INFO  : ----------------XSDB Script----------------
connect -url tcp:127.0.0.1:3121
targets -set -filter {jtag_cable_name =~ "RealDigital Boo 887429230142A" && level==0 && jtag_device_ctx=="jsn1-0362f093-0"}
fpga -file C:/Users/Mayank/Desktop/385/lab6/workspace/mb_blink/_ide/bitstream/mb_intro_top.bit
targets -set -nocase -filter {name =~ "*microblaze*#0" && bscan=="USER2" }
loadhw -hw C:/Users/Mayank/Desktop/385/lab6/workspace/mb_intro_top/export/mb_intro_top/hw/mb_intro_top.xsa -regs
configparams mdm-detect-bscan-mask 2
targets -set -nocase -filter {name =~ "*microblaze*#0" && bscan=="USER2" }
rst -system
after 3000
targets -set -nocase -filter {name =~ "*microblaze*#0" && bscan=="USER2" }
dow C:/Users/Mayank/Desktop/385/lab6/workspace/mb_blink/Debug/mb_blink.elf
----------------End of Script----------------

23:07:05 INFO  : Context for processor 'microblaze_0' is selected.
23:07:05 INFO  : 'con' command is executed.
23:07:05 INFO  : ----------------XSDB Script (After Launch)----------------
targets -set -nocase -filter {name =~ "*microblaze*#0" && bscan=="USER2" }
con
----------------End of Script----------------

23:07:05 INFO  : Disconnected from the channel tcfchan#13.
23:55:18 INFO  : Hardware specification for platform project 'mb_intro_top' is updated.
23:55:32 INFO  : Result from executing command 'removePlatformRepo': 
23:55:57 INFO  : Result from executing command 'getProjects': mb_intro_top
23:55:57 INFO  : Result from executing command 'getPlatforms': 
23:55:57 INFO  : Checking for BSP changes to sync application flags for project 'mb_blink'...
23:55:57 INFO  : Updating application flags with new BSP settings...
23:55:58 INFO  : Successfully updated application flags for project mb_blink.
23:55:59 INFO  : The hardware specification used by project 'mb_blink' is out of sync with the platform. Resource files extracted from the hardware specification will be updated.
23:55:59 INFO  : The file 'C:\Users\Mayank\Desktop\385\lab6\workspace\mb_blink\_ide\bitstream\mb_intro_top.bit' stored in project is removed.
23:55:59 INFO  : The file 'C:\Users\Mayank\Desktop\385\lab6\workspace\mb_blink\_ide\bitstream\mb_intro_top.mmi' stored in project is removed.
23:55:59 INFO  : The updated bitstream files are copied from platform to folder 'C:\Users\Mayank\Desktop\385\lab6\workspace\mb_blink\_ide\bitstream' in project 'mb_blink'.
23:56:07 INFO  : Connected to target on host '127.0.0.1' and port '3121'.
23:56:07 INFO  : Jtag cable 'RealDigital Boo 887429230142A' is selected.
23:56:07 INFO  : 'jtag frequency' command is executed.
23:56:07 INFO  : 'targets -set -filter {jtag_cable_name =~ "RealDigital Boo 887429230142A" && level==0 && jtag_device_ctx=="jsn1-0362f093-0"}' command is executed.
23:56:08 INFO  : Device configured successfully with "C:/Users/Mayank/Desktop/385/lab6/workspace/mb_blink/_ide/bitstream/mb_intro_top.bit"
23:56:09 INFO  : Context for processor 'microblaze_0' is selected.
23:56:09 INFO  : Hardware design and registers information is loaded from 'C:/Users/Mayank/Desktop/385/lab6/workspace/mb_intro_top/export/mb_intro_top/hw/mb_intro_top.xsa'.
23:56:09 INFO  : 'configparams mdm-detect-bscan-mask 2' command is executed.
23:56:09 INFO  : Context for processor 'microblaze_0' is selected.
23:56:09 INFO  : System reset is completed.
23:56:12 INFO  : 'after 3000' command is executed.
23:56:12 INFO  : Context for processor 'microblaze_0' is selected.
23:56:12 INFO  : The application 'C:/Users/Mayank/Desktop/385/lab6/workspace/mb_blink/Debug/mb_blink.elf' is downloaded to processor 'microblaze_0'.
23:56:12 INFO  : ----------------XSDB Script----------------
connect -url tcp:127.0.0.1:3121
targets -set -filter {jtag_cable_name =~ "RealDigital Boo 887429230142A" && level==0 && jtag_device_ctx=="jsn1-0362f093-0"}
fpga -file C:/Users/Mayank/Desktop/385/lab6/workspace/mb_blink/_ide/bitstream/mb_intro_top.bit
targets -set -nocase -filter {name =~ "*microblaze*#0" && bscan=="USER2" }
loadhw -hw C:/Users/Mayank/Desktop/385/lab6/workspace/mb_intro_top/export/mb_intro_top/hw/mb_intro_top.xsa -regs
configparams mdm-detect-bscan-mask 2
targets -set -nocase -filter {name =~ "*microblaze*#0" && bscan=="USER2" }
rst -system
after 3000
targets -set -nocase -filter {name =~ "*microblaze*#0" && bscan=="USER2" }
dow C:/Users/Mayank/Desktop/385/lab6/workspace/mb_blink/Debug/mb_blink.elf
----------------End of Script----------------

23:56:12 INFO  : Context for processor 'microblaze_0' is selected.
23:56:12 INFO  : 'con' command is executed.
23:56:12 INFO  : ----------------XSDB Script (After Launch)----------------
targets -set -nocase -filter {name =~ "*microblaze*#0" && bscan=="USER2" }
con
----------------End of Script----------------

23:56:12 INFO  : Disconnected from the channel tcfchan#16.
00:32:36 INFO  : Hardware specification for platform project 'mb_intro_top' is updated.
00:32:45 INFO  : Result from executing command 'removePlatformRepo': 
00:32:56 INFO  : Result from executing command 'getProjects': mb_intro_top
00:32:56 INFO  : Result from executing command 'getPlatforms': 
00:32:57 INFO  : Checking for BSP changes to sync application flags for project 'mb_blink'...
00:32:57 INFO  : Updating application flags with new BSP settings...
00:32:57 ERROR : Failed to update application flags from BSP for 'mb_blink'. Reason: null
java.lang.NullPointerException: null
	at com.xilinx.sdk.sw.internal.SwDb.getComponentAppCompilerFlags(SwDb.java:761) ~[com.xilinx.sdk.sw_1.0.0.202210132147.jar:?]
	at com.xilinx.sdx.sw.internal.SDxSwPlatform.getSwPlatformCompilerFlags(SDxSwPlatform.java:1177) ~[com.xilinx.sdx.sw_1.0.0.202210132147.jar:?]
	at com.xilinx.sdx.sdk.core.build.AppSwBuildOptionsHelper.inferSwPlatformFlags(AppSwBuildOptionsHelper.java:54) ~[com.xilinx.sdx.sdk.core_1.0.0.202210132147.jar:?]
	at com.xilinx.sdx.sdk.core.build.AppSwBuildOptionsHelper.updateBuildOptions(AppSwBuildOptionsHelper.java:46) ~[com.xilinx.sdx.sdk.core_1.0.0.202210132147.jar:?]
	at com.xilinx.sdx.sdk.core.build.SdkMakefileGenerationListener.updateSwBuildOptions(SdkMakefileGenerationListener.java:215) ~[com.xilinx.sdx.sdk.core_1.0.0.202210132147.jar:?]
	at com.xilinx.sdx.sdk.core.build.SdkMakefileGenerationListener.syncAppFlags(SdkMakefileGenerationListener.java:99) [com.xilinx.sdx.sdk.core_1.0.0.202210132147.jar:?]
	at com.xilinx.sdx.sdk.core.build.SdkMakefileGenerationListener.preMakefileGeneration(SdkMakefileGenerationListener.java:48) [com.xilinx.sdx.sdk.core_1.0.0.202210132147.jar:?]
	at com.xilinx.sdk.managedbuilder.XilinxGnuMakefileGenerator.notifyPreMakefileGenerationListeners(XilinxGnuMakefileGenerator.java:91) [com.xilinx.sdk.managedbuilder_1.0.0.202210132147.jar:?]
	at com.xilinx.sdk.managedbuilder.XilinxGnuMakefileGenerator.regenerateMakefiles(XilinxGnuMakefileGenerator.java:75) [com.xilinx.sdk.managedbuilder_1.0.0.202210132147.jar:?]
	at org.eclipse.cdt.managedbuilder.internal.core.CommonBuilder.performMakefileGeneration(CommonBuilder.java:1006) [org.eclipse.cdt.managedbuilder.core_8.6.0.201802261533.jar:?]
	at org.eclipse.cdt.managedbuilder.internal.core.CommonBuilder.performPrebuildGeneration(CommonBuilder.java:873) [org.eclipse.cdt.managedbuilder.core_8.6.0.201802261533.jar:?]
	at org.eclipse.cdt.managedbuilder.internal.core.CommonBuilder.build(CommonBuilder.java:748) [org.eclipse.cdt.managedbuilder.core_8.6.0.201802261533.jar:?]
	at org.eclipse.cdt.managedbuilder.internal.core.CommonBuilder.build(CommonBuilder.java:513) [org.eclipse.cdt.managedbuilder.core_8.6.0.201802261533.jar:?]
	at org.eclipse.cdt.managedbuilder.internal.core.CommonBuilder.build(CommonBuilder.java:459) [org.eclipse.cdt.managedbuilder.core_8.6.0.201802261533.jar:?]
	at org.eclipse.core.internal.events.BuildManager$2.run(BuildManager.java:832) [org.eclipse.core.resources_3.13.700.v20200209-1624.jar:?]
	at org.eclipse.core.runtime.SafeRunner.run(SafeRunner.java:45) [org.eclipse.equinox.common_3.11.0.v20200206-0817.jar:?]
	at org.eclipse.core.internal.events.BuildManager.basicBuild(BuildManager.java:220) [org.eclipse.core.resources_3.13.700.v20200209-1624.jar:?]
	at org.eclipse.core.internal.events.BuildManager.basicBuild(BuildManager.java:263) [org.eclipse.core.resources_3.13.700.v20200209-1624.jar:?]
	at org.eclipse.core.internal.events.BuildManager$1.run(BuildManager.java:316) [org.eclipse.core.resources_3.13.700.v20200209-1624.jar:?]
	at org.eclipse.core.runtime.SafeRunner.run(SafeRunner.java:45) [org.eclipse.equinox.common_3.11.0.v20200206-0817.jar:?]
	at org.eclipse.core.internal.events.BuildManager.basicBuild(BuildManager.java:319) [org.eclipse.core.resources_3.13.700.v20200209-1624.jar:?]
	at org.eclipse.core.internal.events.BuildManager.basicBuildLoop(BuildManager.java:371) [org.eclipse.core.resources_3.13.700.v20200209-1624.jar:?]
	at org.eclipse.core.internal.events.BuildManager.build(BuildManager.java:392) [org.eclipse.core.resources_3.13.700.v20200209-1624.jar:?]
	at org.eclipse.core.internal.resources.Workspace.buildInternal(Workspace.java:515) [org.eclipse.core.resources_3.13.700.v20200209-1624.jar:?]
	at org.eclipse.core.internal.resources.Workspace.build(Workspace.java:405) [org.eclipse.core.resources_3.13.700.v20200209-1624.jar:?]
	at org.eclipse.ui.actions.GlobalBuildAction$1.run(GlobalBuildAction.java:180) [org.eclipse.ui.ide_3.17.0.v20200217-1511.jar:?]
	at org.eclipse.core.internal.jobs.Worker.run(Worker.java:63) [org.eclipse.core.jobs_3.10.700.v20200106-1020.jar:?]
00:32:58 INFO  : The hardware specification used by project 'mb_blink' is out of sync with the platform. Resource files extracted from the hardware specification will be updated.
00:32:58 INFO  : The file 'C:\Users\Mayank\Desktop\385\lab6\workspace\mb_blink\_ide\bitstream\mb_intro_top.bit' stored in project is removed.
00:32:58 INFO  : The file 'C:\Users\Mayank\Desktop\385\lab6\workspace\mb_blink\_ide\bitstream\mb_intro_top.mmi' stored in project is removed.
00:32:59 INFO  : The updated bitstream files are copied from platform to folder 'C:\Users\Mayank\Desktop\385\lab6\workspace\mb_blink\_ide\bitstream' in project 'mb_blink'.
00:33:10 INFO  : Connected to target on host '127.0.0.1' and port '3121'.
00:33:11 INFO  : Jtag cable 'RealDigital Boo 887429230142A' is selected.
00:33:11 INFO  : 'jtag frequency' command is executed.
00:33:11 INFO  : 'targets -set -filter {jtag_cable_name =~ "RealDigital Boo 887429230142A" && level==0 && jtag_device_ctx=="jsn1-0362f093-0"}' command is executed.
00:33:12 INFO  : Device configured successfully with "C:/Users/Mayank/Desktop/385/lab6/workspace/mb_blink/_ide/bitstream/mb_intro_top.bit"
00:33:12 INFO  : Context for processor 'microblaze_0' is selected.
00:33:12 INFO  : Hardware design and registers information is loaded from 'C:/Users/Mayank/Desktop/385/lab6/workspace/mb_intro_top/export/mb_intro_top/hw/mb_intro_top.xsa'.
00:33:12 INFO  : 'configparams mdm-detect-bscan-mask 2' command is executed.
00:33:12 INFO  : Context for processor 'microblaze_0' is selected.
00:33:12 INFO  : System reset is completed.
00:33:15 INFO  : 'after 3000' command is executed.
00:33:15 INFO  : Context for processor 'microblaze_0' is selected.
00:33:15 INFO  : The application 'C:/Users/Mayank/Desktop/385/lab6/workspace/mb_blink/Debug/mb_blink.elf' is downloaded to processor 'microblaze_0'.
00:33:15 INFO  : ----------------XSDB Script----------------
connect -url tcp:127.0.0.1:3121
targets -set -filter {jtag_cable_name =~ "RealDigital Boo 887429230142A" && level==0 && jtag_device_ctx=="jsn1-0362f093-0"}
fpga -file C:/Users/Mayank/Desktop/385/lab6/workspace/mb_blink/_ide/bitstream/mb_intro_top.bit
targets -set -nocase -filter {name =~ "*microblaze*#0" && bscan=="USER2" }
loadhw -hw C:/Users/Mayank/Desktop/385/lab6/workspace/mb_intro_top/export/mb_intro_top/hw/mb_intro_top.xsa -regs
configparams mdm-detect-bscan-mask 2
targets -set -nocase -filter {name =~ "*microblaze*#0" && bscan=="USER2" }
rst -system
after 3000
targets -set -nocase -filter {name =~ "*microblaze*#0" && bscan=="USER2" }
dow C:/Users/Mayank/Desktop/385/lab6/workspace/mb_blink/Debug/mb_blink.elf
----------------End of Script----------------

00:33:15 INFO  : Context for processor 'microblaze_0' is selected.
00:33:15 INFO  : 'con' command is executed.
00:33:15 INFO  : ----------------XSDB Script (After Launch)----------------
targets -set -nocase -filter {name =~ "*microblaze*#0" && bscan=="USER2" }
con
----------------End of Script----------------

00:33:15 INFO  : Disconnected from the channel tcfchan#19.
00:38:35 INFO  : Result from executing command 'removePlatformRepo': 
00:39:09 INFO  : Result from executing command 'getProjects': mb_intro_top
00:39:09 INFO  : Result from executing command 'getPlatforms': 
00:39:09 INFO  : Checking for BSP changes to sync application flags for project 'mb_blink'...
00:39:09 INFO  : Updating application flags with new BSP settings...
00:39:09 ERROR : Failed to update application flags from BSP for 'mb_blink'. Reason: null
java.lang.NullPointerException: null
	at com.xilinx.sdk.sw.internal.SwDb.getComponentAppCompilerFlags(SwDb.java:761) ~[com.xilinx.sdk.sw_1.0.0.202210132147.jar:?]
	at com.xilinx.sdx.sw.internal.SDxSwPlatform.getSwPlatformCompilerFlags(SDxSwPlatform.java:1177) ~[com.xilinx.sdx.sw_1.0.0.202210132147.jar:?]
	at com.xilinx.sdx.sdk.core.build.AppSwBuildOptionsHelper.inferSwPlatformFlags(AppSwBuildOptionsHelper.java:54) ~[com.xilinx.sdx.sdk.core_1.0.0.202210132147.jar:?]
	at com.xilinx.sdx.sdk.core.build.AppSwBuildOptionsHelper.updateBuildOptions(AppSwBuildOptionsHelper.java:46) ~[com.xilinx.sdx.sdk.core_1.0.0.202210132147.jar:?]
	at com.xilinx.sdx.sdk.core.build.SdkMakefileGenerationListener.updateSwBuildOptions(SdkMakefileGenerationListener.java:215) ~[com.xilinx.sdx.sdk.core_1.0.0.202210132147.jar:?]
	at com.xilinx.sdx.sdk.core.build.SdkMakefileGenerationListener.syncAppFlags(SdkMakefileGenerationListener.java:99) [com.xilinx.sdx.sdk.core_1.0.0.202210132147.jar:?]
	at com.xilinx.sdx.sdk.core.build.SdkMakefileGenerationListener.preMakefileGeneration(SdkMakefileGenerationListener.java:48) [com.xilinx.sdx.sdk.core_1.0.0.202210132147.jar:?]
	at com.xilinx.sdk.managedbuilder.XilinxGnuMakefileGenerator.notifyPreMakefileGenerationListeners(XilinxGnuMakefileGenerator.java:91) [com.xilinx.sdk.managedbuilder_1.0.0.202210132147.jar:?]
	at com.xilinx.sdk.managedbuilder.XilinxGnuMakefileGenerator.regenerateMakefiles(XilinxGnuMakefileGenerator.java:75) [com.xilinx.sdk.managedbuilder_1.0.0.202210132147.jar:?]
	at org.eclipse.cdt.managedbuilder.internal.core.CommonBuilder.performMakefileGeneration(CommonBuilder.java:1006) [org.eclipse.cdt.managedbuilder.core_8.6.0.201802261533.jar:?]
	at org.eclipse.cdt.managedbuilder.internal.core.CommonBuilder.performPrebuildGeneration(CommonBuilder.java:873) [org.eclipse.cdt.managedbuilder.core_8.6.0.201802261533.jar:?]
	at org.eclipse.cdt.managedbuilder.internal.core.CommonBuilder.build(CommonBuilder.java:748) [org.eclipse.cdt.managedbuilder.core_8.6.0.201802261533.jar:?]
	at org.eclipse.cdt.managedbuilder.internal.core.CommonBuilder.build(CommonBuilder.java:513) [org.eclipse.cdt.managedbuilder.core_8.6.0.201802261533.jar:?]
	at org.eclipse.cdt.managedbuilder.internal.core.CommonBuilder.build(CommonBuilder.java:459) [org.eclipse.cdt.managedbuilder.core_8.6.0.201802261533.jar:?]
	at org.eclipse.core.internal.events.BuildManager$2.run(BuildManager.java:832) [org.eclipse.core.resources_3.13.700.v20200209-1624.jar:?]
	at org.eclipse.core.runtime.SafeRunner.run(SafeRunner.java:45) [org.eclipse.equinox.common_3.11.0.v20200206-0817.jar:?]
	at org.eclipse.core.internal.events.BuildManager.basicBuild(BuildManager.java:220) [org.eclipse.core.resources_3.13.700.v20200209-1624.jar:?]
	at org.eclipse.core.internal.events.BuildManager.basicBuild(BuildManager.java:263) [org.eclipse.core.resources_3.13.700.v20200209-1624.jar:?]
	at org.eclipse.core.internal.events.BuildManager$1.run(BuildManager.java:316) [org.eclipse.core.resources_3.13.700.v20200209-1624.jar:?]
	at org.eclipse.core.runtime.SafeRunner.run(SafeRunner.java:45) [org.eclipse.equinox.common_3.11.0.v20200206-0817.jar:?]
	at org.eclipse.core.internal.events.BuildManager.basicBuild(BuildManager.java:319) [org.eclipse.core.resources_3.13.700.v20200209-1624.jar:?]
	at org.eclipse.core.internal.events.BuildManager.basicBuildLoop(BuildManager.java:371) [org.eclipse.core.resources_3.13.700.v20200209-1624.jar:?]
	at org.eclipse.core.internal.events.BuildManager.build(BuildManager.java:392) [org.eclipse.core.resources_3.13.700.v20200209-1624.jar:?]
	at org.eclipse.core.internal.resources.Workspace.buildInternal(Workspace.java:515) [org.eclipse.core.resources_3.13.700.v20200209-1624.jar:?]
	at org.eclipse.core.internal.resources.Workspace.build(Workspace.java:405) [org.eclipse.core.resources_3.13.700.v20200209-1624.jar:?]
	at org.eclipse.ui.actions.GlobalBuildAction$1.run(GlobalBuildAction.java:180) [org.eclipse.ui.ide_3.17.0.v20200217-1511.jar:?]
	at org.eclipse.core.internal.jobs.Worker.run(Worker.java:63) [org.eclipse.core.jobs_3.10.700.v20200106-1020.jar:?]
00:39:35 INFO  : Result from executing command 'removePlatformRepo': 
00:39:58 INFO  : Result from executing command 'getProjects': mb_intro_top
00:39:58 INFO  : Result from executing command 'getPlatforms': 
00:39:58 INFO  : Checking for BSP changes to sync application flags for project 'mb_blink'...
00:39:58 INFO  : Updating application flags with new BSP settings...
00:39:58 ERROR : Failed to update application flags from BSP for 'mb_blink'. Reason: null
java.lang.NullPointerException: null
	at com.xilinx.sdk.sw.internal.SwDb.getComponentAppCompilerFlags(SwDb.java:761) ~[com.xilinx.sdk.sw_1.0.0.202210132147.jar:?]
	at com.xilinx.sdx.sw.internal.SDxSwPlatform.getSwPlatformCompilerFlags(SDxSwPlatform.java:1177) ~[com.xilinx.sdx.sw_1.0.0.202210132147.jar:?]
	at com.xilinx.sdx.sdk.core.build.AppSwBuildOptionsHelper.inferSwPlatformFlags(AppSwBuildOptionsHelper.java:54) ~[com.xilinx.sdx.sdk.core_1.0.0.202210132147.jar:?]
	at com.xilinx.sdx.sdk.core.build.AppSwBuildOptionsHelper.updateBuildOptions(AppSwBuildOptionsHelper.java:46) ~[com.xilinx.sdx.sdk.core_1.0.0.202210132147.jar:?]
	at com.xilinx.sdx.sdk.core.build.SdkMakefileGenerationListener.updateSwBuildOptions(SdkMakefileGenerationListener.java:215) ~[com.xilinx.sdx.sdk.core_1.0.0.202210132147.jar:?]
	at com.xilinx.sdx.sdk.core.build.SdkMakefileGenerationListener.syncAppFlags(SdkMakefileGenerationListener.java:99) [com.xilinx.sdx.sdk.core_1.0.0.202210132147.jar:?]
	at com.xilinx.sdx.sdk.core.build.SdkMakefileGenerationListener.preMakefileGeneration(SdkMakefileGenerationListener.java:48) [com.xilinx.sdx.sdk.core_1.0.0.202210132147.jar:?]
	at com.xilinx.sdk.managedbuilder.XilinxGnuMakefileGenerator.notifyPreMakefileGenerationListeners(XilinxGnuMakefileGenerator.java:91) [com.xilinx.sdk.managedbuilder_1.0.0.202210132147.jar:?]
	at com.xilinx.sdk.managedbuilder.XilinxGnuMakefileGenerator.regenerateMakefiles(XilinxGnuMakefileGenerator.java:75) [com.xilinx.sdk.managedbuilder_1.0.0.202210132147.jar:?]
	at org.eclipse.cdt.managedbuilder.internal.core.CommonBuilder.performMakefileGeneration(CommonBuilder.java:1006) [org.eclipse.cdt.managedbuilder.core_8.6.0.201802261533.jar:?]
	at org.eclipse.cdt.managedbuilder.internal.core.CommonBuilder.performPrebuildGeneration(CommonBuilder.java:873) [org.eclipse.cdt.managedbuilder.core_8.6.0.201802261533.jar:?]
	at org.eclipse.cdt.managedbuilder.internal.core.CommonBuilder.build(CommonBuilder.java:748) [org.eclipse.cdt.managedbuilder.core_8.6.0.201802261533.jar:?]
	at org.eclipse.cdt.managedbuilder.internal.core.CommonBuilder.build(CommonBuilder.java:513) [org.eclipse.cdt.managedbuilder.core_8.6.0.201802261533.jar:?]
	at org.eclipse.cdt.managedbuilder.internal.core.CommonBuilder.build(CommonBuilder.java:459) [org.eclipse.cdt.managedbuilder.core_8.6.0.201802261533.jar:?]
	at org.eclipse.core.internal.events.BuildManager$2.run(BuildManager.java:832) [org.eclipse.core.resources_3.13.700.v20200209-1624.jar:?]
	at org.eclipse.core.runtime.SafeRunner.run(SafeRunner.java:45) [org.eclipse.equinox.common_3.11.0.v20200206-0817.jar:?]
	at org.eclipse.core.internal.events.BuildManager.basicBuild(BuildManager.java:220) [org.eclipse.core.resources_3.13.700.v20200209-1624.jar:?]
	at org.eclipse.core.internal.events.BuildManager.basicBuild(BuildManager.java:263) [org.eclipse.core.resources_3.13.700.v20200209-1624.jar:?]
	at org.eclipse.core.internal.events.BuildManager$1.run(BuildManager.java:316) [org.eclipse.core.resources_3.13.700.v20200209-1624.jar:?]
	at org.eclipse.core.runtime.SafeRunner.run(SafeRunner.java:45) [org.eclipse.equinox.common_3.11.0.v20200206-0817.jar:?]
	at org.eclipse.core.internal.events.BuildManager.basicBuild(BuildManager.java:319) [org.eclipse.core.resources_3.13.700.v20200209-1624.jar:?]
	at org.eclipse.core.internal.events.BuildManager.basicBuildLoop(BuildManager.java:371) [org.eclipse.core.resources_3.13.700.v20200209-1624.jar:?]
	at org.eclipse.core.internal.events.BuildManager.build(BuildManager.java:392) [org.eclipse.core.resources_3.13.700.v20200209-1624.jar:?]
	at org.eclipse.core.internal.resources.Workspace.buildInternal(Workspace.java:515) [org.eclipse.core.resources_3.13.700.v20200209-1624.jar:?]
	at org.eclipse.core.internal.resources.Workspace.build(Workspace.java:405) [org.eclipse.core.resources_3.13.700.v20200209-1624.jar:?]
	at org.eclipse.ui.actions.GlobalBuildAction$1.run(GlobalBuildAction.java:180) [org.eclipse.ui.ide_3.17.0.v20200217-1511.jar:?]
	at org.eclipse.core.internal.jobs.Worker.run(Worker.java:63) [org.eclipse.core.jobs_3.10.700.v20200106-1020.jar:?]
00:40:52 INFO  : Connected to target on host '127.0.0.1' and port '3121'.
00:40:52 INFO  : Jtag cable 'RealDigital Boo 887429230142A' is selected.
00:40:52 INFO  : 'jtag frequency' command is executed.
00:40:52 INFO  : 'targets -set -filter {jtag_cable_name =~ "RealDigital Boo 887429230142A" && level==0 && jtag_device_ctx=="jsn1-0362f093-0"}' command is executed.
00:40:53 INFO  : Device configured successfully with "C:/Users/Mayank/Desktop/385/lab6/workspace/mb_blink/_ide/bitstream/mb_intro_top.bit"
00:40:53 INFO  : Context for processor 'microblaze_0' is selected.
00:40:53 INFO  : Hardware design and registers information is loaded from 'C:/Users/Mayank/Desktop/385/lab6/workspace/mb_intro_top/export/mb_intro_top/hw/mb_intro_top.xsa'.
00:40:53 INFO  : 'configparams mdm-detect-bscan-mask 2' command is executed.
00:40:53 INFO  : Context for processor 'microblaze_0' is selected.
00:40:53 INFO  : System reset is completed.
00:40:56 INFO  : 'after 3000' command is executed.
00:40:56 INFO  : Context for processor 'microblaze_0' is selected.
00:40:57 INFO  : The application 'C:/Users/Mayank/Desktop/385/lab6/workspace/mb_blink/Debug/mb_blink.elf' is downloaded to processor 'microblaze_0'.
00:40:57 INFO  : ----------------XSDB Script----------------
connect -url tcp:127.0.0.1:3121
targets -set -filter {jtag_cable_name =~ "RealDigital Boo 887429230142A" && level==0 && jtag_device_ctx=="jsn1-0362f093-0"}
fpga -file C:/Users/Mayank/Desktop/385/lab6/workspace/mb_blink/_ide/bitstream/mb_intro_top.bit
targets -set -nocase -filter {name =~ "*microblaze*#0" && bscan=="USER2" }
loadhw -hw C:/Users/Mayank/Desktop/385/lab6/workspace/mb_intro_top/export/mb_intro_top/hw/mb_intro_top.xsa -regs
configparams mdm-detect-bscan-mask 2
targets -set -nocase -filter {name =~ "*microblaze*#0" && bscan=="USER2" }
rst -system
after 3000
targets -set -nocase -filter {name =~ "*microblaze*#0" && bscan=="USER2" }
dow C:/Users/Mayank/Desktop/385/lab6/workspace/mb_blink/Debug/mb_blink.elf
----------------End of Script----------------

00:40:57 INFO  : Context for processor 'microblaze_0' is selected.
00:40:57 INFO  : 'con' command is executed.
00:40:57 INFO  : ----------------XSDB Script (After Launch)----------------
targets -set -nocase -filter {name =~ "*microblaze*#0" && bscan=="USER2" }
con
----------------End of Script----------------

00:40:57 INFO  : Disconnected from the channel tcfchan#24.
00:39:12 DEBUG : Logs will be stored at 'C:/Users/Mayank/Desktop/385/lab6/workspace/IDE.log'.
00:39:13 INFO  : Launching XSCT server: xsct.bat -n  -interactive C:\Users\Mayank\Desktop\385\lab6\workspace\temp_xsdb_launch_script.tcl
00:39:16 INFO  : Platform repository initialization has completed.
00:39:16 INFO  : Registering command handlers for Vitis TCF services
00:39:17 INFO  : XSCT server has started successfully.
00:39:17 INFO  : Successfully done setting XSCT server connection channel  
00:39:19 INFO  : plnx-install-location is set to ''
00:39:19 INFO  : Successfully done setting workspace for the tool. 
00:39:19 INFO  : Successfully done query RDI_DATADIR 
00:40:02 DEBUG : Logs will be stored at 'C:/Users/Mayank/Desktop/385/lab6/workspace/IDE.log'.
00:40:02 INFO  : Launching XSCT server: xsct.bat -n  -interactive C:\Users\Mayank\Desktop\385\lab6\workspace\temp_xsdb_launch_script.tcl
00:40:04 INFO  : XSCT server has started successfully.
00:40:05 INFO  : Successfully done setting XSCT server connection channel  
00:40:05 INFO  : plnx-install-location is set to ''
00:40:05 INFO  : Successfully done setting workspace for the tool. 
00:40:05 INFO  : Platform repository initialization has completed.
00:40:06 INFO  : Successfully done query RDI_DATADIR 
00:40:06 INFO  : Registering command handlers for Vitis TCF services
