Copyright 1986-2022 Xilinx, Inc. All Rights Reserved.
-------------------------------------------------------------------------------------------------------------------------------------------------------
| Tool Version     : Vivado v.2022.2 (win64) Build 3671981 Fri Oct 14 05:00:03 MDT 2022
| Date             : Thu Dec  7 04:03:18 2023
| Host             : LAPTOP-ULS54KHE running 64-bit major release  (build 9200)
| Command          : report_power -file Pokemon_Top_power_routed.rpt -pb Pokemon_Top_power_summary_routed.pb -rpx Pokemon_Top_power_routed.rpx
| Design           : Pokemon_Top
| Device           : xc7s50csga324-1
| Design State     : routed
| Grade            : commercial
| Process          : typical
| Characterization : Production
-------------------------------------------------------------------------------------------------------------------------------------------------------

Power Report

Table of Contents
-----------------
1. Summary
1.1 On-Chip Components
1.2 Power Supply Summary
1.3 Confidence Level
2. Settings
2.1 Environment
2.2 Clock Constraints
3. Detailed Reports
3.1 By Hierarchy

1. Summary
----------

+--------------------------+--------------+
| Total On-Chip Power (W)  | 0.483        |
| Design Power Budget (W)  | Unspecified* |
| Power Budget Margin (W)  | NA           |
| Dynamic (W)              | 0.404        |
| Device Static (W)        | 0.079        |
| Effective TJA (C/W)      | 4.9          |
| Max Ambient (C)          | 82.6         |
| Junction Temperature (C) | 27.4         |
| Confidence Level         | Low          |
| Setting File             | ---          |
| Simulation Activity File | ---          |
| Design Nets Matched      | NA           |
+--------------------------+--------------+
* Specify Design Power Budget using, set_operating_conditions -design_power_budget <value in Watts>


1.1 On-Chip Components
----------------------

+--------------------------+-----------+----------+-----------+-----------------+
| On-Chip                  | Power (W) | Used     | Available | Utilization (%) |
+--------------------------+-----------+----------+-----------+-----------------+
| Clocks                   |     0.019 |       11 |       --- |             --- |
| Slice Logic              |     0.008 |    11131 |       --- |             --- |
|   LUT as Logic           |     0.006 |     4561 |     32600 |           13.99 |
|   LUT as Distributed RAM |     0.001 |      172 |      9600 |            1.79 |
|   Register               |    <0.001 |     3924 |     65200 |            6.02 |
|   CARRY4                 |    <0.001 |      222 |      8150 |            2.72 |
|   F7/F8 Muxes            |    <0.001 |      303 |     32600 |            0.93 |
|   LUT as Shift Register  |    <0.001 |      112 |      9600 |            1.17 |
|   BUFG                   |    <0.001 |        1 |        32 |            3.13 |
|   Others                 |     0.000 |      927 |       --- |             --- |
| Signals                  |     0.013 |     8812 |       --- |             --- |
| Block RAM                |     0.010 |       75 |        75 |          100.00 |
| MMCM                     |     0.212 |        2 |         5 |           40.00 |
| DSPs                     |     0.004 |       15 |       120 |           12.50 |
| I/O                      |     0.138 |       42 |       210 |           20.00 |
| Static Power             |     0.079 |          |           |                 |
| Total                    |     0.483 |          |           |                 |
+--------------------------+-----------+----------+-----------+-----------------+


1.2 Power Supply Summary
------------------------

+-----------+-------------+-----------+-------------+------------+-------------+-------------+------------+
| Source    | Voltage (V) | Total (A) | Dynamic (A) | Static (A) | Powerup (A) | Budget (A)  | Margin (A) |
+-----------+-------------+-----------+-------------+------------+-------------+-------------+------------+
| Vccint    |       1.000 |     0.067 |       0.055 |      0.012 |       NA    | Unspecified | NA         |
| Vccaux    |       1.800 |     0.130 |       0.117 |      0.013 |       NA    | Unspecified | NA         |
| Vcco33    |       3.300 |     0.041 |       0.040 |      0.001 |       NA    | Unspecified | NA         |
| Vcco25    |       2.500 |     0.003 |       0.002 |      0.001 |       NA    | Unspecified | NA         |
| Vcco18    |       1.800 |     0.000 |       0.000 |      0.000 |       NA    | Unspecified | NA         |
| Vcco15    |       1.500 |     0.000 |       0.000 |      0.000 |       NA    | Unspecified | NA         |
| Vcco135   |       1.350 |     0.000 |       0.000 |      0.000 |       NA    | Unspecified | NA         |
| Vcco12    |       1.200 |     0.000 |       0.000 |      0.000 |       NA    | Unspecified | NA         |
| Vccaux_io |       1.800 |     0.000 |       0.000 |      0.000 |       NA    | Unspecified | NA         |
| Vccbram   |       1.000 |     0.003 |       0.001 |      0.002 |       NA    | Unspecified | NA         |
| Vccadc    |       1.800 |     0.020 |       0.000 |      0.020 |       NA    | Unspecified | NA         |
+-----------+-------------+-----------+-------------+------------+-------------+-------------+------------+


1.3 Confidence Level
--------------------

+-----------------------------+------------+--------------------------------------------------------+------------------------------------------------------------------------------------------------------------+
| User Input Data             | Confidence | Details                                                | Action                                                                                                     |
+-----------------------------+------------+--------------------------------------------------------+------------------------------------------------------------------------------------------------------------+
| Design implementation state | High       | Design is routed                                       |                                                                                                            |
| Clock nodes activity        | High       | User specified more than 95% of clocks                 |                                                                                                            |
| I/O nodes activity          | Low        | More than 75% of inputs are missing user specification | Provide missing input activity with simulation results or by editing the "By Resource Type -> I/Os" view   |
| Internal nodes activity     | Medium     | User specified less than 25% of internal nodes         | Provide missing internal nodes activity with simulation results or by editing the "By Resource Type" views |
| Device models               | High       | Device models are Production                           |                                                                                                            |
|                             |            |                                                        |                                                                                                            |
| Overall confidence level    | Low        |                                                        |                                                                                                            |
+-----------------------------+------------+--------------------------------------------------------+------------------------------------------------------------------------------------------------------------+


2. Settings
-----------

2.1 Environment
---------------

+-----------------------+--------------------------+
| Ambient Temp (C)      | 25.0                     |
| ThetaJA (C/W)         | 4.9                      |
| Airflow (LFM)         | 250                      |
| Heat Sink             | medium (Medium Profile)  |
| ThetaSA (C/W)         | 4.6                      |
| Board Selection       | medium (10"x10")         |
| # of Board Layers     | 12to15 (12 to 15 Layers) |
| Board Temperature (C) | 25.0                     |
+-----------------------+--------------------------+


2.2 Clock Constraints
---------------------

+----------------------------------------------------------+-------------------------------------------------------+-----------------+
| Clock                                                    | Domain                                                | Constraint (ns) |
+----------------------------------------------------------+-------------------------------------------------------+-----------------+
| clk_100                                                  | Clk                                                   |            10.0 |
| clk_100                                                  | Clk_IBUF_BUFG                                         |            10.0 |
| clk_out1_clk_wiz_0                                       | clk_wiz/inst/clk_out1_clk_wiz_0                       |            40.0 |
| clk_out1_mb_block_clk_wiz_1_0                            | mb_block/clk_wiz_1/inst/clk_out1_mb_block_clk_wiz_1_0 |            10.0 |
| clk_out2_clk_wiz_0                                       | clk_wiz/inst/clk_out2_clk_wiz_0                       |             8.0 |
| clkfbout_clk_wiz_0                                       | clk_wiz/inst/clkfbout_clk_wiz_0                       |            10.0 |
| clkfbout_mb_block_clk_wiz_1_0                            | mb_block/clk_wiz_1/inst/clkfbout_mb_block_clk_wiz_1_0 |            10.0 |
| mb_block/mdm_1/U0/Use_E2.BSCAN_I/Use_E2.BSCANE2_I/DRCK   | mb_block/mdm_1/U0/Use_E2.BSCAN_I/DRCK                 |            33.3 |
| mb_block/mdm_1/U0/Use_E2.BSCAN_I/Use_E2.BSCANE2_I/UPDATE | mb_block/mdm_1/U0/Use_E2.BSCAN_I/Dbg_Update_0         |            33.3 |
+----------------------------------------------------------+-------------------------------------------------------+-----------------+


3. Detailed Reports
-------------------

3.1 By Hierarchy
----------------

+-----------------------------+-----------+
| Name                        | Power (W) |
+-----------------------------+-----------+
| Pokemon_Top                 |     0.404 |
|   clk_wiz                   |     0.106 |
|     inst                    |     0.106 |
|   color_instance            |     0.003 |
|   mb_block                  |     0.137 |
|     clk_wiz_1               |     0.106 |
|       inst                  |     0.106 |
|     hdmi_text_controller_0  |     0.003 |
|       inst                  |     0.003 |
|     microblaze_0            |     0.016 |
|       U0                    |     0.016 |
|     microblaze_0_axi_intc   |     0.001 |
|       U0                    |     0.001 |
|     microblaze_0_axi_periph |     0.001 |
|       xbar                  |     0.001 |
|     spi_usb                 |     0.004 |
|       U0                    |     0.004 |
|     timer_usb_axi           |     0.002 |
|       U0                    |     0.002 |
|   sprites                   |     0.014 |
|     U0                      |     0.014 |
|       inst_blk_mem_gen      |     0.014 |
|   vga                       |     0.001 |
|   vga_to_hdmi               |     0.133 |
|     inst                    |     0.133 |
+-----------------------------+-----------+


