INFO: [VRFC 10-163] Analyzing VHDL file "C:/Users/Mayank/Desktop/385/lab6/lab6.ip_user_files/bd/mb_usb/ip/mb_usb_microblaze_0_0/sim/mb_usb_microblaze_0_0.vhd" into library xil_defaultlib
INFO: [VRFC 10-3107] analyzing entity 'mb_usb_microblaze_0_0'
INFO: [VRFC 10-163] Analyzing VHDL file "C:/Users/Mayank/Desktop/385/lab6/lab6.ip_user_files/bd/mb_usb/ip/mb_usb_dlmb_v10_0/sim/mb_usb_dlmb_v10_0.vhd" into library xil_defaultlib
INFO: [VRFC 10-3107] analyzing entity 'mb_usb_dlmb_v10_0'
INFO: [VRFC 10-163] Analyzing VHDL file "C:/Users/Mayank/Desktop/385/lab6/lab6.ip_user_files/bd/mb_usb/ip/mb_usb_ilmb_v10_0/sim/mb_usb_ilmb_v10_0.vhd" into library xil_defaultlib
INFO: [VRFC 10-3107] analyzing entity 'mb_usb_ilmb_v10_0'
INFO: [VRFC 10-163] Analyzing VHDL file "C:/Users/Mayank/Desktop/385/lab6/lab6.ip_user_files/bd/mb_usb/ip/mb_usb_dlmb_bram_if_cntlr_0/sim/mb_usb_dlmb_bram_if_cntlr_0.vhd" into library xil_defaultlib
INFO: [VRFC 10-3107] analyzing entity 'mb_usb_dlmb_bram_if_cntlr_0'
INFO: [VRFC 10-163] Analyzing VHDL file "C:/Users/Mayank/Desktop/385/lab6/lab6.ip_user_files/bd/mb_usb/ip/mb_usb_ilmb_bram_if_cntlr_0/sim/mb_usb_ilmb_bram_if_cntlr_0.vhd" into library xil_defaultlib
INFO: [VRFC 10-3107] analyzing entity 'mb_usb_ilmb_bram_if_cntlr_0'
INFO: [VRFC 10-163] Analyzing VHDL file "C:/Users/Mayank/Desktop/385/lab6/lab6.ip_user_files/bd/mb_usb/ip/mb_usb_microblaze_0_axi_intc_0/sim/mb_usb_microblaze_0_axi_intc_0.vhd" into library xil_defaultlib
INFO: [VRFC 10-3107] analyzing entity 'mb_usb_microblaze_0_axi_intc_0'
INFO: [VRFC 10-163] Analyzing VHDL file "C:/Users/Mayank/Desktop/385/lab6/lab6.ip_user_files/bd/mb_usb/ip/mb_usb_mdm_1_0/sim/mb_usb_mdm_1_0.vhd" into library xil_defaultlib
INFO: [VRFC 10-3107] analyzing entity 'mb_usb_mdm_1_0'
INFO: [VRFC 10-163] Analyzing VHDL file "C:/Users/Mayank/Desktop/385/lab6/lab6.ip_user_files/bd/mb_usb/ip/mb_usb_rst_clk_wiz_1_100M_0/sim/mb_usb_rst_clk_wiz_1_100M_0.vhd" into library xil_defaultlib
INFO: [VRFC 10-3107] analyzing entity 'mb_usb_rst_clk_wiz_1_100M_0'
INFO: [VRFC 10-163] Analyzing VHDL file "C:/Users/Mayank/Desktop/385/lab6/lab6.ip_user_files/bd/mb_usb/ip/mb_usb_axi_uartlite_0_0/sim/mb_usb_axi_uartlite_0_0.vhd" into library xil_defaultlib
INFO: [VRFC 10-3107] analyzing entity 'mb_usb_axi_uartlite_0_0'
INFO: [VRFC 10-163] Analyzing VHDL file "C:/Users/Mayank/Desktop/385/lab6/lab6.ip_user_files/bd/mb_usb/ip/mb_usb_gpio_usb_keycode_0/sim/mb_usb_gpio_usb_keycode_0.vhd" into library xil_defaultlib
INFO: [VRFC 10-3107] analyzing entity 'mb_usb_gpio_usb_keycode_0'
INFO: [VRFC 10-163] Analyzing VHDL file "C:/Users/Mayank/Desktop/385/lab6/lab6.ip_user_files/bd/mb_usb/ip/mb_usb_gpio_usb_rst_0/sim/mb_usb_gpio_usb_rst_0.vhd" into library xil_defaultlib
INFO: [VRFC 10-3107] analyzing entity 'mb_usb_gpio_usb_rst_0'
INFO: [VRFC 10-163] Analyzing VHDL file "C:/Users/Mayank/Desktop/385/lab6/lab6.ip_user_files/bd/mb_usb/ip/mb_usb_gpio_usb_int_0/sim/mb_usb_gpio_usb_int_0.vhd" into library xil_defaultlib
INFO: [VRFC 10-3107] analyzing entity 'mb_usb_gpio_usb_int_0'
INFO: [VRFC 10-163] Analyzing VHDL file "C:/Users/Mayank/Desktop/385/lab6/lab6.ip_user_files/bd/mb_usb/ip/mb_usb_timer_usb_axi_0/sim/mb_usb_timer_usb_axi_0.vhd" into library xil_defaultlib
INFO: [VRFC 10-3107] analyzing entity 'mb_usb_timer_usb_axi_0'
INFO: [VRFC 10-163] Analyzing VHDL file "C:/Users/Mayank/Desktop/385/lab6/lab6.ip_user_files/bd/mb_usb/ip/mb_usb_spi_usb_0/sim/mb_usb_spi_usb_0.vhd" into library xil_defaultlib
INFO: [VRFC 10-3107] analyzing entity 'mb_usb_spi_usb_0'
