INFO: [VRFC 10-2263] Analyzing Verilog file "C:/Users/Mayank/Desktop/385/lab6/lab6.gen/sources_1/ip/hdmi_tx_0/hdl/encode.v" into library xil_defaultlib
INFO: [VRFC 10-311] analyzing module encode
INFO: [VRFC 10-2263] Analyzing Verilog file "C:/Users/Mayank/Desktop/385/lab6/lab6.gen/sources_1/ip/hdmi_tx_0/hdl/serdes_10_to_1.v" into library xil_defaultlib
INFO: [VRFC 10-311] analyzing module serdes_10_to_1
INFO: [VRFC 10-2263] Analyzing Verilog file "C:/Users/Mayank/Desktop/385/lab6/lab6.gen/sources_1/ip/hdmi_tx_0/hdl/srldelay.v" into library xil_defaultlib
INFO: [VRFC 10-311] analyzing module srldelay
INFO: [VRFC 10-2263] Analyzing Verilog file "C:/Users/Mayank/Desktop/385/lab6/lab6.gen/sources_1/ip/hdmi_tx_0/hdl/hdmi_tx_v1_0.v" into library xil_defaultlib
INFO: [VRFC 10-311] analyzing module hdmi_tx_v1_0
INFO: [VRFC 10-2263] Analyzing Verilog file "C:/Users/Mayank/Desktop/385/lab6/lab6.gen/sources_1/ip/hdmi_tx_0/sim/hdmi_tx_0.v" into library xil_defaultlib
INFO: [VRFC 10-311] analyzing module hdmi_tx_0
INFO: [VRFC 10-2263] Analyzing Verilog file "C:/Users/Mayank/Desktop/385/lab6/lab6.gen/sources_1/ip/clk_wiz_0/clk_wiz_0_clk_wiz.v" into library xil_defaultlib
INFO: [VRFC 10-311] analyzing module clk_wiz_0_clk_wiz
INFO: [VRFC 10-2263] Analyzing Verilog file "C:/Users/Mayank/Desktop/385/lab6/lab6.gen/sources_1/ip/clk_wiz_0/clk_wiz_0.v" into library xil_defaultlib
INFO: [VRFC 10-311] analyzing module clk_wiz_0
INFO: [VRFC 10-2263] Analyzing Verilog file "C:/Users/Mayank/Desktop/385/lab6/lab6.ip_user_files/bd/mb_usb/ip/mb_usb_lmb_bram_0/sim/mb_usb_lmb_bram_0.v" into library xil_defaultlib
INFO: [VRFC 10-311] analyzing module mb_usb_lmb_bram_0
INFO: [VRFC 10-2263] Analyzing Verilog file "C:/Users/Mayank/Desktop/385/lab6/lab6.ip_user_files/bd/mb_usb/ip/mb_usb_xbar_0/sim/mb_usb_xbar_0.v" into library xil_defaultlib
INFO: [VRFC 10-311] analyzing module mb_usb_xbar_0
INFO: [VRFC 10-2263] Analyzing Verilog file "C:/Users/Mayank/Desktop/385/lab6/lab6.ip_user_files/bd/mb_usb/ip/mb_usb_clk_wiz_1_0/mb_usb_clk_wiz_1_0_clk_wiz.v" into library xil_defaultlib
INFO: [VRFC 10-311] analyzing module mb_usb_clk_wiz_1_0_clk_wiz
INFO: [VRFC 10-2263] Analyzing Verilog file "C:/Users/Mayank/Desktop/385/lab6/lab6.ip_user_files/bd/mb_usb/ip/mb_usb_clk_wiz_1_0/mb_usb_clk_wiz_1_0.v" into library xil_defaultlib
INFO: [VRFC 10-311] analyzing module mb_usb_clk_wiz_1_0
INFO: [VRFC 10-2263] Analyzing Verilog file "C:/Users/Mayank/Desktop/385/lab6/lab6.ip_user_files/bd/mb_usb/ip/mb_usb_xlconcat_0_0/sim/mb_usb_xlconcat_0_0.v" into library xil_defaultlib
INFO: [VRFC 10-311] analyzing module mb_usb_xlconcat_0_0
INFO: [VRFC 10-2263] Analyzing Verilog file "C:/Users/Mayank/Desktop/385/lab6/lab6.ip_user_files/bd/mb_usb/sim/mb_usb.v" into library xil_defaultlib
INFO: [VRFC 10-311] analyzing module m00_couplers_imp_1CNVJ1L
INFO: [VRFC 10-311] analyzing module m01_couplers_imp_ADY9K
INFO: [VRFC 10-311] analyzing module m02_couplers_imp_BB516Y
INFO: [VRFC 10-311] analyzing module m03_couplers_imp_11D4JQ3
INFO: [VRFC 10-311] analyzing module m04_couplers_imp_Y7VWKU
INFO: [VRFC 10-311] analyzing module m05_couplers_imp_1N5X0ZJ
INFO: [VRFC 10-311] analyzing module m06_couplers_imp_1Y6O2J1
INFO: [VRFC 10-311] analyzing module mb_usb
INFO: [VRFC 10-311] analyzing module mb_usb_microblaze_0_axi_periph_0
INFO: [VRFC 10-311] analyzing module microblaze_0_local_memory_imp_4XV58R
INFO: [VRFC 10-311] analyzing module s00_couplers_imp_16FJ1YW
INFO: [VRFC 10-2263] Analyzing SystemVerilog file "C:/Users/Mayank/Desktop/385/lab6/lab6.srcs/sources_1/imports/design_source/Color_Mapper.sv" into library xil_defaultlib
INFO: [VRFC 10-311] analyzing module color_mapper
INFO: [VRFC 10-2263] Analyzing SystemVerilog file "C:/Users/Mayank/Desktop/385/lab6/lab6.srcs/sources_1/imports/design_source/VGA_controller.sv" into library xil_defaultlib
INFO: [VRFC 10-311] analyzing module vga_controller
INFO: [VRFC 10-2263] Analyzing SystemVerilog file "C:/Users/Mayank/Desktop/385/lab6/lab6.srcs/sources_1/imports/design_source/ball.sv" into library xil_defaultlib
INFO: [VRFC 10-311] analyzing module ball
INFO: [VRFC 10-2263] Analyzing SystemVerilog file "C:/Users/Mayank/Desktop/385/lab6/lab6.srcs/sources_1/imports/design_source/hex.sv" into library xil_defaultlib
INFO: [VRFC 10-311] analyzing module HexDriver
INFO: [VRFC 10-311] analyzing module nibble_to_hex
INFO: [VRFC 10-2263] Analyzing SystemVerilog file "C:/Users/Mayank/Desktop/385/lab6/lab6.srcs/sources_1/imports/design_source/mb_usb_hdmi_top.sv" into library xil_defaultlib
INFO: [VRFC 10-311] analyzing module mb_usb_hdmi_top
INFO: [VRFC 10-2263] Analyzing Verilog file "C:/Users/Mayank/Desktop/385/lab6/lab6.sim/sim_1/behav/xsim/glbl.v" into library xil_defaultlib
INFO: [VRFC 10-311] analyzing module glbl
