18:00:18 DEBUG : Logs will be stored at 'C:/Users/klok1/Documents/ECE385_DDR3/workspace/IDE.log'.
18:00:21 INFO  : Platform repository initialization has completed.
18:00:21 INFO  : Launching XSCT server: xsct.bat -n  -interactive C:\Users\klok1\Documents\ECE385_DDR3\workspace\temp_xsdb_launch_script.tcl
18:00:21 INFO  : Registering command handlers for Vitis TCF services
18:00:26 INFO  : XSCT server has started successfully.
18:00:32 INFO  : Successfully done setting XSCT server connection channel  
18:00:32 INFO  : plnx-install-location is set to ''
18:00:32 INFO  : Successfully done query RDI_DATADIR 
18:00:32 INFO  : Successfully done setting workspace for the tool. 
18:00:57 INFO  : Result from executing command 'getProjects': mb_ddr3_top
18:00:57 INFO  : Result from executing command 'getPlatforms': 
18:00:57 WARN  : An unexpected exception occurred in the module 'platform project logging'
18:00:58 INFO  : Platform 'mb_ddr3_top' is added to custom repositories.
18:01:01 INFO  : Platform 'mb_ddr3_top' is added to custom repositories.
18:01:27 INFO  : Hardware specification for platform project 'mb_ddr3_top' is updated.
18:01:41 INFO  : Result from executing command 'removePlatformRepo': 
18:02:00 INFO  : Result from executing command 'getProjects': mb_ddr3_top
18:02:00 INFO  : Result from executing command 'getPlatforms': 
18:02:00 INFO  : Checking for BSP changes to sync application flags for project 'ECE385_DDR3'...
18:02:21 INFO  : Connected to target on host '127.0.0.1' and port '3121'.
18:02:21 INFO  : Jtag cable 'RealDigital Boo 887429230108A' is selected.
18:02:21 INFO  : 'jtag frequency' command is executed.
18:02:22 INFO  : 'targets -set -filter {jtag_cable_name =~ "RealDigital Boo 887429230108A" && level==0 && jtag_device_ctx=="jsn1-0362f093-0"}' command is executed.
18:02:23 INFO  : Device configured successfully with "C:/Users/klok1/Documents/ECE385_DDR3/workspace/ECE385_DDR3/_ide/bitstream/mb_ddr3_top.bit"
18:02:23 INFO  : Context for processor 'microblaze_0' is selected.
18:02:23 INFO  : Hardware design and registers information is loaded from 'C:/Users/klok1/Documents/ECE385_DDR3/workspace/mb_ddr3_top/export/mb_ddr3_top/hw/mb_ddr3_top.xsa'.
18:02:23 INFO  : 'configparams mdm-detect-bscan-mask 2' command is executed.
18:02:23 INFO  : Context for processor 'microblaze_0' is selected.
18:02:23 INFO  : System reset is completed.
18:02:26 INFO  : 'after 3000' command is executed.
18:02:26 INFO  : Context for processor 'microblaze_0' is selected.
18:02:26 ERROR : Cannot stop MicroBlaze. Stalled on instruction fetch. PC=0x0
18:02:26 INFO  : ----------------XSDB Script----------------
connect -url tcp:127.0.0.1:3121
targets -set -filter {jtag_cable_name =~ "RealDigital Boo 887429230108A" && level==0 && jtag_device_ctx=="jsn1-0362f093-0"}
fpga -file C:/Users/klok1/Documents/ECE385_DDR3/workspace/ECE385_DDR3/_ide/bitstream/mb_ddr3_top.bit
targets -set -nocase -filter {name =~ "*microblaze*#0" && bscan=="USER2" }
loadhw -hw C:/Users/klok1/Documents/ECE385_DDR3/workspace/mb_ddr3_top/export/mb_ddr3_top/hw/mb_ddr3_top.xsa -regs
configparams mdm-detect-bscan-mask 2
targets -set -nocase -filter {name =~ "*microblaze*#0" && bscan=="USER2" }
rst -system
after 3000
targets -set -nocase -filter {name =~ "*microblaze*#0" && bscan=="USER2" }
dow C:/Users/klok1/Documents/ECE385_DDR3/workspace/ECE385_DDR3/Debug/ECE385_DDR3.elf
----------------End of Script----------------

18:02:26 ERROR : Cannot stop MicroBlaze. Stalled on instruction fetch. PC=0x0
12:13:46 DEBUG : Logs will be stored at 'C:/Users/klok1/Documents/ECE385_DDR3/workspace/IDE.log'.
12:13:47 INFO  : Launching XSCT server: xsct.bat -n  -interactive C:\Users\klok1\Documents\ECE385_DDR3\workspace\temp_xsdb_launch_script.tcl
12:13:52 INFO  : Platform repository initialization has completed.
12:13:52 INFO  : Registering command handlers for Vitis TCF services
12:13:53 INFO  : XSCT server has started successfully.
12:13:53 INFO  : plnx-install-location is set to ''
12:13:59 INFO  : Successfully done setting XSCT server connection channel  
12:13:59 INFO  : Successfully done query RDI_DATADIR 
12:13:59 INFO  : Successfully done setting workspace for the tool. 
12:14:35 INFO  : Hardware specification for platform project 'mb_ddr3_top' is updated.
12:15:00 INFO  : Result from executing command 'removePlatformRepo': 
12:15:22 INFO  : Hardware specification for platform project 'mb_ddr3_top' is updated.
12:15:31 ERROR : Error from executing command 'removePlatformRepo': ERROR: No valid directory exists at given path.
12:16:04 INFO  : Result from executing command 'getProjects': mb_ddr3_top
12:16:04 INFO  : Result from executing command 'getPlatforms': 
12:16:04 INFO  : Checking for BSP changes to sync application flags for project 'ECE385_DDR3'...
12:16:29 INFO  : Connected to target on host '127.0.0.1' and port '3121'.
12:16:30 INFO  : Jtag cable 'RealDigital Boo 887429230108A' is selected.
12:16:30 INFO  : 'jtag frequency' command is executed.
12:16:30 INFO  : 'targets -set -filter {jtag_cable_name =~ "RealDigital Boo 887429230108A" && level==0 && jtag_device_ctx=="jsn1-0362f093-0"}' command is executed.
12:16:31 INFO  : Device configured successfully with "C:/Users/klok1/Documents/ECE385_DDR3/workspace/ECE385_DDR3/_ide/bitstream/mb_ddr3_top.bit"
12:16:31 INFO  : Context for processor 'microblaze_0' is selected.
12:16:31 INFO  : Hardware design and registers information is loaded from 'C:/Users/klok1/Documents/ECE385_DDR3/workspace/mb_ddr3_top/export/mb_ddr3_top/hw/mb_ddr3_top.xsa'.
12:16:31 INFO  : 'configparams mdm-detect-bscan-mask 2' command is executed.
12:16:31 INFO  : Context for processor 'microblaze_0' is selected.
12:16:31 INFO  : System reset is completed.
12:16:34 INFO  : 'after 3000' command is executed.
12:16:34 INFO  : Context for processor 'microblaze_0' is selected.
12:16:34 ERROR : Cannot stop MicroBlaze. Stalled on instruction fetch. PC=0x0
12:16:34 INFO  : ----------------XSDB Script----------------
connect -url tcp:127.0.0.1:3121
targets -set -filter {jtag_cable_name =~ "RealDigital Boo 887429230108A" && level==0 && jtag_device_ctx=="jsn1-0362f093-0"}
fpga -file C:/Users/klok1/Documents/ECE385_DDR3/workspace/ECE385_DDR3/_ide/bitstream/mb_ddr3_top.bit
targets -set -nocase -filter {name =~ "*microblaze*#0" && bscan=="USER2" }
loadhw -hw C:/Users/klok1/Documents/ECE385_DDR3/workspace/mb_ddr3_top/export/mb_ddr3_top/hw/mb_ddr3_top.xsa -regs
configparams mdm-detect-bscan-mask 2
targets -set -nocase -filter {name =~ "*microblaze*#0" && bscan=="USER2" }
rst -system
after 3000
targets -set -nocase -filter {name =~ "*microblaze*#0" && bscan=="USER2" }
dow C:/Users/klok1/Documents/ECE385_DDR3/workspace/ECE385_DDR3/Debug/ECE385_DDR3.elf
----------------End of Script----------------

12:16:34 ERROR : Cannot stop MicroBlaze. Stalled on instruction fetch. PC=0x0
12:35:25 INFO  : Hardware specification for platform project 'mb_ddr3_top' is updated.
12:35:35 INFO  : Result from executing command 'removePlatformRepo': 
12:35:53 INFO  : Result from executing command 'getProjects': mb_ddr3_top
12:35:53 INFO  : Result from executing command 'getPlatforms': 
12:35:53 INFO  : Checking for BSP changes to sync application flags for project 'ECE385_DDR3'...
12:35:58 INFO  : The hardware specification used by project 'ECE385_DDR3' is out of sync with the platform. Resource files extracted from the hardware specification will be updated.
12:35:58 INFO  : The file 'C:\Users\klok1\Documents\ECE385_DDR3\workspace\ECE385_DDR3\_ide\bitstream\mb_ddr3_top.bit' stored in project is removed.
12:35:58 INFO  : The updated bitstream files are copied from platform to folder 'C:\Users\klok1\Documents\ECE385_DDR3\workspace\ECE385_DDR3\_ide\bitstream' in project 'ECE385_DDR3'.
12:36:27 INFO  : Connected to target on host '127.0.0.1' and port '3121'.
12:36:27 INFO  : Jtag cable 'RealDigital Boo 887429230108A' is selected.
12:36:27 INFO  : 'jtag frequency' command is executed.
12:36:27 INFO  : 'targets -set -filter {jtag_cable_name =~ "RealDigital Boo 887429230108A" && level==0 && jtag_device_ctx=="jsn1-0362f093-0"}' command is executed.
12:36:28 INFO  : Device configured successfully with "C:/Users/klok1/Documents/ECE385_DDR3/workspace/ECE385_DDR3/_ide/bitstream/mb_ddr3_top.bit"
12:36:29 INFO  : Context for processor 'microblaze_0' is selected.
12:36:29 INFO  : Hardware design and registers information is loaded from 'C:/Users/klok1/Documents/ECE385_DDR3/workspace/mb_ddr3_top/export/mb_ddr3_top/hw/mb_ddr3_top.xsa'.
12:36:29 INFO  : 'configparams mdm-detect-bscan-mask 2' command is executed.
12:36:29 INFO  : Context for processor 'microblaze_0' is selected.
12:36:29 INFO  : System reset is completed.
12:36:32 INFO  : 'after 3000' command is executed.
12:36:32 INFO  : Context for processor 'microblaze_0' is selected.
12:36:32 ERROR : Memory write error at 0x80000000. MicroBlaze instruction insert overrun
12:36:32 INFO  : ----------------XSDB Script----------------
connect -url tcp:127.0.0.1:3121
targets -set -filter {jtag_cable_name =~ "RealDigital Boo 887429230108A" && level==0 && jtag_device_ctx=="jsn1-0362f093-0"}
fpga -file C:/Users/klok1/Documents/ECE385_DDR3/workspace/ECE385_DDR3/_ide/bitstream/mb_ddr3_top.bit
targets -set -nocase -filter {name =~ "*microblaze*#0" && bscan=="USER2" }
loadhw -hw C:/Users/klok1/Documents/ECE385_DDR3/workspace/mb_ddr3_top/export/mb_ddr3_top/hw/mb_ddr3_top.xsa -regs
configparams mdm-detect-bscan-mask 2
targets -set -nocase -filter {name =~ "*microblaze*#0" && bscan=="USER2" }
rst -system
after 3000
targets -set -nocase -filter {name =~ "*microblaze*#0" && bscan=="USER2" }
dow C:/Users/klok1/Documents/ECE385_DDR3/workspace/ECE385_DDR3/Debug/ECE385_DDR3.elf
----------------End of Script----------------

12:36:32 ERROR : Memory write error at 0x80000000. MicroBlaze instruction insert overrun
12:41:53 INFO  : Result from executing command 'getProjects': mb_ddr3_top;mb_ddr3_top_1
12:41:53 INFO  : Result from executing command 'getPlatforms': mb_ddr3_top|C:/Users/klok1/Documents/ECE385_DDR3/workspace/mb_ddr3_top/export/mb_ddr3_top/mb_ddr3_top.xpfm
12:41:53 INFO  : Platform 'mb_ddr3_top_1' is added to custom repositories.
12:41:55 INFO  : Platform 'mb_ddr3_top_1' is added to custom repositories.
12:42:14 INFO  : Hardware specification for platform project 'mb_ddr3_top_1' is updated.
12:42:44 INFO  : Result from executing command 'removePlatformRepo': 
12:42:49 INFO  : Result from executing command 'removePlatformRepo': 
12:43:02 INFO  : Result from executing command 'getProjects': mb_ddr3_top;mb_ddr3_top_1
12:43:02 INFO  : Result from executing command 'getPlatforms': 
12:43:02 INFO  : Checking for BSP changes to sync application flags for project 'ECE385_DDR3'...
12:43:16 INFO  : Result from executing command 'getProjects': mb_ddr3_top;mb_ddr3_top_1
12:43:16 INFO  : Result from executing command 'getPlatforms': mb_ddr3_top|C:/Users/klok1/Documents/ECE385_DDR3/workspace/mb_ddr3_top/export/mb_ddr3_top/mb_ddr3_top.xpfm
12:43:16 INFO  : Checking for BSP changes to sync application flags for project 'ECE_DDR3_1'...
12:43:57 INFO  : Connected to target on host '127.0.0.1' and port '3121'.
12:43:57 INFO  : Jtag cable 'RealDigital Boo 887429230108A' is selected.
12:43:57 INFO  : 'jtag frequency' command is executed.
12:43:57 INFO  : 'targets -set -filter {jtag_cable_name =~ "RealDigital Boo 887429230108A" && level==0 && jtag_device_ctx=="jsn1-0362f093-0"}' command is executed.
12:43:59 INFO  : Device configured successfully with "C:/Users/klok1/Documents/ECE385_DDR3/workspace/ECE_DDR3_1/_ide/bitstream/mb_ddr3_top.bit"
12:43:59 INFO  : Context for processor 'microblaze_0' is selected.
12:43:59 INFO  : Hardware design and registers information is loaded from 'C:/Users/klok1/Documents/ECE385_DDR3/workspace/mb_ddr3_top_1/export/mb_ddr3_top_1/hw/mb_ddr3_top.xsa'.
12:43:59 INFO  : 'configparams mdm-detect-bscan-mask 2' command is executed.
12:43:59 INFO  : Context for processor 'microblaze_0' is selected.
12:43:59 INFO  : System reset is completed.
12:44:02 INFO  : 'after 3000' command is executed.
12:44:02 INFO  : Context for processor 'microblaze_0' is selected.
12:44:02 INFO  : The application 'C:/Users/klok1/Documents/ECE385_DDR3/workspace/ECE_DDR3_1/Debug/ECE_DDR3_1.elf' is downloaded to processor 'microblaze_0'.
12:44:02 INFO  : ----------------XSDB Script----------------
connect -url tcp:127.0.0.1:3121
targets -set -filter {jtag_cable_name =~ "RealDigital Boo 887429230108A" && level==0 && jtag_device_ctx=="jsn1-0362f093-0"}
fpga -file C:/Users/klok1/Documents/ECE385_DDR3/workspace/ECE_DDR3_1/_ide/bitstream/mb_ddr3_top.bit
targets -set -nocase -filter {name =~ "*microblaze*#0" && bscan=="USER2" }
loadhw -hw C:/Users/klok1/Documents/ECE385_DDR3/workspace/mb_ddr3_top_1/export/mb_ddr3_top_1/hw/mb_ddr3_top.xsa -regs
configparams mdm-detect-bscan-mask 2
targets -set -nocase -filter {name =~ "*microblaze*#0" && bscan=="USER2" }
rst -system
after 3000
targets -set -nocase -filter {name =~ "*microblaze*#0" && bscan=="USER2" }
dow C:/Users/klok1/Documents/ECE385_DDR3/workspace/ECE_DDR3_1/Debug/ECE_DDR3_1.elf
----------------End of Script----------------

12:44:02 INFO  : Context for processor 'microblaze_0' is selected.
12:44:02 INFO  : 'con' command is executed.
12:44:02 INFO  : ----------------XSDB Script (After Launch)----------------
targets -set -nocase -filter {name =~ "*microblaze*#0" && bscan=="USER2" }
con
----------------End of Script----------------

12:44:02 INFO  : Disconnected from the channel tcfchan#4.
14:20:54 DEBUG : Logs will be stored at 'C:/Users/klok1/Documents/ECE385_DDR3/workspace/IDE.log'.
14:20:56 INFO  : Launching XSCT server: xsct.bat -n  -interactive C:\Users\klok1\Documents\ECE385_DDR3\workspace\temp_xsdb_launch_script.tcl
14:21:02 INFO  : XSCT server has started successfully.
14:21:02 INFO  : plnx-install-location is set to ''
14:21:02 INFO  : Successfully done setting XSCT server connection channel  
14:21:02 INFO  : Successfully done setting workspace for the tool. 
14:21:03 INFO  : Registering command handlers for Vitis TCF services
14:21:03 INFO  : Platform repository initialization has completed.
14:21:06 INFO  : Successfully done query RDI_DATADIR 
14:22:23 INFO  : Result from executing command 'removePlatformRepo': 
14:22:34 INFO  : Hardware specification for platform project 'mb_ddr3_top_1' is updated.
14:23:17 ERROR : Error from executing command 'removePlatformRepo': ERROR: No valid directory exists at given path.
14:23:39 INFO  : Result from executing command 'getProjects': mb_ddr3_top_1
14:23:39 INFO  : Result from executing command 'getPlatforms': 
14:23:40 INFO  : Checking for BSP changes to sync application flags for project 'ECE_DDR3_1'...
14:23:52 INFO  : Connected to target on host '127.0.0.1' and port '3121'.
14:23:53 INFO  : Jtag cable 'RealDigital Boo 887429230108A' is selected.
14:23:53 INFO  : 'jtag frequency' command is executed.
14:23:53 INFO  : 'targets -set -filter {jtag_cable_name =~ "RealDigital Boo 887429230108A" && level==0 && jtag_device_ctx=="jsn1-0362f093-0"}' command is executed.
14:23:54 INFO  : Device configured successfully with "C:/Users/klok1/Documents/ECE385_DDR3/workspace/ECE_DDR3_1/_ide/bitstream/mb_ddr3_top.bit"
14:23:54 INFO  : Context for processor 'microblaze_0' is selected.
14:23:54 INFO  : Hardware design and registers information is loaded from 'C:/Users/klok1/Documents/ECE385_DDR3/workspace/mb_ddr3_top_1/export/mb_ddr3_top_1/hw/mb_ddr3_top.xsa'.
14:23:54 INFO  : 'configparams mdm-detect-bscan-mask 2' command is executed.
14:23:55 INFO  : Context for processor 'microblaze_0' is selected.
14:23:55 INFO  : System reset is completed.
14:23:58 INFO  : 'after 3000' command is executed.
14:23:58 INFO  : Context for processor 'microblaze_0' is selected.
14:23:58 INFO  : The application 'C:/Users/klok1/Documents/ECE385_DDR3/workspace/ECE_DDR3_1/Debug/ECE_DDR3_1.elf' is downloaded to processor 'microblaze_0'.
14:23:58 INFO  : ----------------XSDB Script----------------
connect -url tcp:127.0.0.1:3121
targets -set -filter {jtag_cable_name =~ "RealDigital Boo 887429230108A" && level==0 && jtag_device_ctx=="jsn1-0362f093-0"}
fpga -file C:/Users/klok1/Documents/ECE385_DDR3/workspace/ECE_DDR3_1/_ide/bitstream/mb_ddr3_top.bit
targets -set -nocase -filter {name =~ "*microblaze*#0" && bscan=="USER2" }
loadhw -hw C:/Users/klok1/Documents/ECE385_DDR3/workspace/mb_ddr3_top_1/export/mb_ddr3_top_1/hw/mb_ddr3_top.xsa -regs
configparams mdm-detect-bscan-mask 2
targets -set -nocase -filter {name =~ "*microblaze*#0" && bscan=="USER2" }
rst -system
after 3000
targets -set -nocase -filter {name =~ "*microblaze*#0" && bscan=="USER2" }
dow C:/Users/klok1/Documents/ECE385_DDR3/workspace/ECE_DDR3_1/Debug/ECE_DDR3_1.elf
----------------End of Script----------------

14:23:58 INFO  : Context for processor 'microblaze_0' is selected.
14:23:58 INFO  : 'con' command is executed.
14:23:58 INFO  : ----------------XSDB Script (After Launch)----------------
targets -set -nocase -filter {name =~ "*microblaze*#0" && bscan=="USER2" }
con
----------------End of Script----------------

14:23:58 INFO  : Disconnected from the channel tcfchan#4.
